#
# There is insufficient memory for the Java Runtime Environment to continue.
# Native memory allocation (malloc) failed to allocate 235504 bytes. Error detail: Chunk::new
# Possible reasons:
#   The system is out of physical RAM or swap space
#   This process is running with CompressedOops enabled, and the Java Heap may be blocking the growth of the native heap
# Possible solutions:
#   Reduce memory load on the system
#   Increase physical memory or swap space
#   Check if swap backing store is full
#   Decrease Java heap size (-Xmx/-Xms)
#   Decrease number of Java threads
#   Decrease Java thread stack sizes (-Xss)
#   Set larger code cache with -XX:ReservedCodeCacheSize=
#   JVM is running with Unscaled Compressed Oops mode in which the Java heap is
#     placed in the first 4GB address space. The Java Heap base address is the
#     maximum limit for the native heap growth. Please use -XX:HeapBaseMinAddress
#     to set the Java Heap base and to place the Java Heap above 4GB virtual address.
# This output file may be truncated or incomplete.
#
#  Out of Memory Error (arena.cpp:168), pid=21032, tid=23116
#
# JRE version: OpenJDK Runtime Environment Temurin-21.0.8+9 (21.0.8+9) (build 21.0.8+9-LTS)
# Java VM: OpenJDK 64-Bit Server VM Temurin-21.0.8+9 (21.0.8+9-LTS, mixed mode, sharing, tiered, compressed oops, compressed class ptrs, parallel gc, windows-amd64)
# No core dump will be written. Minidumps are not enabled by default on client versions of Windows
#

---------------  S U M M A R Y ------------

Command Line: --add-modules=ALL-SYSTEM --add-opens=java.base/java.util=ALL-UNNAMED --add-opens=java.base/java.lang=ALL-UNNAMED --add-opens=java.base/sun.nio.fs=ALL-UNNAMED -Declipse.application=org.eclipse.jdt.ls.core.id1 -Dosgi.bundles.defaultStartLevel=4 -Declipse.product=org.eclipse.jdt.ls.core.product -Djava.import.generatesMetadataFilesAtProjectRoot=false -DDetectVMInstallationsJob.disabled=true -Dfile.encoding=utf8 -XX:+UseParallelGC -XX:GCTimeRatio=4 -XX:AdaptiveSizePolicyWeight=90 -Dsun.zip.disableMemoryMapping=true -Xmx2G -Xms100m -Xlog:disable -javaagent:c:\Users\Udisha\.vscode\extensions\redhat.java-1.47.2025102908-win32-x64\lombok\lombok-1.18.39-4050.jar -XX:+HeapDumpOnOutOfMemoryError -XX:HeapDumpPath=c:\Users\Udisha\AppData\Roaming\Code\User\workspaceStorage\22bec058931d4f045a43522a32a769cb\redhat.java -Daether.dependencyCollector.impl=bf -XX:+UnlockDiagnosticVMOptions -XX:+AllowArchivingWithJavaAgent -XX:+AutoCreateSharedArchive -XX:SharedArchiveFile=c:\Users\Udisha\AppData\Roaming\Code\User\globalStorage\redhat.java\1.47.2025102908\jdtls.jsa c:\Users\Udisha\.vscode\extensions\redhat.java-1.47.2025102908-win32-x64\server\plugins\org.eclipse.equinox.launcher_1.7.100.v20251014-1222.jar -configuration c:\Users\Udisha\AppData\Roaming\Code\User\globalStorage\redhat.java\1.47.2025102908\config_win -data c:\Users\Udisha\AppData\Roaming\Code\User\workspaceStorage\22bec058931d4f045a43522a32a769cb\redhat.java\jdt_ws --pipe=\\.\pipe\lsp-a9120f3db62285ad03fb7c62b53dd930-sock

Host: 11th Gen Intel(R) Core(TM) i5-1135G7 @ 2.40GHz, 8 cores, 7G,  Windows 11 , 64 bit Build 26100 (10.0.26100.6725)
Time: Thu Oct 30 13:44:24 2025 India Standard Time elapsed time: 54.891403 seconds (0d 0h 0m 54s)

---------------  T H R E A D  ---------------

Current thread (0x0000020dc1e87b50):  JavaThread "C2 CompilerThread0" daemon [_thread_in_native, id=23116, stack(0x0000002041800000,0x0000002041900000) (1024K)]


Current CompileTask:
C2:54891 6537       4       com.google.inject.TypeLiteral::<init> (43 bytes)

Stack: [0x0000002041800000,0x0000002041900000]
Native frames: (J=compiled Java code, j=interpreted, Vv=VM code, C=native code)
V  [jvm.dll+0x6d2449]
V  [jvm.dll+0x8ae341]
V  [jvm.dll+0x8b08be]
V  [jvm.dll+0x8b0fa3]
V  [jvm.dll+0x280c96]
V  [jvm.dll+0xc581d]
V  [jvm.dll+0xc5d53]
V  [jvm.dll+0x3b919c]
V  [jvm.dll+0x385315]
V  [jvm.dll+0x38477a]
V  [jvm.dll+0x248ed0]
V  [jvm.dll+0x2484af]
V  [jvm.dll+0x1c89ee]
V  [jvm.dll+0x257d4d]
V  [jvm.dll+0x2562ea]
V  [jvm.dll+0x3f2d16]
V  [jvm.dll+0x857e6b]
V  [jvm.dll+0x6d0b0d]
C  [ucrtbase.dll+0x37b0]
C  [KERNEL32.DLL+0x2e8d7]
C  [ntdll.dll+0x8c53c]


---------------  P R O C E S S  ---------------

Threads class SMR info:
_java_thread_list=0x0000020e24dd15d0, length=43, elements={
0x0000020dc1f00a40, 0x0000020dc1fbe910, 0x0000020dc1e75900, 0x0000020dc1e79540,
0x0000020dc1e7a190, 0x0000020dc1e826a0, 0x0000020dc1e830f0, 0x0000020dc1e87b50,
0x0000020dc1e8b270, 0x0000020e1f3166b0, 0x0000020e1f534920, 0x0000020e242c6820,
0x0000020e1fc1ef30, 0x0000020e1f85f4d0, 0x0000020e1f85ff00, 0x0000020e2415d4c0,
0x0000020e1fc9e430, 0x0000020e1f7a42e0, 0x0000020e24d816f0, 0x0000020e25595c80,
0x0000020e25596310, 0x0000020e25592e90, 0x0000020e25593520, 0x0000020e25594f60,
0x0000020e25594240, 0x0000020e255948d0, 0x0000020e253d1ca0, 0x0000020e24f0fd70,
0x0000020e24f117b0, 0x0000020e24f0f050, 0x0000020e24f12b60, 0x0000020e24f11120,
0x0000020e24f11e40, 0x0000020e24f10400, 0x0000020e24f124d0, 0x0000020e24f10a90,
0x0000020e24f0f6e0, 0x0000020e24f14c30, 0x0000020e24f131f0, 0x0000020e24f13f10,
0x0000020e24f15950, 0x0000020e24f16670, 0x0000020e24f145a0
}

Java Threads: ( => current thread )
  0x0000020dc1f00a40 JavaThread "main"                              [_thread_in_vm, id=12500, stack(0x0000002040e00000,0x0000002040f00000) (1024K)]
  0x0000020dc1fbe910 JavaThread "Reference Handler"          daemon [_thread_blocked, id=20064, stack(0x0000002041200000,0x0000002041300000) (1024K)]
  0x0000020dc1e75900 JavaThread "Finalizer"                  daemon [_thread_blocked, id=17052, stack(0x0000002041300000,0x0000002041400000) (1024K)]
  0x0000020dc1e79540 JavaThread "Signal Dispatcher"          daemon [_thread_blocked, id=13444, stack(0x0000002041400000,0x0000002041500000) (1024K)]
  0x0000020dc1e7a190 JavaThread "Attach Listener"            daemon [_thread_blocked, id=17924, stack(0x0000002041500000,0x0000002041600000) (1024K)]
  0x0000020dc1e826a0 JavaThread "Service Thread"             daemon [_thread_blocked, id=18268, stack(0x0000002041600000,0x0000002041700000) (1024K)]
  0x0000020dc1e830f0 JavaThread "Monitor Deflation Thread"   daemon [_thread_blocked, id=4200, stack(0x0000002041700000,0x0000002041800000) (1024K)]
=>0x0000020dc1e87b50 JavaThread "C2 CompilerThread0"         daemon [_thread_in_native, id=23116, stack(0x0000002041800000,0x0000002041900000) (1024K)]
  0x0000020dc1e8b270 JavaThread "C1 CompilerThread0"         daemon [_thread_in_native, id=1264, stack(0x0000002041900000,0x0000002041a00000) (1024K)]
  0x0000020e1f3166b0 JavaThread "Common-Cleaner"             daemon [_thread_blocked, id=348, stack(0x0000002041a00000,0x0000002041b00000) (1024K)]
  0x0000020e1f534920 JavaThread "Notification Thread"        daemon [_thread_blocked, id=13472, stack(0x0000002041b00000,0x0000002041c00000) (1024K)]
  0x0000020e242c6820 JavaThread "Active Thread: Equinox Container: 43cb2433-1e7e-4de3-ac37-7279b5b6aa70"        [_thread_blocked, id=7960, stack(0x0000002042400000,0x0000002042500000) (1024K)]
  0x0000020e1fc1ef30 JavaThread "Refresh Thread: Equinox Container: 43cb2433-1e7e-4de3-ac37-7279b5b6aa70" daemon [_thread_blocked, id=22900, stack(0x0000002041c00000,0x0000002041d00000) (1024K)]
  0x0000020e1f85f4d0 JavaThread "Framework Event Dispatcher: Equinox Container: 43cb2433-1e7e-4de3-ac37-7279b5b6aa70" daemon [_thread_blocked, id=19016, stack(0x0000002042500000,0x0000002042600000) (1024K)]
  0x0000020e1f85ff00 JavaThread "Start Level: Equinox Container: 43cb2433-1e7e-4de3-ac37-7279b5b6aa70" daemon [_thread_blocked, id=13448, stack(0x0000002042600000,0x0000002042700000) (1024K)]
  0x0000020e2415d4c0 JavaThread "Bundle File Closer"         daemon [_thread_blocked, id=12576, stack(0x0000002042800000,0x0000002042900000) (1024K)]
  0x0000020e1fc9e430 JavaThread "SCR Component Actor"        daemon [_thread_blocked, id=23212, stack(0x0000002042700000,0x0000002042800000) (1024K)]
  0x0000020e1f7a42e0 JavaThread "Worker-JM"                         [_thread_blocked, id=12676, stack(0x0000002042a00000,0x0000002042b00000) (1024K)]
  0x0000020e24d816f0 JavaThread "JNA Cleaner"                daemon [_thread_blocked, id=14484, stack(0x0000002042900000,0x0000002042a00000) (1024K)]
  0x0000020e25595c80 JavaThread "Worker-0: Repository registry initialization"        [_thread_blocked, id=12380, stack(0x0000002042b00000,0x0000002042c00000) (1024K)]
  0x0000020e25596310 JavaThread "Worker-1: Refreshing workspace"        [_thread_in_native, id=8748, stack(0x0000002042c00000,0x0000002042d00000) (1024K)]
  0x0000020e25592e90 JavaThread "Worker-2: Updating Maven Dependencies"        [_thread_in_Java, id=2372, stack(0x0000002042d00000,0x0000002042e00000) (1024K)]
  0x0000020e25593520 JavaThread "Worker-3: Updating workspace"        [_thread_blocked, id=16988, stack(0x0000002042f00000,0x0000002043000000) (1024K)]
  0x0000020e25594f60 JavaThread "Worker-4: Processing Java changes since last activation"        [_thread_blocked, id=10712, stack(0x0000002043000000,0x0000002043100000) (1024K)]
  0x0000020e25594240 JavaThread "Java indexing"              daemon [_thread_blocked, id=22796, stack(0x0000002043100000,0x0000002043200000) (1024K)]
  0x0000020e255948d0 JavaThread "Worker-5: Initialize After Load"        [_thread_blocked, id=10596, stack(0x0000002043200000,0x0000002043300000) (1024K)]
  0x0000020e253d1ca0 JavaThread "C2 CompilerThread1"         daemon [_thread_in_native, id=23088, stack(0x0000002042e00000,0x0000002042f00000) (1024K)]
  0x0000020e24f0fd70 JavaThread "Worker-6"                          [_thread_blocked, id=22488, stack(0x0000002043500000,0x0000002043600000) (1024K)]
  0x0000020e24f117b0 JavaThread "Worker-7"                          [_thread_blocked, id=21408, stack(0x0000002043600000,0x0000002043700000) (1024K)]
  0x0000020e24f0f050 JavaThread "Worker-8: Synchronize Gradle projects with workspace"        [_thread_blocked, id=6148, stack(0x0000002043700000,0x0000002043800000) (1024K)]
  0x0000020e24f12b60 JavaThread "Thread-1"                   daemon [_thread_in_native, id=1072, stack(0x0000002043800000,0x0000002043900000) (1024K)]
  0x0000020e24f11120 JavaThread "Thread-2"                   daemon [_thread_in_native, id=2788, stack(0x0000002043900000,0x0000002043a00000) (1024K)]
  0x0000020e24f11e40 JavaThread "Thread-3"                   daemon [_thread_in_native, id=20324, stack(0x0000002043a00000,0x0000002043b00000) (1024K)]
  0x0000020e24f10400 JavaThread "Thread-4"                   daemon [_thread_in_native, id=16052, stack(0x0000002043b00000,0x0000002043c00000) (1024K)]
  0x0000020e24f124d0 JavaThread "Thread-5"                   daemon [_thread_in_native, id=21648, stack(0x0000002043c00000,0x0000002043d00000) (1024K)]
  0x0000020e24f10a90 JavaThread "Thread-6"                   daemon [_thread_in_native, id=22016, stack(0x0000002043d00000,0x0000002043e00000) (1024K)]
  0x0000020e24f0f6e0 JavaThread "Thread-7"                   daemon [_thread_in_native, id=20756, stack(0x0000002043e00000,0x0000002043f00000) (1024K)]
  0x0000020e24f14c30 JavaThread "Thread-8"                   daemon [_thread_in_native, id=11056, stack(0x0000002043f00000,0x0000002044000000) (1024K)]
  0x0000020e24f131f0 JavaThread "Thread-9"                   daemon [_thread_in_native, id=20952, stack(0x0000002044000000,0x0000002044100000) (1024K)]
  0x0000020e24f13f10 JavaThread "pool-2-thread-1"                   [_thread_blocked, id=5760, stack(0x0000002044100000,0x0000002044200000) (1024K)]
  0x0000020e24f15950 JavaThread "Timer-0"                           [_thread_blocked, id=13716, stack(0x0000002044200000,0x0000002044300000) (1024K)]
  0x0000020e24f16670 JavaThread "WorkspaceEventsHandler"            [_thread_blocked, id=11336, stack(0x0000002044300000,0x0000002044400000) (1024K)]
  0x0000020e24f145a0 JavaThread "pool-1-thread-1"                   [_thread_in_Java, id=5680, stack(0x0000002044400000,0x0000002044500000) (1024K)]
Total: 43

Other Threads:
  0x0000020dc1e72df0 VMThread "VM Thread"                           [id=11640, stack(0x0000002041100000,0x0000002041200000) (1024K)]
  0x0000020dc1f6dca0 WatcherThread "VM Periodic Task Thread"        [id=17620, stack(0x0000002041000000,0x0000002041100000) (1024K)]
  0x0000020dc1f1fe90 WorkerThread "GC Thread#0"                     [id=23224, stack(0x0000002040f00000,0x0000002041000000) (1024K)]
  0x0000020e1f8c26b0 WorkerThread "GC Thread#1"                     [id=3592, stack(0x0000002041d00000,0x0000002041e00000) (1024K)]
  0x0000020e1f86b6d0 WorkerThread "GC Thread#2"                     [id=12608, stack(0x0000002041e00000,0x0000002041f00000) (1024K)]
  0x0000020e1f86ba70 WorkerThread "GC Thread#3"                     [id=7380, stack(0x0000002041f00000,0x0000002042000000) (1024K)]
  0x0000020e1f8ac690 WorkerThread "GC Thread#4"                     [id=22736, stack(0x0000002042000000,0x0000002042100000) (1024K)]
  0x0000020e1f8aca30 WorkerThread "GC Thread#5"                     [id=9788, stack(0x0000002042100000,0x0000002042200000) (1024K)]
  0x0000020e1f8acdd0 WorkerThread "GC Thread#6"                     [id=12900, stack(0x0000002042200000,0x0000002042300000) (1024K)]
  0x0000020e1f9646e0 WorkerThread "GC Thread#7"                     [id=14632, stack(0x0000002042300000,0x0000002042400000) (1024K)]
Total: 10

Threads with active compile tasks:
C2 CompilerThread0  54940 6537       4       com.google.inject.TypeLiteral::<init> (43 bytes)
C1 CompilerThread0  54940 6580       3       java.lang.CharacterDataLatin1::isUpperCase (16 bytes)
C2 CompilerThread1  54940 6372   !   4       org.eclipse.osgi.internal.loader.BundleLoader::findLocalClass (159 bytes)
Total: 3

VM state: not at safepoint (normal execution)

VM Mutex/Monitor currently owned by a thread: None

Heap address: 0x0000000080000000, size: 2048 MB, Compressed Oops mode: 32-bit

CDS archive(s) mapped at: [0x0000020dd9000000-0x0000020dd9ba0000-0x0000020ddd9a0000), size 77201408, SharedBaseAddress: 0x0000020dd9000000, ArchiveRelocationMode: 1.
Compressed class space mapped at: 0x0000020dde000000-0x0000020e1e000000, reserved size: 1073741824
Narrow klass base: 0x0000020dd9000000, Narrow klass shift: 0, Narrow klass range: 0x100000000

GC Precious Log:
 CardTable entry size: 512
 CPUs: 8 total, 8 available
 Memory: 7991M
 Large Page Support: Disabled
 NUMA Support: Disabled
 Compressed Oops: Enabled (32-bit)
 Alignments: Space 512K, Generation 512K, Heap 2M
 Heap Min Capacity: 100M
 Heap Initial Capacity: 100M
 Heap Max Capacity: 2G
 Pre-touch: Disabled
 Parallel Workers: 8

Heap:
 PSYoungGen      total 21504K, used 9017K [0x00000000d5580000, 0x00000000d6c00000, 0x0000000100000000)
  eden space 19968K, 38% used [0x00000000d5580000,0x00000000d5d0f0a0,0x00000000d6900000)
  from space 1536K, 83% used [0x00000000d6980000,0x00000000d6abf520,0x00000000d6b00000)
  to   space 1024K, 0% used [0x00000000d6b00000,0x00000000d6b00000,0x00000000d6c00000)
 ParOldGen       total 68608K, used 58069K [0x0000000080000000, 0x0000000084300000, 0x00000000d5580000)
  object space 68608K, 84% used [0x0000000080000000,0x00000000838b5580,0x0000000084300000)
 Metaspace       used 15385K, committed 16192K, reserved 1114112K
  class space    used 1350K, committed 1664K, reserved 1048576K

Card table byte_map: [0x0000020dc18a0000,0x0000020dc1cb0000] _byte_map_base: 0x0000020dc14a0000

Marking Bits: (ParMarkBitMap*) 0x00007ffac26ba340
 Begin Bits: [0x0000020dd43a0000, 0x0000020dd63a0000)
 End Bits:   [0x0000020dd63a0000, 0x0000020dd83a0000)

Polling page: 0x0000020dbfc60000

Metaspace:

Usage:
  Non-class:     13.71 MB used.
      Class:      1.32 MB used.
       Both:     15.02 MB used.

Virtual space:
  Non-class space:       64.00 MB reserved,      14.19 MB ( 22%) committed,  1 nodes.
      Class space:        1.00 GB reserved,       1.62 MB ( <1%) committed,  1 nodes.
             Both:        1.06 GB reserved,      15.81 MB (  1%) committed. 

Chunk freelists:
   Non-Class:  1.17 MB
       Class:  14.29 MB
        Both:  15.46 MB

MaxMetaspaceSize: unlimited
CompressedClassSpaceSize: 1.00 GB
Initial GC threshold: 21.00 MB
Current GC threshold: 21.00 MB
CDS: on
 - commit_granule_bytes: 65536.
 - commit_granule_words: 8192.
 - virtual_space_node_default_size: 8388608.
 - enlarge_chunks_in_place: 1.
 - use_allocation_guard: 0.


Internal statistics:

num_allocs_failed_limit: 0.
num_arena_births: 542.
num_arena_deaths: 0.
num_vsnodes_births: 2.
num_vsnodes_deaths: 0.
num_space_committed: 253.
num_space_uncommitted: 0.
num_chunks_returned_to_freelist: 0.
num_chunks_taken_from_freelist: 1306.
num_chunk_merges: 0.
num_chunk_splits: 804.
num_chunks_enlarged: 444.
num_inconsistent_stats: 0.

CodeHeap 'non-profiled nmethods': size=120000Kb used=3743Kb max_used=3743Kb free=116256Kb
 bounds [0x0000020dccbc0000, 0x0000020dccf70000, 0x0000020dd40f0000]
CodeHeap 'profiled nmethods': size=120000Kb used=14304Kb max_used=14304Kb free=105695Kb
 bounds [0x0000020dc50f0000, 0x0000020dc5ef0000, 0x0000020dcc620000]
CodeHeap 'non-nmethods': size=5760Kb used=1370Kb max_used=1419Kb free=4389Kb
 bounds [0x0000020dcc620000, 0x0000020dcc890000, 0x0000020dccbc0000]
CodeCache: size=245760Kb, used=19417Kb, max_used=19466Kb, free=226340Kb
 total_blobs=7229, nmethods=6569, adapters=566, full_count=0
Compilation: enabled, stopped_count=0, restarted_count=0

Compilation events (20 events):
Event: 54.859 Thread 0x0000020dc1e8b270 nmethod 6531 0x0000020dc5ecda90 code [0x0000020dc5ecdc20, 0x0000020dc5ecdd50]
Event: 54.859 Thread 0x0000020dc1e8b270 6532       3       java.time.temporal.ValueRange::isValidValue (24 bytes)
Event: 54.859 Thread 0x0000020dc1e8b270 nmethod 6532 0x0000020dc5ecde10 code [0x0000020dc5ecdfc0, 0x0000020dc5ece180]
Event: 54.859 Thread 0x0000020dc1e8b270 6533       3       java.time.format.DecimalStyle::convertToDigit (23 bytes)
Event: 54.859 Thread 0x0000020dc1e8b270 nmethod 6533 0x0000020dc5ece210 code [0x0000020dc5ece3c0, 0x0000020dc5ece550]
Event: 54.863 Thread 0x0000020dc1e87b50 6534       4       java.lang.invoke.LambdaFormEditor::getInCache (165 bytes)
Event: 54.864 Thread 0x0000020dc1e8b270 6535       1       org.eclipse.core.runtime.jobs.Job::belongsTo (2 bytes)
Event: 54.865 Thread 0x0000020dc1e8b270 nmethod 6535 0x0000020dccf66590 code [0x0000020dccf66720, 0x0000020dccf667e8]
Event: 54.865 Thread 0x0000020dc1e8b270 6536       1       java.time.format.DecimalStyle::getPositiveSign (5 bytes)
Event: 54.865 Thread 0x0000020dc1e8b270 nmethod 6536 0x0000020dccf66890 code [0x0000020dccf66a20, 0x0000020dccf66af0]
Event: 54.868 Thread 0x0000020dc1e87b50 nmethod 6534 0x0000020dccf66b90 code [0x0000020dccf66d40, 0x0000020dccf671b0]
Event: 54.872 Thread 0x0000020dc1e87b50 6537       4       com.google.inject.TypeLiteral::<init> (43 bytes)
Event: 54.878 Thread 0x0000020dc1e8b270 6539       1       java.time.format.DecimalStyle::getNegativeSign (5 bytes)
Event: 54.878 Thread 0x0000020dc1e8b270 nmethod 6539 0x0000020dccf67410 code [0x0000020dccf675a0, 0x0000020dccf67670]
Event: 54.879 Thread 0x0000020dc1e8b270 6540       3       java.time.temporal.ChronoField::checkValidValue (10 bytes)
Event: 54.879 Thread 0x0000020dc1e8b270 nmethod 6540 0x0000020dc5ece610 code [0x0000020dc5ece7c0, 0x0000020dc5ece920]
Event: 54.879 Thread 0x0000020dc1e8b270 6541       3       java.time.temporal.ValueRange::checkValidValue (24 bytes)
Event: 54.880 Thread 0x0000020dc1e8b270 nmethod 6541 0x0000020dc5ecea10 code [0x0000020dc5ecebe0, 0x0000020dc5ecef68]
Event: 54.880 Thread 0x0000020dc1e8b270 6542       1       java.time.LocalDateTime::toLocalDate (5 bytes)
Event: 54.880 Thread 0x0000020dc1e8b270 nmethod 6542 0x0000020dccf67710 code [0x0000020dccf678a0, 0x0000020dccf67968]

GC Heap History (20 events):
Event: 48.104 GC heap before
{Heap before GC invocations=26 (full 0):
 PSYoungGen      total 23552K, used 23112K [0x00000000d5580000, 0x00000000d6f00000, 0x0000000100000000)
  eden space 20992K, 100% used [0x00000000d5580000,0x00000000d6a00000,0x00000000d6a00000)
  from space 2560K, 82% used [0x00000000d6a00000,0x00000000d6c122b0,0x00000000d6c80000)
  to   space 2560K, 0% used [0x00000000d6c80000,0x00000000d6c80000,0x00000000d6f00000)
 ParOldGen       total 68608K, used 47723K [0x0000000080000000, 0x0000000084300000, 0x00000000d5580000)
  object space 68608K, 69% used [0x0000000080000000,0x0000000082e9afe8,0x0000000084300000)
 Metaspace       used 12272K, committed 12928K, reserved 1114112K
  class space    used 1064K, committed 1344K, reserved 1048576K
}
Event: 48.112 GC heap after
{Heap after GC invocations=26 (full 0):
 PSYoungGen      total 22016K, used 960K [0x00000000d5580000, 0x00000000d6d80000, 0x0000000100000000)
  eden space 20992K, 0% used [0x00000000d5580000,0x00000000d5580000,0x00000000d6a00000)
  from space 1024K, 93% used [0x00000000d6c80000,0x00000000d6d70000,0x00000000d6d80000)
  to   space 1536K, 0% used [0x00000000d6a80000,0x00000000d6a80000,0x00000000d6c00000)
 ParOldGen       total 68608K, used 49738K [0x0000000080000000, 0x0000000084300000, 0x00000000d5580000)
  object space 68608K, 72% used [0x0000000080000000,0x0000000083092ac0,0x0000000084300000)
 Metaspace       used 12272K, committed 12928K, reserved 1114112K
  class space    used 1064K, committed 1344K, reserved 1048576K
}
Event: 49.349 GC heap before
{Heap before GC invocations=27 (full 0):
 PSYoungGen      total 22016K, used 21952K [0x00000000d5580000, 0x00000000d6d80000, 0x0000000100000000)
  eden space 20992K, 100% used [0x00000000d5580000,0x00000000d6a00000,0x00000000d6a00000)
  from space 1024K, 93% used [0x00000000d6c80000,0x00000000d6d70000,0x00000000d6d80000)
  to   space 1536K, 0% used [0x00000000d6a80000,0x00000000d6a80000,0x00000000d6c00000)
 ParOldGen       total 68608K, used 49738K [0x0000000080000000, 0x0000000084300000, 0x00000000d5580000)
  object space 68608K, 72% used [0x0000000080000000,0x0000000083092ac0,0x0000000084300000)
 Metaspace       used 12654K, committed 13248K, reserved 1114112K
  class space    used 1092K, committed 1344K, reserved 1048576K
}
Event: 49.355 GC heap after
{Heap after GC invocations=27 (full 0):
 PSYoungGen      total 22528K, used 925K [0x00000000d5580000, 0x00000000d6d00000, 0x0000000100000000)
  eden space 20992K, 0% used [0x00000000d5580000,0x00000000d5580000,0x00000000d6a00000)
  from space 1536K, 60% used [0x00000000d6a80000,0x00000000d6b67620,0x00000000d6c00000)
  to   space 1024K, 0% used [0x00000000d6c00000,0x00000000d6c00000,0x00000000d6d00000)
 ParOldGen       total 68608K, used 50498K [0x0000000080000000, 0x0000000084300000, 0x00000000d5580000)
  object space 68608K, 73% used [0x0000000080000000,0x0000000083150ac0,0x0000000084300000)
 Metaspace       used 12654K, committed 13248K, reserved 1114112K
  class space    used 1092K, committed 1344K, reserved 1048576K
}
Event: 50.578 GC heap before
{Heap before GC invocations=28 (full 0):
 PSYoungGen      total 22528K, used 21917K [0x00000000d5580000, 0x00000000d6d00000, 0x0000000100000000)
  eden space 20992K, 100% used [0x00000000d5580000,0x00000000d6a00000,0x00000000d6a00000)
  from space 1536K, 60% used [0x00000000d6a80000,0x00000000d6b67620,0x00000000d6c00000)
  to   space 1024K, 0% used [0x00000000d6c00000,0x00000000d6c00000,0x00000000d6d00000)
 ParOldGen       total 68608K, used 50498K [0x0000000080000000, 0x0000000084300000, 0x00000000d5580000)
  object space 68608K, 73% used [0x0000000080000000,0x0000000083150ac0,0x0000000084300000)
 Metaspace       used 13001K, committed 13632K, reserved 1114112K
  class space    used 1100K, committed 1344K, reserved 1048576K
}
Event: 50.580 GC heap after
{Heap after GC invocations=28 (full 0):
 PSYoungGen      total 22016K, used 1016K [0x00000000d5580000, 0x00000000d6e00000, 0x0000000100000000)
  eden space 20992K, 0% used [0x00000000d5580000,0x00000000d5580000,0x00000000d6a00000)
  from space 1024K, 99% used [0x00000000d6c00000,0x00000000d6cfe238,0x00000000d6d00000)
  to   space 2048K, 0% used [0x00000000d6a00000,0x00000000d6a00000,0x00000000d6c00000)
 ParOldGen       total 68608K, used 51338K [0x0000000080000000, 0x0000000084300000, 0x00000000d5580000)
  object space 68608K, 74% used [0x0000000080000000,0x0000000083222ac0,0x0000000084300000)
 Metaspace       used 13001K, committed 13632K, reserved 1114112K
  class space    used 1100K, committed 1344K, reserved 1048576K
}
Event: 51.297 GC heap before
{Heap before GC invocations=29 (full 0):
 PSYoungGen      total 22016K, used 22008K [0x00000000d5580000, 0x00000000d6e00000, 0x0000000100000000)
  eden space 20992K, 100% used [0x00000000d5580000,0x00000000d6a00000,0x00000000d6a00000)
  from space 1024K, 99% used [0x00000000d6c00000,0x00000000d6cfe238,0x00000000d6d00000)
  to   space 2048K, 0% used [0x00000000d6a00000,0x00000000d6a00000,0x00000000d6c00000)
 ParOldGen       total 68608K, used 51338K [0x0000000080000000, 0x0000000084300000, 0x00000000d5580000)
  object space 68608K, 74% used [0x0000000080000000,0x0000000083222ac0,0x0000000084300000)
 Metaspace       used 13547K, committed 14144K, reserved 1114112K
  class space    used 1140K, committed 1344K, reserved 1048576K
}
Event: 51.303 GC heap after
{Heap after GC invocations=29 (full 0):
 PSYoungGen      total 22528K, used 1107K [0x00000000d5580000, 0x00000000d6d00000, 0x0000000100000000)
  eden space 20992K, 0% used [0x00000000d5580000,0x00000000d5580000,0x00000000d6a00000)
  from space 1536K, 72% used [0x00000000d6a00000,0x00000000d6b14e68,0x00000000d6b80000)
  to   space 1536K, 0% used [0x00000000d6b80000,0x00000000d6b80000,0x00000000d6d00000)
 ParOldGen       total 68608K, used 52136K [0x0000000080000000, 0x0000000084300000, 0x00000000d5580000)
  object space 68608K, 75% used [0x0000000080000000,0x00000000832ea258,0x0000000084300000)
 Metaspace       used 13547K, committed 14144K, reserved 1114112K
  class space    used 1140K, committed 1344K, reserved 1048576K
}
Event: 51.609 GC heap before
{Heap before GC invocations=30 (full 0):
 PSYoungGen      total 22528K, used 22099K [0x00000000d5580000, 0x00000000d6d00000, 0x0000000100000000)
  eden space 20992K, 100% used [0x00000000d5580000,0x00000000d6a00000,0x00000000d6a00000)
  from space 1536K, 72% used [0x00000000d6a00000,0x00000000d6b14e68,0x00000000d6b80000)
  to   space 1536K, 0% used [0x00000000d6b80000,0x00000000d6b80000,0x00000000d6d00000)
 ParOldGen       total 68608K, used 52136K [0x0000000080000000, 0x0000000084300000, 0x00000000d5580000)
  object space 68608K, 75% used [0x0000000080000000,0x00000000832ea258,0x0000000084300000)
 Metaspace       used 13696K, committed 14400K, reserved 1114112K
  class space    used 1153K, committed 1408K, reserved 1048576K
}
Event: 51.612 GC heap after
{Heap after GC invocations=30 (full 0):
 PSYoungGen      total 22016K, used 721K [0x00000000d5580000, 0x00000000d6c80000, 0x0000000100000000)
  eden space 20992K, 0% used [0x00000000d5580000,0x00000000d5580000,0x00000000d6a00000)
  from space 1024K, 70% used [0x00000000d6b80000,0x00000000d6c347d8,0x00000000d6c80000)
  to   space 1024K, 0% used [0x00000000d6a80000,0x00000000d6a80000,0x00000000d6b80000)
 ParOldGen       total 68608K, used 53042K [0x0000000080000000, 0x0000000084300000, 0x00000000d5580000)
  object space 68608K, 77% used [0x0000000080000000,0x00000000833cc9e0,0x0000000084300000)
 Metaspace       used 13696K, committed 14400K, reserved 1114112K
  class space    used 1153K, committed 1408K, reserved 1048576K
}
Event: 51.813 GC heap before
{Heap before GC invocations=31 (full 0):
 PSYoungGen      total 22016K, used 21713K [0x00000000d5580000, 0x00000000d6c80000, 0x0000000100000000)
  eden space 20992K, 100% used [0x00000000d5580000,0x00000000d6a00000,0x00000000d6a00000)
  from space 1024K, 70% used [0x00000000d6b80000,0x00000000d6c347d8,0x00000000d6c80000)
  to   space 1024K, 0% used [0x00000000d6a80000,0x00000000d6a80000,0x00000000d6b80000)
 ParOldGen       total 68608K, used 53042K [0x0000000080000000, 0x0000000084300000, 0x00000000d5580000)
  object space 68608K, 77% used [0x0000000080000000,0x00000000833cc9e0,0x0000000084300000)
 Metaspace       used 13716K, committed 14400K, reserved 1114112K
  class space    used 1155K, committed 1408K, reserved 1048576K
}
Event: 51.814 GC heap after
{Heap after GC invocations=31 (full 0):
 PSYoungGen      total 22016K, used 642K [0x00000000d5580000, 0x00000000d6c00000, 0x0000000100000000)
  eden space 20992K, 0% used [0x00000000d5580000,0x00000000d5580000,0x00000000d6a00000)
  from space 1024K, 62% used [0x00000000d6a80000,0x00000000d6b20b78,0x00000000d6b80000)
  to   space 512K, 0% used [0x00000000d6b80000,0x00000000d6b80000,0x00000000d6c00000)
 ParOldGen       total 68608K, used 53673K [0x0000000080000000, 0x0000000084300000, 0x00000000d5580000)
  object space 68608K, 78% used [0x0000000080000000,0x000000008346a598,0x0000000084300000)
 Metaspace       used 13716K, committed 14400K, reserved 1114112K
  class space    used 1155K, committed 1408K, reserved 1048576K
}
Event: 52.331 GC heap before
{Heap before GC invocations=32 (full 0):
 PSYoungGen      total 22016K, used 21634K [0x00000000d5580000, 0x00000000d6c00000, 0x0000000100000000)
  eden space 20992K, 100% used [0x00000000d5580000,0x00000000d6a00000,0x00000000d6a00000)
  from space 1024K, 62% used [0x00000000d6a80000,0x00000000d6b20b78,0x00000000d6b80000)
  to   space 512K, 0% used [0x00000000d6b80000,0x00000000d6b80000,0x00000000d6c00000)
 ParOldGen       total 68608K, used 53673K [0x0000000080000000, 0x0000000084300000, 0x00000000d5580000)
  object space 68608K, 78% used [0x0000000080000000,0x000000008346a598,0x0000000084300000)
 Metaspace       used 13940K, committed 14592K, reserved 1114112K
  class space    used 1177K, committed 1408K, reserved 1048576K
}
Event: 52.334 GC heap after
{Heap after GC invocations=32 (full 0):
 PSYoungGen      total 20480K, used 512K [0x00000000d5580000, 0x00000000d6f00000, 0x0000000100000000)
  eden space 19968K, 0% used [0x00000000d5580000,0x00000000d5580000,0x00000000d6900000)
  from space 512K, 100% used [0x00000000d6b80000,0x00000000d6c00000,0x00000000d6c00000)
  to   space 2560K, 0% used [0x00000000d6900000,0x00000000d6900000,0x00000000d6b80000)
 ParOldGen       total 68608K, used 55017K [0x0000000080000000, 0x0000000084300000, 0x00000000d5580000)
  object space 68608K, 80% used [0x0000000080000000,0x00000000835ba550,0x0000000084300000)
 Metaspace       used 13940K, committed 14592K, reserved 1114112K
  class space    used 1177K, committed 1408K, reserved 1048576K
}
Event: 53.180 GC heap before
{Heap before GC invocations=33 (full 0):
 PSYoungGen      total 20480K, used 20480K [0x00000000d5580000, 0x00000000d6f00000, 0x0000000100000000)
  eden space 19968K, 100% used [0x00000000d5580000,0x00000000d6900000,0x00000000d6900000)
  from space 512K, 100% used [0x00000000d6b80000,0x00000000d6c00000,0x00000000d6c00000)
  to   space 2560K, 0% used [0x00000000d6900000,0x00000000d6900000,0x00000000d6b80000)
 ParOldGen       total 68608K, used 55017K [0x0000000080000000, 0x0000000084300000, 0x00000000d5580000)
  object space 68608K, 80% used [0x0000000080000000,0x00000000835ba550,0x0000000084300000)
 Metaspace       used 14504K, committed 15168K, reserved 1114112K
  class space    used 1246K, committed 1472K, reserved 1048576K
}
Event: 53.184 GC heap after
{Heap after GC invocations=33 (full 0):
 PSYoungGen      total 22528K, used 2144K [0x00000000d5580000, 0x00000000d6e00000, 0x0000000100000000)
  eden space 19968K, 0% used [0x00000000d5580000,0x00000000d5580000,0x00000000d6900000)
  from space 2560K, 83% used [0x00000000d6900000,0x00000000d6b18000,0x00000000d6b80000)
  to   space 2560K, 0% used [0x00000000d6b80000,0x00000000d6b80000,0x00000000d6e00000)
 ParOldGen       total 68608K, used 55473K [0x0000000080000000, 0x0000000084300000, 0x00000000d5580000)
  object space 68608K, 80% used [0x0000000080000000,0x000000008362c550,0x0000000084300000)
 Metaspace       used 14504K, committed 15168K, reserved 1114112K
  class space    used 1246K, committed 1472K, reserved 1048576K
}
Event: 53.857 GC heap before
{Heap before GC invocations=34 (full 0):
 PSYoungGen      total 22528K, used 21373K [0x00000000d5580000, 0x00000000d6e00000, 0x0000000100000000)
  eden space 19968K, 96% used [0x00000000d5580000,0x00000000d6847448,0x00000000d6900000)
  from space 2560K, 83% used [0x00000000d6900000,0x00000000d6b18000,0x00000000d6b80000)
  to   space 2560K, 0% used [0x00000000d6b80000,0x00000000d6b80000,0x00000000d6e00000)
 ParOldGen       total 68608K, used 55473K [0x0000000080000000, 0x0000000084300000, 0x00000000d5580000)
  object space 68608K, 80% used [0x0000000080000000,0x000000008362c550,0x0000000084300000)
 Metaspace       used 15000K, committed 15680K, reserved 1114112K
  class space    used 1323K, committed 1600K, reserved 1048576K
}
Event: 53.865 GC heap after
{Heap after GC invocations=34 (full 0):
 PSYoungGen      total 22016K, used 1645K [0x00000000d5580000, 0x00000000d6d80000, 0x0000000100000000)
  eden space 19968K, 0% used [0x00000000d5580000,0x00000000d5580000,0x00000000d6900000)
  from space 2048K, 80% used [0x00000000d6b80000,0x00000000d6d1b510,0x00000000d6d80000)
  to   space 2048K, 0% used [0x00000000d6980000,0x00000000d6980000,0x00000000d6b80000)
 ParOldGen       total 68608K, used 57389K [0x0000000080000000, 0x0000000084300000, 0x00000000d5580000)
  object space 68608K, 83% used [0x0000000080000000,0x000000008380b580,0x0000000084300000)
 Metaspace       used 15000K, committed 15680K, reserved 1114112K
  class space    used 1323K, committed 1600K, reserved 1048576K
}
Event: 54.564 GC heap before
{Heap before GC invocations=35 (full 0):
 PSYoungGen      total 22016K, used 21613K [0x00000000d5580000, 0x00000000d6d80000, 0x0000000100000000)
  eden space 19968K, 100% used [0x00000000d5580000,0x00000000d6900000,0x00000000d6900000)
  from space 2048K, 80% used [0x00000000d6b80000,0x00000000d6d1b510,0x00000000d6d80000)
  to   space 2048K, 0% used [0x00000000d6980000,0x00000000d6980000,0x00000000d6b80000)
 ParOldGen       total 68608K, used 57389K [0x0000000080000000, 0x0000000084300000, 0x00000000d5580000)
  object space 68608K, 83% used [0x0000000080000000,0x000000008380b580,0x0000000084300000)
 Metaspace       used 15181K, committed 15936K, reserved 1114112K
  class space    used 1338K, committed 1600K, reserved 1048576K
}
Event: 54.571 GC heap after
{Heap after GC invocations=35 (full 0):
 PSYoungGen      total 21504K, used 1277K [0x00000000d5580000, 0x00000000d6c00000, 0x0000000100000000)
  eden space 19968K, 0% used [0x00000000d5580000,0x00000000d5580000,0x00000000d6900000)
  from space 1536K, 83% used [0x00000000d6980000,0x00000000d6abf520,0x00000000d6b00000)
  to   space 1024K, 0% used [0x00000000d6b00000,0x00000000d6b00000,0x00000000d6c00000)
 ParOldGen       total 68608K, used 58069K [0x0000000080000000, 0x0000000084300000, 0x00000000d5580000)
  object space 68608K, 84% used [0x0000000080000000,0x00000000838b5580,0x0000000084300000)
 Metaspace       used 15181K, committed 15936K, reserved 1114112K
  class space    used 1338K, committed 1600K, reserved 1048576K
}

Dll operation events (10 events):
Event: 0.056 Loaded shared library c:\Users\Udisha\.vscode\extensions\redhat.java-1.47.2025102908-win32-x64\jre\21.0.8-win32-x86_64\bin\java.dll
Event: 0.362 Loaded shared library c:\Users\Udisha\.vscode\extensions\redhat.java-1.47.2025102908-win32-x64\jre\21.0.8-win32-x86_64\bin\zip.dll
Event: 0.373 Loaded shared library C:\Users\Udisha\.vscode\extensions\redhat.java-1.47.2025102908-win32-x64\jre\21.0.8-win32-x86_64\bin\instrument.dll
Event: 0.382 Loaded shared library C:\Users\Udisha\.vscode\extensions\redhat.java-1.47.2025102908-win32-x64\jre\21.0.8-win32-x86_64\bin\net.dll
Event: 0.386 Loaded shared library C:\Users\Udisha\.vscode\extensions\redhat.java-1.47.2025102908-win32-x64\jre\21.0.8-win32-x86_64\bin\nio.dll
Event: 0.394 Loaded shared library C:\Users\Udisha\.vscode\extensions\redhat.java-1.47.2025102908-win32-x64\jre\21.0.8-win32-x86_64\bin\zip.dll
Event: 0.440 Loaded shared library C:\Users\Udisha\.vscode\extensions\redhat.java-1.47.2025102908-win32-x64\jre\21.0.8-win32-x86_64\bin\jimage.dll
Event: 0.601 Loaded shared library c:\Users\Udisha\.vscode\extensions\redhat.java-1.47.2025102908-win32-x64\jre\21.0.8-win32-x86_64\bin\verify.dll
Event: 20.431 Loaded shared library C:\Users\Udisha\AppData\Roaming\Code\User\globalStorage\redhat.java\1.47.2025102908\config_win\org.eclipse.equinox.launcher\org.eclipse.equinox.launcher.win32.win32.x86_64_1.2.1400.v20250801-0854\eclipse_11916.dll
Event: 44.054 Loaded shared library C:\Users\Udisha\AppData\Local\Temp\jna--1765895470\jna10964851047823008083.dll

Deoptimization events (20 events):
Event: 54.742 Thread 0x0000020e24f145a0 Uncommon trap: trap_request=0xffffff45 fr.pc=0x0000020dcce4f324 relative=0x00000000000006c4
Event: 54.742 Thread 0x0000020e24f145a0 Uncommon trap: reason=unstable_if action=reinterpret pc=0x0000020dcce4f324 method=sun.nio.cs.StreamDecoder.implRead([CII)I @ 36 c2
Event: 54.742 Thread 0x0000020e24f145a0 DEOPT PACKING pc=0x0000020dcce4f324 sp=0x00000020444fdca0
Event: 54.742 Thread 0x0000020e24f145a0 DEOPT UNPACKING pc=0x0000020dcc676da2 sp=0x00000020444fdc40 mode 2
Event: 54.798 Thread 0x0000020e25592e90 Uncommon trap: trap_request=0xffffffd6 fr.pc=0x0000020dccf5e7dc relative=0x0000000000000c3c
Event: 54.798 Thread 0x0000020e25592e90 Uncommon trap: reason=array_check action=maybe_recompile pc=0x0000020dccf5e7dc method=com.google.inject.internal.MoreTypes$ParameterizedTypeImpl.<init>(Ljava/lang/reflect/Type;Ljava/lang/reflect/Type;[Ljava/lang/reflect/Type;)V @ 200 c2
Event: 54.798 Thread 0x0000020e25592e90 DEOPT PACKING pc=0x0000020dccf5e7dc sp=0x0000002042df7f80
Event: 54.798 Thread 0x0000020e25592e90 DEOPT UNPACKING pc=0x0000020dcc676da2 sp=0x0000002042df7e38 mode 2
Event: 54.798 Thread 0x0000020e25592e90 Uncommon trap: trap_request=0xffffffd6 fr.pc=0x0000020dccf5e7dc relative=0x0000000000000c3c
Event: 54.798 Thread 0x0000020e25592e90 Uncommon trap: reason=array_check action=maybe_recompile pc=0x0000020dccf5e7dc method=com.google.inject.internal.MoreTypes$ParameterizedTypeImpl.<init>(Ljava/lang/reflect/Type;Ljava/lang/reflect/Type;[Ljava/lang/reflect/Type;)V @ 200 c2
Event: 54.798 Thread 0x0000020e25592e90 DEOPT PACKING pc=0x0000020dccf5e7dc sp=0x0000002042df7f60
Event: 54.798 Thread 0x0000020e25592e90 DEOPT UNPACKING pc=0x0000020dcc676da2 sp=0x0000002042df7e18 mode 2
Event: 54.858 Thread 0x0000020e25592e90 Uncommon trap: trap_request=0xffffffd6 fr.pc=0x0000020dccf5e7dc relative=0x0000000000000c3c
Event: 54.858 Thread 0x0000020e25592e90 Uncommon trap: reason=array_check action=maybe_recompile pc=0x0000020dccf5e7dc method=com.google.inject.internal.MoreTypes$ParameterizedTypeImpl.<init>(Ljava/lang/reflect/Type;Ljava/lang/reflect/Type;[Ljava/lang/reflect/Type;)V @ 200 c2
Event: 54.858 Thread 0x0000020e25592e90 DEOPT PACKING pc=0x0000020dccf5e7dc sp=0x0000002042dfbb00
Event: 54.858 Thread 0x0000020e25592e90 DEOPT UNPACKING pc=0x0000020dcc676da2 sp=0x0000002042dfb9b8 mode 2
Event: 54.858 Thread 0x0000020e25592e90 Uncommon trap: trap_request=0xffffffd6 fr.pc=0x0000020dccf5e7dc relative=0x0000000000000c3c
Event: 54.858 Thread 0x0000020e25592e90 Uncommon trap: reason=array_check action=maybe_recompile pc=0x0000020dccf5e7dc method=com.google.inject.internal.MoreTypes$ParameterizedTypeImpl.<init>(Ljava/lang/reflect/Type;Ljava/lang/reflect/Type;[Ljava/lang/reflect/Type;)V @ 200 c2
Event: 54.858 Thread 0x0000020e25592e90 DEOPT PACKING pc=0x0000020dccf5e7dc sp=0x0000002042dfbae0
Event: 54.858 Thread 0x0000020e25592e90 DEOPT UNPACKING pc=0x0000020dcc676da2 sp=0x0000002042dfb998 mode 2

Classes loaded (20 events):
Event: 48.478 Loading class com/sun/org/apache/xerces/internal/impl/msg/XMLMessages_en_IN
Event: 48.478 Loading class com/sun/org/apache/xerces/internal/impl/msg/XMLMessages_en_IN done
Event: 48.478 Loading class com/sun/org/apache/xerces/internal/impl/msg/XMLMessages_en_IN
Event: 48.478 Loading class com/sun/org/apache/xerces/internal/impl/msg/XMLMessages_en_IN done
Event: 50.917 Loading class com/sun/org/apache/xml/internal/serializer/XMLEntities
Event: 50.917 Loading class com/sun/org/apache/xml/internal/serializer/XMLEntities done
Event: 50.917 Loading class com/sun/org/apache/xml/internal/serializer/XMLEntities
Event: 50.917 Loading class com/sun/org/apache/xml/internal/serializer/XMLEntities done
Event: 50.928 Loading class com/sun/org/apache/xml/internal/serializer/XMLEntities_en
Event: 50.928 Loading class com/sun/org/apache/xml/internal/serializer/XMLEntities_en done
Event: 50.928 Loading class com/sun/org/apache/xml/internal/serializer/XMLEntities_en
Event: 50.928 Loading class com/sun/org/apache/xml/internal/serializer/XMLEntities_en done
Event: 50.929 Loading class com/sun/org/apache/xml/internal/serializer/XMLEntities_en_IN
Event: 50.929 Loading class com/sun/org/apache/xml/internal/serializer/XMLEntities_en_IN done
Event: 50.929 Loading class com/sun/org/apache/xml/internal/serializer/XMLEntities_en_IN
Event: 50.929 Loading class com/sun/org/apache/xml/internal/serializer/XMLEntities_en_IN done
Event: 52.921 Loading class java/lang/Runtime$VersionPattern
Event: 52.922 Loading class java/lang/Runtime$VersionPattern done
Event: 53.969 Loading class jdk/internal/event/ThreadSleepEvent
Event: 53.976 Loading class jdk/internal/event/ThreadSleepEvent done

Classes unloaded (0 events):
No events

Classes redefined (0 events):
No events

Internal exceptions (20 events):
Event: 54.502 Thread 0x0000020e25596310 Exception <a 'sun/nio/fs/WindowsException'{0x00000000d65fcee0}> (0x00000000d65fcee0) 
thrown [s\src\hotspot\share\prims\jni.cpp, line 520]
Event: 54.505 Thread 0x0000020e25596310 Exception <a 'sun/nio/fs/WindowsException'{0x00000000d65fda48}> (0x00000000d65fda48) 
thrown [s\src\hotspot\share\prims\jni.cpp, line 520]
Event: 54.506 Thread 0x0000020e25596310 Exception <a 'sun/nio/fs/WindowsException'{0x00000000d65fee18}> (0x00000000d65fee18) 
thrown [s\src\hotspot\share\prims\jni.cpp, line 520]
Event: 54.507 Thread 0x0000020e25596310 Exception <a 'sun/nio/fs/WindowsException'{0x00000000d65ff6f8}> (0x00000000d65ff6f8) 
thrown [s\src\hotspot\share\prims\jni.cpp, line 520]
Event: 54.508 Thread 0x0000020e25596310 Exception <a 'sun/nio/fs/WindowsException'{0x00000000d6601350}> (0x00000000d6601350) 
thrown [s\src\hotspot\share\prims\jni.cpp, line 520]
Event: 54.508 Thread 0x0000020e25596310 Exception <a 'sun/nio/fs/WindowsException'{0x00000000d6601eb8}> (0x00000000d6601eb8) 
thrown [s\src\hotspot\share\prims\jni.cpp, line 520]
Event: 54.525 Thread 0x0000020e25596310 Exception <a 'sun/nio/fs/WindowsException'{0x00000000d68fe710}> (0x00000000d68fe710) 
thrown [s\src\hotspot\share\prims\jni.cpp, line 520]
Event: 54.525 Thread 0x0000020e25596310 Exception <a 'sun/nio/fs/WindowsException'{0x00000000d68ff278}> (0x00000000d68ff278) 
thrown [s\src\hotspot\share\prims\jni.cpp, line 520]
Event: 54.603 Thread 0x0000020e25596310 Exception <a 'sun/nio/fs/WindowsException'{0x00000000d55da6f0}> (0x00000000d55da6f0) 
thrown [s\src\hotspot\share\prims\jni.cpp, line 520]
Event: 54.603 Thread 0x0000020e25596310 Exception <a 'sun/nio/fs/WindowsException'{0x00000000d55db258}> (0x00000000d55db258) 
thrown [s\src\hotspot\share\prims\jni.cpp, line 520]
Event: 54.605 Thread 0x0000020e25596310 Exception <a 'sun/nio/fs/WindowsException'{0x00000000d55dc628}> (0x00000000d55dc628) 
thrown [s\src\hotspot\share\prims\jni.cpp, line 520]
Event: 54.605 Thread 0x0000020e25596310 Exception <a 'sun/nio/fs/WindowsException'{0x00000000d55dcf08}> (0x00000000d55dcf08) 
thrown [s\src\hotspot\share\prims\jni.cpp, line 520]
Event: 54.742 Thread 0x0000020e25596310 Exception <a 'sun/nio/fs/WindowsException'{0x00000000d55deb60}> (0x00000000d55deb60) 
thrown [s\src\hotspot\share\prims\jni.cpp, line 520]
Event: 54.742 Thread 0x0000020e25596310 Exception <a 'sun/nio/fs/WindowsException'{0x00000000d55df6c8}> (0x00000000d55df6c8) 
thrown [s\src\hotspot\share\prims\jni.cpp, line 520]
Event: 54.827 Thread 0x0000020e25596310 Exception <a 'sun/nio/fs/WindowsException'{0x00000000d55e1028}> (0x00000000d55e1028) 
thrown [s\src\hotspot\share\prims\jni.cpp, line 520]
Event: 54.827 Thread 0x0000020e25596310 Exception <a 'sun/nio/fs/WindowsException'{0x00000000d55e1b90}> (0x00000000d55e1b90) 
thrown [s\src\hotspot\share\prims\jni.cpp, line 520]
Event: 54.876 Thread 0x0000020e25596310 Exception <a 'sun/nio/fs/WindowsException'{0x00000000d55e8fd8}> (0x00000000d55e8fd8) 
thrown [s\src\hotspot\share\prims\jni.cpp, line 520]
Event: 54.876 Thread 0x0000020e25596310 Exception <a 'sun/nio/fs/WindowsException'{0x00000000d55e9b40}> (0x00000000d55e9b40) 
thrown [s\src\hotspot\share\prims\jni.cpp, line 520]
Event: 54.877 Thread 0x0000020e25596310 Exception <a 'sun/nio/fs/WindowsException'{0x00000000d55eaf10}> (0x00000000d55eaf10) 
thrown [s\src\hotspot\share\prims\jni.cpp, line 520]
Event: 54.883 Thread 0x0000020e25596310 Exception <a 'sun/nio/fs/WindowsException'{0x00000000d55eb7f0}> (0x00000000d55eb7f0) 
thrown [s\src\hotspot\share\prims\jni.cpp, line 520]

ZGC Phase Switch (0 events):
No events

VM Operations (20 events):
Event: 51.608 Executing VM operation: ParallelGCFailedAllocation (Allocation Failure)
Event: 51.612 Executing VM operation: ParallelGCFailedAllocation (Allocation Failure) done
Event: 51.812 Executing VM operation: ParallelGCFailedAllocation (Allocation Failure)
Event: 51.814 Executing VM operation: ParallelGCFailedAllocation (Allocation Failure) done
Event: 52.313 Executing VM operation: ParallelGCFailedAllocation (Allocation Failure)
Event: 52.334 Executing VM operation: ParallelGCFailedAllocation (Allocation Failure) done
Event: 52.358 Executing VM operation: HandshakeAllThreads (Deoptimize)
Event: 52.359 Executing VM operation: HandshakeAllThreads (Deoptimize) done
Event: 52.480 Executing VM operation: HandshakeAllThreads (Deoptimize)
Event: 52.490 Executing VM operation: HandshakeAllThreads (Deoptimize) done
Event: 52.500 Executing VM operation: HandshakeAllThreads (Deoptimize)
Event: 52.551 Executing VM operation: HandshakeAllThreads (Deoptimize) done
Event: 53.178 Executing VM operation: ParallelGCFailedAllocation (Allocation Failure)
Event: 53.184 Executing VM operation: ParallelGCFailedAllocation (Allocation Failure) done
Event: 53.857 Executing VM operation: ParallelGCFailedAllocation (Allocation Failure)
Event: 53.865 Executing VM operation: ParallelGCFailedAllocation (Allocation Failure) done
Event: 54.525 Executing VM operation: ParallelGCFailedAllocation (Allocation Failure)
Event: 54.571 Executing VM operation: ParallelGCFailedAllocation (Allocation Failure) done
Event: 54.821 Executing VM operation: HandshakeAllThreads (Deoptimize)
Event: 54.846 Executing VM operation: HandshakeAllThreads (Deoptimize) done

Memory protections (0 events):
No events

Nmethod flushes (0 events):
No events

Events (20 events):
Event: 50.056 Thread 0x0000020e1f85ff00 Thread added: 0x0000020e25594240
Event: 50.064 Thread 0x0000020e25594f60 Thread added: 0x0000020e255948d0
Event: 50.529 Thread 0x0000020e1f29a030 Thread exited: 0x0000020e1f29a030
Event: 50.758 Thread 0x0000020dc1e8b270 Thread added: 0x0000020e253d1ca0
Event: 51.523 Thread 0x0000020e255948d0 Thread added: 0x0000020e24f0fd70
Event: 51.783 Thread 0x0000020e24f0fd70 Thread added: 0x0000020e24f117b0
Event: 51.927 Thread 0x0000020e24f117b0 Thread added: 0x0000020e24f0f050
Event: 52.100 Thread 0x0000020dc1f00a40 Thread added: 0x0000020e24f12b60
Event: 52.105 Thread 0x0000020dc1f00a40 Thread added: 0x0000020e24f11120
Event: 52.106 Thread 0x0000020dc1f00a40 Thread added: 0x0000020e24f11e40
Event: 52.109 Thread 0x0000020dc1f00a40 Thread added: 0x0000020e24f10400
Event: 52.116 Thread 0x0000020dc1f00a40 Thread added: 0x0000020e24f124d0
Event: 52.121 Thread 0x0000020dc1f00a40 Thread added: 0x0000020e24f10a90
Event: 52.123 Thread 0x0000020dc1f00a40 Thread added: 0x0000020e24f0f6e0
Event: 52.124 Thread 0x0000020dc1f00a40 Thread added: 0x0000020e24f14c30
Event: 52.125 Thread 0x0000020dc1f00a40 Thread added: 0x0000020e24f131f0
Event: 52.312 Thread 0x0000020dc1f00a40 Thread added: 0x0000020e24f13f10
Event: 53.868 Thread 0x0000020e24f0f050 Thread added: 0x0000020e24f15950
Event: 54.229 Thread 0x0000020dc1f00a40 Thread added: 0x0000020e24f16670
Event: 54.229 Thread 0x0000020dc1f00a40 Thread added: 0x0000020e24f145a0


Dynamic libraries:
0x00007ff70e4b0000 - 0x00007ff70e4be000 	c:\Users\Udisha\.vscode\extensions\redhat.java-1.47.2025102908-win32-x64\jre\21.0.8-win32-x86_64\bin\java.exe
0x00007ffb2fd00000 - 0x00007ffb2ff68000 	C:\WINDOWS\SYSTEM32\ntdll.dll
0x00007ffb2e920000 - 0x00007ffb2e9e9000 	C:\WINDOWS\System32\KERNEL32.DLL
0x00007ffb2d290000 - 0x00007ffb2d682000 	C:\WINDOWS\System32\KERNELBASE.dll
0x00007ffb07320000 - 0x00007ffb0733e000 	c:\Users\Udisha\.vscode\extensions\redhat.java-1.47.2025102908-win32-x64\jre\21.0.8-win32-x86_64\bin\VCRUNTIME140.dll
0x00007ffb2cf20000 - 0x00007ffb2d06b000 	C:\WINDOWS\System32\ucrtbase.dll
0x00007ffb163e0000 - 0x00007ffb163f8000 	c:\Users\Udisha\.vscode\extensions\redhat.java-1.47.2025102908-win32-x64\jre\21.0.8-win32-x86_64\bin\jli.dll
0x00007ffb2dad0000 - 0x00007ffb2dc95000 	C:\WINDOWS\System32\USER32.dll
0x00007ffb2d130000 - 0x00007ffb2d157000 	C:\WINDOWS\System32\win32u.dll
0x00007ffb16570000 - 0x00007ffb16803000 	C:\WINDOWS\WinSxS\amd64_microsoft.windows.common-controls_6595b64144ccf1df_6.0.26100.6899_none_3e0efeeae32e88c1\COMCTL32.dll
0x00007ffb2edd0000 - 0x00007ffb2edfb000 	C:\WINDOWS\System32\GDI32.dll
0x00007ffb2ec90000 - 0x00007ffb2ed39000 	C:\WINDOWS\System32\msvcrt.dll
0x00007ffb2d160000 - 0x00007ffb2d28d000 	C:\WINDOWS\System32\gdi32full.dll
0x00007ffb2d690000 - 0x00007ffb2d733000 	C:\WINDOWS\System32\msvcp_win.dll
0x00007ffb2e4f0000 - 0x00007ffb2e51f000 	C:\WINDOWS\System32\IMM32.DLL
0x00007ffb19880000 - 0x00007ffb1988c000 	c:\Users\Udisha\.vscode\extensions\redhat.java-1.47.2025102908-win32-x64\jre\21.0.8-win32-x86_64\bin\vcruntime140_1.dll
0x00007ffb03890000 - 0x00007ffb0391d000 	c:\Users\Udisha\.vscode\extensions\redhat.java-1.47.2025102908-win32-x64\jre\21.0.8-win32-x86_64\bin\msvcp140.dll
0x00007ffac1a00000 - 0x00007ffac2797000 	c:\Users\Udisha\.vscode\extensions\redhat.java-1.47.2025102908-win32-x64\jre\21.0.8-win32-x86_64\bin\server\jvm.dll
0x00007ffb2e530000 - 0x00007ffb2e5e4000 	C:\WINDOWS\System32\ADVAPI32.dll
0x00007ffb2ee60000 - 0x00007ffb2ef06000 	C:\WINDOWS\System32\sechost.dll
0x00007ffb2f150000 - 0x00007ffb2f268000 	C:\WINDOWS\System32\RPCRT4.dll
0x00007ffb2f790000 - 0x00007ffb2f804000 	C:\WINDOWS\System32\WS2_32.dll
0x00007ffb24340000 - 0x00007ffb24375000 	C:\WINDOWS\SYSTEM32\WINMM.dll
0x00007ffb1c9b0000 - 0x00007ffb1c9bb000 	C:\WINDOWS\SYSTEM32\VERSION.dll
0x00007ffb2ccf0000 - 0x00007ffb2cd4e000 	C:\WINDOWS\SYSTEM32\POWRPROF.dll
0x00007ffb2ccd0000 - 0x00007ffb2cce4000 	C:\WINDOWS\SYSTEM32\UMPDC.dll
0x00007ffb2bc60000 - 0x00007ffb2bc7b000 	C:\WINDOWS\SYSTEM32\kernel.appcore.dll
0x00007ffb190e0000 - 0x00007ffb190ea000 	c:\Users\Udisha\.vscode\extensions\redhat.java-1.47.2025102908-win32-x64\jre\21.0.8-win32-x86_64\bin\jimage.dll
0x00007ffb26280000 - 0x00007ffb264c2000 	C:\WINDOWS\SYSTEM32\DBGHELP.DLL
0x00007ffb2f390000 - 0x00007ffb2f70b000 	C:\WINDOWS\System32\combase.dll
0x00007ffb2ef10000 - 0x00007ffb2efe7000 	C:\WINDOWS\System32\OLEAUT32.dll
0x00007ffb14570000 - 0x00007ffb145ac000 	C:\WINDOWS\SYSTEM32\dbgcore.DLL
0x00007ffb2da30000 - 0x00007ffb2dac8000 	C:\WINDOWS\System32\bcryptPrimitives.dll
0x00007ffb1a1c0000 - 0x00007ffb1a1cf000 	c:\Users\Udisha\.vscode\extensions\redhat.java-1.47.2025102908-win32-x64\jre\21.0.8-win32-x86_64\bin\instrument.dll
0x00007ffb052c0000 - 0x00007ffb052df000 	c:\Users\Udisha\.vscode\extensions\redhat.java-1.47.2025102908-win32-x64\jre\21.0.8-win32-x86_64\bin\java.dll
0x00007ffb2dca0000 - 0x00007ffb2e3ed000 	C:\WINDOWS\System32\SHELL32.dll
0x00007ffb2d8c0000 - 0x00007ffb2da2b000 	C:\WINDOWS\System32\wintypes.dll
0x00007ffb2aab0000 - 0x00007ffb2b30d000 	C:\WINDOWS\SYSTEM32\windows.storage.dll
0x00007ffb2e9f0000 - 0x00007ffb2eae2000 	C:\WINDOWS\System32\SHCORE.dll
0x00007ffb2f2f0000 - 0x00007ffb2f352000 	C:\WINDOWS\System32\shlwapi.dll
0x00007ffb2cdb0000 - 0x00007ffb2cdd9000 	C:\WINDOWS\SYSTEM32\profapi.dll
0x00007ffb052a0000 - 0x00007ffb052b8000 	c:\Users\Udisha\.vscode\extensions\redhat.java-1.47.2025102908-win32-x64\jre\21.0.8-win32-x86_64\bin\zip.dll
0x00007ffb16810000 - 0x00007ffb16820000 	C:\Users\Udisha\.vscode\extensions\redhat.java-1.47.2025102908-win32-x64\jre\21.0.8-win32-x86_64\bin\net.dll
0x00007ffb260d0000 - 0x00007ffb261ef000 	C:\WINDOWS\SYSTEM32\WINHTTP.dll
0x00007ffb2c1d0000 - 0x00007ffb2c23b000 	C:\WINDOWS\system32\mswsock.dll
0x00007ffb03870000 - 0x00007ffb03886000 	C:\Users\Udisha\.vscode\extensions\redhat.java-1.47.2025102908-win32-x64\jre\21.0.8-win32-x86_64\bin\nio.dll
0x00007ffb19180000 - 0x00007ffb19190000 	c:\Users\Udisha\.vscode\extensions\redhat.java-1.47.2025102908-win32-x64\jre\21.0.8-win32-x86_64\bin\verify.dll
0x00007ffb031d0000 - 0x00007ffb03214000 	C:\Users\Udisha\AppData\Roaming\Code\User\globalStorage\redhat.java\1.47.2025102908\config_win\org.eclipse.equinox.launcher\org.eclipse.equinox.launcher.win32.win32.x86_64_1.2.1400.v20250801-0854\eclipse_11916.dll
0x00007ffb2eaf0000 - 0x00007ffb2ec88000 	C:\WINDOWS\System32\ole32.dll
0x00007ffb2c480000 - 0x00007ffb2c49b000 	C:\WINDOWS\SYSTEM32\CRYPTSP.dll
0x00007ffb2bbc0000 - 0x00007ffb2bbfb000 	C:\WINDOWS\system32\rsaenh.dll
0x00007ffb2c270000 - 0x00007ffb2c29b000 	C:\WINDOWS\SYSTEM32\USERENV.dll
0x00007ffb2cd80000 - 0x00007ffb2cda6000 	C:\WINDOWS\SYSTEM32\bcrypt.dll
0x00007ffb2c4a0000 - 0x00007ffb2c4ac000 	C:\WINDOWS\SYSTEM32\CRYPTBASE.dll
0x00007ffb2b6f0000 - 0x00007ffb2b724000 	C:\WINDOWS\SYSTEM32\IPHLPAPI.DLL
0x00007ffb2e910000 - 0x00007ffb2e91a000 	C:\WINDOWS\System32\NSI.dll
0x00007ffb08060000 - 0x00007ffb080a9000 	C:\Users\Udisha\AppData\Local\Temp\jna--1765895470\jna10964851047823008083.dll
0x00007ffb2f810000 - 0x00007ffb2f818000 	C:\WINDOWS\System32\PSAPI.DLL
0x00007ffb26c00000 - 0x00007ffb26c1e000 	C:\WINDOWS\SYSTEM32\dhcpcsvc6.DLL
0x00007ffb264d0000 - 0x00007ffb264f3000 	C:\WINDOWS\SYSTEM32\dhcpcsvc.DLL

JVMTI agents:
c:\Users\Udisha\.vscode\extensions\redhat.java-1.47.2025102908-win32-x64\lombok\lombok-1.18.39-4050.jar path:c:\Users\Udisha\.vscode\extensions\redhat.java-1.47.2025102908-win32-x64\jre\21.0.8-win32-x86_64\bin\instrument.dll, loaded, initialized, instrumentlib options:none

dbghelp: loaded successfully - version: 4.0.5 - missing functions: none
symbol engine: initialized successfully - sym options: 0x614 - pdb path: .;c:\Users\Udisha\.vscode\extensions\redhat.java-1.47.2025102908-win32-x64\jre\21.0.8-win32-x86_64\bin;C:\WINDOWS\SYSTEM32;C:\WINDOWS\WinSxS\amd64_microsoft.windows.common-controls_6595b64144ccf1df_6.0.26100.6899_none_3e0efeeae32e88c1;c:\Users\Udisha\.vscode\extensions\redhat.java-1.47.2025102908-win32-x64\jre\21.0.8-win32-x86_64\bin\server;C:\Users\Udisha\AppData\Roaming\Code\User\globalStorage\redhat.java\1.47.2025102908\config_win\org.eclipse.equinox.launcher\org.eclipse.equinox.launcher.win32.win32.x86_64_1.2.1400.v20250801-0854;C:\Users\Udisha\AppData\Local\Temp\jna--1765895470

VM Arguments:
jvm_args: --add-modules=ALL-SYSTEM --add-opens=java.base/java.util=ALL-UNNAMED --add-opens=java.base/java.lang=ALL-UNNAMED --add-opens=java.base/sun.nio.fs=ALL-UNNAMED -Declipse.application=org.eclipse.jdt.ls.core.id1 -Dosgi.bundles.defaultStartLevel=4 -Declipse.product=org.eclipse.jdt.ls.core.product -Djava.import.generatesMetadataFilesAtProjectRoot=false -DDetectVMInstallationsJob.disabled=true -Dfile.encoding=utf8 -XX:+UseParallelGC -XX:GCTimeRatio=4 -XX:AdaptiveSizePolicyWeight=90 -Dsun.zip.disableMemoryMapping=true -Xmx2G -Xms100m -Xlog:disable -javaagent:c:\Users\Udisha\.vscode\extensions\redhat.java-1.47.2025102908-win32-x64\lombok\lombok-1.18.39-4050.jar -XX:+HeapDumpOnOutOfMemoryError -XX:HeapDumpPath=c:\Users\Udisha\AppData\Roaming\Code\User\workspaceStorage\22bec058931d4f045a43522a32a769cb\redhat.java -Daether.dependencyCollector.impl=bf -XX:+UnlockDiagnosticVMOptions -XX:+AllowArchivingWithJavaAgent -XX:+AutoCreateSharedArchive -XX:SharedArchiveFile=c:\Users\Udisha\AppData\Roaming\Code\User\globalStorage\redhat.java\1.47.2025102908\jdtls.jsa 
java_command: c:\Users\Udisha\.vscode\extensions\redhat.java-1.47.2025102908-win32-x64\server\plugins\org.eclipse.equinox.launcher_1.7.100.v20251014-1222.jar -configuration c:\Users\Udisha\AppData\Roaming\Code\User\globalStorage\redhat.java\1.47.2025102908\config_win -data c:\Users\Udisha\AppData\Roaming\Code\User\workspaceStorage\22bec058931d4f045a43522a32a769cb\redhat.java\jdt_ws --pipe=\\.\pipe\lsp-a9120f3db62285ad03fb7c62b53dd930-sock
java_class_path (initial): c:\Users\Udisha\.vscode\extensions\redhat.java-1.47.2025102908-win32-x64\server\plugins\org.eclipse.equinox.launcher_1.7.100.v20251014-1222.jar
Launcher Type: SUN_STANDARD

[Global flags]
    uintx AdaptiveSizePolicyWeight                 = 90                                        {product} {command line}
     bool AllowArchivingWithJavaAgent              = true                             {JVMCI diagnostic} {command line}
     bool AutoCreateSharedArchive                  = false                               {JVMCI product} {command line}
     intx CICompilerCount                          = 4                                         {product} {ergonomic}
    uintx GCTimeRatio                              = 4                                         {product} {command line}
     bool HeapDumpOnOutOfMemoryError               = true                                   {manageable} {command line}
    ccstr HeapDumpPath                             = c:\Users\Udisha\AppData\Roaming\Code\User\workspaceStorage\22bec058931d4f045a43522a32a769cb\redhat.java         {manageable} {command line}
   size_t InitialHeapSize                          = 104857600                                 {product} {command line}
   size_t MaxHeapSize                              = 2147483648                                {product} {command line}
   size_t MaxNewSize                               = 715653120                                 {product} {ergonomic}
   size_t MinHeapDeltaBytes                        = 524288                                    {product} {ergonomic}
   size_t MinHeapSize                              = 104857600                                 {product} {command line}
   size_t NewSize                                  = 34603008                                  {product} {ergonomic}
    uintx NonNMethodCodeHeapSize                   = 5839372                                {pd product} {ergonomic}
    uintx NonProfiledCodeHeapSize                  = 122909434                              {pd product} {ergonomic}
   size_t OldSize                                  = 70254592                                  {product} {ergonomic}
    uintx ProfiledCodeHeapSize                     = 122909434                              {pd product} {ergonomic}
    uintx ReservedCodeCacheSize                    = 251658240                              {pd product} {ergonomic}
     bool SegmentedCodeCache                       = true                                      {product} {ergonomic}
    ccstr SharedArchiveFile                        = c:\Users\Udisha\AppData\Roaming\Code\User\globalStorage\redhat.java\1.47.2025102908\jdtls.jsa      {JVMCI product} {command line}
   size_t SoftMaxHeapSize                          = 2147483648                             {manageable} {ergonomic}
     bool UnlockDiagnosticVMOptions                = true                                   {diagnostic} {command line}
     bool UseCompressedOops                        = true                           {product lp64_product} {ergonomic}
     bool UseLargePagesIndividualAllocation        = false                                  {pd product} {ergonomic}
     bool UseParallelGC                            = true                                      {product} {command line}

Logging:
Log output configuration:
 #0: stdout all=off uptime,level,tags foldmultilines=false
 #1: stderr all=off uptime,level,tags foldmultilines=false

Environment Variables:
PATH=C:\Program Files\Common Files\Oracle\Java\javapath;C:\Program Files (x86)\Common Files\Intel\Shared Files\cpp\bin\Intel64;C:\WINDOWS\system32;C:\WINDOWS;C:\WINDOWS\System32\Wbem;C:\WINDOWS\System32\WindowsPowerShell\v1.0\;C:\WINDOWS\System32\OpenSSH\;C:\Program Files\dotnet\;C:\Users\Udisha\AppData\Local\Programs\Python\Python310\Scripts\;C:\Users\Udisha\AppData\Local\Programs\Python\Python310\;C:\Program Files\Microsoft SQL Server\150\Tools\Binn\;C:\Program Files\Microsoft SQL Server\Client SDK\ODBC\170\Tools\Binn\;C:\Program Files\Git\cmd;C:\Program Files\nodejs\;C:\Users\Udisha\mongosh-2.3.2-win32-x64\bin;C:\Program Files\Cloudflare\Cloudflare WARP\;C:\Users\Udisha\miniconda3;C:\Users\Udisha\miniconda3\Scripts;C:\Users\Udisha\miniconda3\Library\bin;D:\miktex\miktex\bin\x64;C:\Users\Udisha\AppData\Roaming\npm;C:\Program Files\Java\jdk-21\bin;C:\Users\Udisha\AppData\Local\Android\Sdk\platform-tools;D:\Downloads2\apache-maven-3.9.9-bin\apache-maven-3.9.9\bin;C:\Program Files\Docker\Docker\resources\bin;C:\Program Files\PostgreSQL\18\bin;C:\Users\Udisha\AppData\Local\Programs\Python\Python310\Scripts\;C:\Users\Udisha\AppData\Local\Programs\Python\Python310\;C:\Users\Udisha\AppData\Local\Programs\Python\Python313\Scripts\;C:\Users\Udisha\AppData\Local\Programs\Python\Python313\;C:\Users\Udisha\miniconda3\condabin;C:\app\Udisha\product\21c\dbhomeXE\bin;C:\Program Files\Common Files\Oracle\Java\javapath;C:\Program Files (x86)\Common Files\Intel\Shared Files\cpp\bin\Intel64;C:\WINDOWS\system32;C:\WINDOWS;C:\WINDOWS\System32\Wbem;C:\WINDOWS\System32\WindowsPowerShell\v1.0\;C:\WINDOWS\System32\OpenSSH\;C:\Program Files\dotnet\;C:\Users\Udisha\AppData\Local\Programs\Python\Python312;C:\Users\Udisha\AppData\Local\Programs\Python\Python312\Scripts\;C:\Program Files\Microsoft SQL Server\150\Tools\Binn\;C:\Program Files\Microsoft SQL Server\Client SDK\ODBC\170\Tools\Binn\;C:\Program Files\Git\cmd;C:\Program Files\nodejs\;C:\Users\Udisha\mongosh-2.3.2-win32-x64\bin;C:\Program Files\Cloudflare\Cloudflare WARP\;C:\Users\Udisha\miniconda3;C:\Users\Udisha\miniconda3\Scripts;C:\Users\Udisha\miniconda3\Library\bin;D:\miktex\miktex\bin\x64;C:\Users\Udisha\AppData\Roaming\npm;C:\Program Files\Java\jdk-21\bin;C:\Users\Udisha\AppData\Local\Android\Sdk\platform-tools;d:\Trae\bin;C:\Users\Udisha\miniconda;C:\Users\Udisha\AppData\Local\Programs\Microsoft VS Code\bin;C:\Users\Udisha\.dotnet\tools;D:\cursor\resources\app\bin;C:\Users\Udisha\AppData\Local\Microsoft\WindowsApps;
USERNAME=Udisha
OS=Windows_NT
PROCESSOR_IDENTIFIER=Intel64 Family 6 Model 140 Stepping 1, GenuineIntel
TMP=C:\Users\Udisha\AppData\Local\Temp
TEMP=C:\Users\Udisha\AppData\Local\Temp




Periodic native trim disabled

---------------  S Y S T E M  ---------------

OS:
 Windows 11 , 64 bit Build 26100 (10.0.26100.6725)
OS uptime: 0 days 12:20 hours
Hyper-V role detected

CPU: total 8 (initial active 8) (4 cores per cpu, 2 threads per core) family 6 model 140 stepping 1 microcode 0x9a, cx8, cmov, fxsr, ht, mmx, 3dnowpref, sse, sse2, sse3, ssse3, sse4.1, sse4.2, popcnt, lzcnt, tsc, tscinvbit, avx, avx2, aes, erms, clmul, bmi1, bmi2, adx, avx512f, avx512dq, avx512cd, avx512bw, avx512vl, sha, fma, vzeroupper, avx512_vpopcntdq, avx512_vpclmulqdq, avx512_vaes, avx512_vnni, clflush, clflushopt, clwb, avx512_vbmi2, avx512_vbmi, hv, rdtscp, rdpid, fsrm, gfni, avx512_bitalg, f16c, cet_ibt, cet_ss, avx512_ifma
Processor Information for processor 0
  Max Mhz: 2419, Current Mhz: 2419, Mhz Limit: 2419
Processor Information for processor 1
  Max Mhz: 2419, Current Mhz: 1209, Mhz Limit: 2419
Processor Information for processor 2
  Max Mhz: 2419, Current Mhz: 1209, Mhz Limit: 2419
Processor Information for processor 3
  Max Mhz: 2419, Current Mhz: 2419, Mhz Limit: 2419
Processor Information for processor 4
  Max Mhz: 2419, Current Mhz: 2419, Mhz Limit: 2419
Processor Information for processor 5
  Max Mhz: 2419, Current Mhz: 1209, Mhz Limit: 2419
Processor Information for processor 6
  Max Mhz: 2419, Current Mhz: 2419, Mhz Limit: 2419
Processor Information for processor 7
  Max Mhz: 2419, Current Mhz: 2419, Mhz Limit: 2419

Memory: 4k page, system-wide physical 7991M (348M free)
TotalPageFile size 16183M (AvailPageFile size 2M)
current process WorkingSet (physical memory assigned to process): 224M, peak: 234M
current process commit charge ("private bytes"): 339M, peak: 357M

vm_info: OpenJDK 64-Bit Server VM (21.0.8+9-LTS) for windows-amd64 JRE (21.0.8+9-LTS), built on 2025-07-15T00:00:00Z by "admin" with MS VC++ 17.7 (VS2022)

END.
