#
# There is insufficient memory for the Java Runtime Environment to continue.
# Native memory allocation (malloc) failed to allocate 1459536 bytes. Error detail: Chunk::new
# Possible reasons:
#   The system is out of physical RAM or swap space
#   This process is running with CompressedOops enabled, and the Java Heap may be blocking the growth of the native heap
# Possible solutions:
#   Reduce memory load on the system
#   Increase physical memory or swap space
#   Check if swap backing store is full
#   Decrease Java heap size (-Xmx/-Xms)
#   Decrease number of Java threads
#   Decrease Java thread stack sizes (-Xss)
#   Set larger code cache with -XX:ReservedCodeCacheSize=
#   JVM is running with Unscaled Compressed Oops mode in which the Java heap is
#     placed in the first 4GB address space. The Java Heap base address is the
#     maximum limit for the native heap growth. Please use -XX:HeapBaseMinAddress
#     to set the Java Heap base and to place the Java Heap above 4GB virtual address.
# This output file may be truncated or incomplete.
#
#  Out of Memory Error (arena.cpp:168), pid=7240, tid=1632
#
# JRE version: OpenJDK Runtime Environment Temurin-21.0.8+9 (21.0.8+9) (build 21.0.8+9-LTS)
# Java VM: OpenJDK 64-Bit Server VM Temurin-21.0.8+9 (21.0.8+9-LTS, mixed mode, sharing, tiered, compressed oops, compressed class ptrs, parallel gc, windows-amd64)
# No core dump will be written. Minidumps are not enabled by default on client versions of Windows
#

---------------  S U M M A R Y ------------

Command Line: --add-modules=ALL-SYSTEM --add-opens=java.base/java.util=ALL-UNNAMED --add-opens=java.base/java.lang=ALL-UNNAMED --add-opens=java.base/sun.nio.fs=ALL-UNNAMED -Declipse.application=org.eclipse.jdt.ls.core.id1 -Dosgi.bundles.defaultStartLevel=4 -Declipse.product=org.eclipse.jdt.ls.core.product -Djava.import.generatesMetadataFilesAtProjectRoot=false -DDetectVMInstallationsJob.disabled=true -Dfile.encoding=utf8 -XX:+UseParallelGC -XX:GCTimeRatio=4 -XX:AdaptiveSizePolicyWeight=90 -Dsun.zip.disableMemoryMapping=true -Xmx2G -Xms100m -Xlog:disable -javaagent:c:\Users\Udisha\.vscode\extensions\redhat.java-1.47.2025102908-win32-x64\lombok\lombok-1.18.39-4050.jar -XX:+HeapDumpOnOutOfMemoryError -XX:HeapDumpPath=c:\Users\Udisha\AppData\Roaming\Code\User\workspaceStorage\22bec058931d4f045a43522a32a769cb\redhat.java -Daether.dependencyCollector.impl=bf -XX:+UnlockDiagnosticVMOptions -XX:+AllowArchivingWithJavaAgent -XX:+AutoCreateSharedArchive -XX:SharedArchiveFile=c:\Users\Udisha\AppData\Roaming\Code\User\globalStorage\redhat.java\1.47.2025102908\jdtls.jsa c:\Users\Udisha\.vscode\extensions\redhat.java-1.47.2025102908-win32-x64\server\plugins\org.eclipse.equinox.launcher_1.7.100.v20251014-1222.jar -configuration c:\Users\Udisha\AppData\Roaming\Code\User\globalStorage\redhat.java\1.47.2025102908\config_win -data c:\Users\Udisha\AppData\Roaming\Code\User\workspaceStorage\22bec058931d4f045a43522a32a769cb\redhat.java\jdt_ws --pipe=\\.\pipe\lsp-e448026039076ea61c3a68e644d1d2b8-sock

Host: 11th Gen Intel(R) Core(TM) i5-1135G7 @ 2.40GHz, 8 cores, 7G,  Windows 11 , 64 bit Build 26100 (10.0.26100.6725)
Time: Thu Oct 30 13:43:27 2025 India Standard Time elapsed time: 241.391370 seconds (0d 0h 4m 1s)

---------------  T H R E A D  ---------------

Current thread (0x000002c58d3876a0):  JavaThread "C2 CompilerThread0" daemon [_thread_in_native, id=1632, stack(0x000000d411400000,0x000000d411500000) (1024K)]


Current CompileTask:
C2:241391 11427   !   4       org.eclipse.jdt.internal.core.search.indexing.BinaryIndexer::indexDocument (1172 bytes)

Stack: [0x000000d411400000,0x000000d411500000]
Native frames: (J=compiled Java code, j=interpreted, Vv=VM code, C=native code)
V  [jvm.dll+0x6d2449]
V  [jvm.dll+0x8ae341]
V  [jvm.dll+0x8b08be]
V  [jvm.dll+0x8b0fa3]
V  [jvm.dll+0x280c96]
V  [jvm.dll+0xc581d]
V  [jvm.dll+0xc5d53]
V  [jvm.dll+0x3b9162]
V  [jvm.dll+0x385315]
V  [jvm.dll+0x38477a]
V  [jvm.dll+0x248ed0]
V  [jvm.dll+0x2484af]
V  [jvm.dll+0x1c89ee]
V  [jvm.dll+0x257d4d]
V  [jvm.dll+0x2562ea]
V  [jvm.dll+0x3f2d16]
V  [jvm.dll+0x857e6b]
V  [jvm.dll+0x6d0b0d]
C  [ucrtbase.dll+0x37b0]
C  [KERNEL32.DLL+0x2e8d7]
C  [ntdll.dll+0x8c53c]


---------------  P R O C E S S  ---------------

Threads class SMR info:
_java_thread_list=0x000002c5f122b3e0, length=50, elements={
0x000002c58af1ceb0, 0x000002c58d4be230, 0x000002c58d376540, 0x000002c58d37c940,
0x000002c58d37d390, 0x000002c58d37f2a0, 0x000002c58d383420, 0x000002c58d3876a0,
0x000002c58d38ba00, 0x000002c5ea722f80, 0x000002c5eaa3ef10, 0x000002c5ef946dd0,
0x000002c5ef696d60, 0x000002c5ea695810, 0x000002c5ea696650, 0x000002c5ef8b11a0,
0x000002c5efc118b0, 0x000002c5efe39f20, 0x000002c5ef7416f0, 0x000002c5ef7444e0,
0x000002c5ef741d80, 0x000002c5ef7437c0, 0x000002c5ef741060, 0x000002c5efa6d010,
0x000002c5efa6b5d0, 0x000002c5efa6dd30, 0x000002c5efa6c980, 0x000002c5efa6e3c0,
0x000002c5efa6d6a0, 0x000002c5efa6ea50, 0x000002c5efa6f0e0, 0x000002c5efa6bc60,
0x000002c5efa72bf0, 0x000002c5efa72560, 0x000002c5efa6f770, 0x000002c5efa6fe00,
0x000002c5efa711b0, 0x000002c5efa70490, 0x000002c5efa70b20, 0x000002c5f31d36c0,
0x000002c5f31d5790, 0x000002c5f31d43e0, 0x000002c5f31d5e20, 0x000002c5f31d64b0,
0x000002c5efa71840, 0x000002c5f31d4a70, 0x000002c5f31d3d50, 0x000002c5f31d6b40,
0x000002c5f31d5100, 0x000002c5ef742410
}

Java Threads: ( => current thread )
  0x000002c58af1ceb0 JavaThread "main"                              [_thread_blocked, id=9724, stack(0x000000d410a00000,0x000000d410b00000) (1024K)]
  0x000002c58d4be230 JavaThread "Reference Handler"          daemon [_thread_blocked, id=1740, stack(0x000000d410e00000,0x000000d410f00000) (1024K)]
  0x000002c58d376540 JavaThread "Finalizer"                  daemon [_thread_blocked, id=12372, stack(0x000000d410f00000,0x000000d411000000) (1024K)]
  0x000002c58d37c940 JavaThread "Signal Dispatcher"          daemon [_thread_blocked, id=4768, stack(0x000000d411000000,0x000000d411100000) (1024K)]
  0x000002c58d37d390 JavaThread "Attach Listener"            daemon [_thread_blocked, id=7212, stack(0x000000d411100000,0x000000d411200000) (1024K)]
  0x000002c58d37f2a0 JavaThread "Service Thread"             daemon [_thread_blocked, id=3124, stack(0x000000d411200000,0x000000d411300000) (1024K)]
  0x000002c58d383420 JavaThread "Monitor Deflation Thread"   daemon [_thread_blocked, id=21468, stack(0x000000d411300000,0x000000d411400000) (1024K)]
=>0x000002c58d3876a0 JavaThread "C2 CompilerThread0"         daemon [_thread_in_native, id=1632, stack(0x000000d411400000,0x000000d411500000) (1024K)]
  0x000002c58d38ba00 JavaThread "C1 CompilerThread0"         daemon [_thread_blocked, id=856, stack(0x000000d411500000,0x000000d411600000) (1024K)]
  0x000002c5ea722f80 JavaThread "Common-Cleaner"             daemon [_thread_blocked, id=21544, stack(0x000000d411600000,0x000000d411700000) (1024K)]
  0x000002c5eaa3ef10 JavaThread "Notification Thread"        daemon [_thread_blocked, id=19364, stack(0x000000d411800000,0x000000d411900000) (1024K)]
  0x000002c5ef946dd0 JavaThread "Active Thread: Equinox Container: 9ac56584-fb7d-4e5a-994a-dabaff37c45b"        [_thread_blocked, id=21484, stack(0x000000d411f00000,0x000000d412000000) (1024K)]
  0x000002c5ef696d60 JavaThread "Refresh Thread: Equinox Container: 9ac56584-fb7d-4e5a-994a-dabaff37c45b" daemon [_thread_blocked, id=8600, stack(0x000000d411700000,0x000000d411800000) (1024K)]
  0x000002c5ea695810 JavaThread "Framework Event Dispatcher: Equinox Container: 9ac56584-fb7d-4e5a-994a-dabaff37c45b" daemon [_thread_blocked, id=7436, stack(0x000000d412100000,0x000000d412200000) (1024K)]
  0x000002c5ea696650 JavaThread "Start Level: Equinox Container: 9ac56584-fb7d-4e5a-994a-dabaff37c45b" daemon [_thread_blocked, id=15148, stack(0x000000d412200000,0x000000d412300000) (1024K)]
  0x000002c5ef8b11a0 JavaThread "Bundle File Closer"         daemon [_thread_blocked, id=852, stack(0x000000d412300000,0x000000d412400000) (1024K)]
  0x000002c5efc118b0 JavaThread "SCR Component Actor"        daemon [_thread_blocked, id=12160, stack(0x000000d412400000,0x000000d412500000) (1024K)]
  0x000002c5efe39f20 JavaThread "Worker-JM"                         [_thread_blocked, id=21184, stack(0x000000d412700000,0x000000d412800000) (1024K)]
  0x000002c5ef7416f0 JavaThread "JNA Cleaner"                daemon [_thread_blocked, id=11752, stack(0x000000d412800000,0x000000d412900000) (1024K)]
  0x000002c5ef7444e0 JavaThread "Worker-1: Refreshing workspace"        [_thread_blocked, id=18412, stack(0x000000d412a00000,0x000000d412b00000) (1024K)]
  0x000002c5ef741d80 JavaThread "Worker-2"                          [_thread_blocked, id=5504, stack(0x000000d412b00000,0x000000d412c00000) (1024K)]
  0x000002c5ef7437c0 JavaThread "Java indexing"              daemon [_thread_in_Java, id=17260, stack(0x000000d412d00000,0x000000d412e00000) (1024K)]
  0x000002c5ef741060 JavaThread "Worker-5"                          [_thread_blocked, id=11544, stack(0x000000d413100000,0x000000d413200000) (1024K)]
  0x000002c5efa6d010 JavaThread "Worker-7: Synchronize Gradle projects with workspace"        [_thread_blocked, id=9996, stack(0x000000d413300000,0x000000d413400000) (1024K)]
  0x000002c5efa6b5d0 JavaThread "Thread-1"                   daemon [_thread_in_native, id=16156, stack(0x000000d413400000,0x000000d413500000) (1024K)]
  0x000002c5efa6dd30 JavaThread "Thread-2"                   daemon [_thread_in_native, id=22220, stack(0x000000d413500000,0x000000d413600000) (1024K)]
  0x000002c5efa6c980 JavaThread "Thread-3"                   daemon [_thread_in_native, id=11908, stack(0x000000d413600000,0x000000d413700000) (1024K)]
  0x000002c5efa6e3c0 JavaThread "Thread-4"                   daemon [_thread_in_native, id=4528, stack(0x000000d413700000,0x000000d413800000) (1024K)]
  0x000002c5efa6d6a0 JavaThread "Thread-5"                   daemon [_thread_in_native, id=10008, stack(0x000000d413800000,0x000000d413900000) (1024K)]
  0x000002c5efa6ea50 JavaThread "Thread-6"                   daemon [_thread_in_native, id=15896, stack(0x000000d413900000,0x000000d413a00000) (1024K)]
  0x000002c5efa6f0e0 JavaThread "Thread-7"                   daemon [_thread_in_native, id=21940, stack(0x000000d413a00000,0x000000d413b00000) (1024K)]
  0x000002c5efa6bc60 JavaThread "Thread-8"                   daemon [_thread_in_native, id=18688, stack(0x000000d413b00000,0x000000d413c00000) (1024K)]
  0x000002c5efa72bf0 JavaThread "Thread-9"                   daemon [_thread_in_native, id=19400, stack(0x000000d413c00000,0x000000d413d00000) (1024K)]
  0x000002c5efa72560 JavaThread "pool-2-thread-1"                   [_thread_blocked, id=6012, stack(0x000000d413d00000,0x000000d413e00000) (1024K)]
  0x000002c5efa6f770 JavaThread "WorkspaceEventsHandler"            [_thread_blocked, id=16696, stack(0x000000d413e00000,0x000000d413f00000) (1024K)]
  0x000002c5efa6fe00 JavaThread "pool-1-thread-1"                   [_thread_blocked, id=8788, stack(0x000000d413f00000,0x000000d414000000) (1024K)]
  0x000002c5efa711b0 JavaThread "Worker-8: Initialize Workspace"        [_thread_in_Java, id=21108, stack(0x000000d414000000,0x000000d414100000) (1024K)]
  0x000002c5efa70490 JavaThread "Timer-0"                           [_thread_blocked, id=20484, stack(0x000000d414100000,0x000000d414200000) (1024K)]
  0x000002c5efa70b20 JavaThread "Timer-1"                           [_thread_blocked, id=15172, stack(0x000000d414200000,0x000000d414300000) (1024K)]
  0x000002c5f31d36c0 JavaThread "Timer-2"                           [_thread_blocked, id=9988, stack(0x000000d412500000,0x000000d412600000) (1024K)]
  0x000002c5f31d5790 JavaThread "Timer-3"                           [_thread_blocked, id=16776, stack(0x000000d412600000,0x000000d412700000) (1024K)]
  0x000002c5f31d43e0 JavaThread "Timer-4"                           [_thread_blocked, id=1116, stack(0x000000d414600000,0x000000d414700000) (1024K)]
  0x000002c5f31d5e20 JavaThread "Timer-5"                           [_thread_blocked, id=14868, stack(0x000000d414300000,0x000000d414400000) (1024K)]
  0x000002c5f31d64b0 JavaThread "Timer-6"                           [_thread_blocked, id=5860, stack(0x000000d414a00000,0x000000d414b00000) (1024K)]
  0x000002c5efa71840 JavaThread "Timer-7"                           [_thread_blocked, id=1280, stack(0x000000d414b00000,0x000000d414c00000) (1024K)]
  0x000002c5f31d4a70 JavaThread "Timer-8"                           [_thread_blocked, id=20816, stack(0x000000d410700000,0x000000d410800000) (1024K)]
  0x000002c5f31d3d50 JavaThread "Timer-9"                           [_thread_blocked, id=9780, stack(0x000000d410800000,0x000000d410900000) (1024K)]
  0x000002c5f31d6b40 JavaThread "Worker-9: Java indexing... "        [_thread_blocked, id=20820, stack(0x000000d412c00000,0x000000d412d00000) (1024K)]
  0x000002c5f31d5100 JavaThread "Worker-10"                         [_thread_blocked, id=23100, stack(0x000000d412e00000,0x000000d412f00000) (1024K)]
  0x000002c5ef742410 JavaThread "Worker-11"                         [_thread_blocked, id=3360, stack(0x000000d412f00000,0x000000d413000000) (1024K)]
Total: 50

Other Threads:
  0x000002c58d372540 VMThread "VM Thread"                           [id=16240, stack(0x000000d410d00000,0x000000d410e00000) (1024K)]
  0x000002c58d46e8f0 WatcherThread "VM Periodic Task Thread"        [id=20716, stack(0x000000d410c00000,0x000000d410d00000) (1024K)]
  0x000002c58d420d50 WorkerThread "GC Thread#0"                     [id=4104, stack(0x000000d410b00000,0x000000d410c00000) (1024K)]
  0x000002c5ef258a60 WorkerThread "GC Thread#1"                     [id=14948, stack(0x000000d411900000,0x000000d411a00000) (1024K)]
  0x000002c5ef258e00 WorkerThread "GC Thread#2"                     [id=16508, stack(0x000000d411a00000,0x000000d411b00000) (1024K)]
  0x000002c5ef3bb900 WorkerThread "GC Thread#3"                     [id=22820, stack(0x000000d411b00000,0x000000d411c00000) (1024K)]
  0x000002c5ef3bbca0 WorkerThread "GC Thread#4"                     [id=17804, stack(0x000000d411c00000,0x000000d411d00000) (1024K)]
  0x000002c5ef3bc040 WorkerThread "GC Thread#5"                     [id=18000, stack(0x000000d411d00000,0x000000d411e00000) (1024K)]
  0x000002c5ef3bc3e0 WorkerThread "GC Thread#6"                     [id=22240, stack(0x000000d411e00000,0x000000d411f00000) (1024K)]
  0x000002c5ef3bcb20 WorkerThread "GC Thread#7"                     [id=1868, stack(0x000000d412000000,0x000000d412100000) (1024K)]
Total: 10

Threads with active compile tasks:
C2 CompilerThread0  241570 11427   !   4       org.eclipse.jdt.internal.core.search.indexing.BinaryIndexer::indexDocument (1172 bytes)
Total: 1

VM state: not at safepoint (normal execution)

VM Mutex/Monitor currently owned by a thread: None

Heap address: 0x0000000080000000, size: 2048 MB, Compressed Oops mode: 32-bit

CDS archive(s) mapped at: [0x000002c5a4000000-0x000002c5a4ba0000-0x000002c5a89a0000), size 77201408, SharedBaseAddress: 0x000002c5a4000000, ArchiveRelocationMode: 1.
Compressed class space mapped at: 0x000002c5a9000000-0x000002c5e9000000, reserved size: 1073741824
Narrow klass base: 0x000002c5a4000000, Narrow klass shift: 0, Narrow klass range: 0x100000000

GC Precious Log:
 CardTable entry size: 512
 CPUs: 8 total, 8 available
 Memory: 7991M
 Large Page Support: Disabled
 NUMA Support: Disabled
 Compressed Oops: Enabled (32-bit)
 Alignments: Space 512K, Generation 512K, Heap 2M
 Heap Min Capacity: 100M
 Heap Initial Capacity: 100M
 Heap Max Capacity: 2G
 Pre-touch: Disabled
 Parallel Workers: 8

Heap:
 PSYoungGen      total 9216K, used 3480K [0x00000000d5580000, 0x00000000d6280000, 0x0000000100000000)
  eden space 8704K, 34% used [0x00000000d5580000,0x00000000d5868c68,0x00000000d5e00000)
  from space 512K, 97% used [0x00000000d6000000,0x00000000d607d690,0x00000000d6080000)
  to   space 2048K, 0% used [0x00000000d5e00000,0x00000000d5e00000,0x00000000d6000000)
 ParOldGen       total 260608K, used 260439K [0x0000000080000000, 0x000000008fe80000, 0x00000000d5580000)
  object space 260608K, 99% used [0x0000000080000000,0x000000008fe55c30,0x000000008fe80000)
 Metaspace       used 26157K, committed 27264K, reserved 1114112K
  class space    used 2614K, committed 3136K, reserved 1048576K

Card table byte_map: [0x000002c58cda0000,0x000002c58d1b0000] _byte_map_base: 0x000002c58c9a0000

Marking Bits: (ParMarkBitMap*) 0x00007ffac26ba340
 Begin Bits: [0x000002c59f8a0000, 0x000002c5a18a0000)
 End Bits:   [0x000002c5a18a0000, 0x000002c5a38a0000)

Polling page: 0x000002c58b1b0000

Metaspace:

Usage:
  Non-class:     22.99 MB used.
      Class:      2.55 MB used.
       Both:     25.54 MB used.

Virtual space:
  Non-class space:       64.00 MB reserved,      23.56 MB ( 37%) committed,  1 nodes.
      Class space:        1.00 GB reserved,       3.06 MB ( <1%) committed,  1 nodes.
             Both:        1.06 GB reserved,      26.62 MB (  2%) committed. 

Chunk freelists:
   Non-Class:  8.47 MB
       Class:  12.90 MB
        Both:  21.37 MB

MaxMetaspaceSize: unlimited
CompressedClassSpaceSize: 1.00 GB
Initial GC threshold: 21.00 MB
Current GC threshold: 35.00 MB
CDS: on
 - commit_granule_bytes: 65536.
 - commit_granule_words: 8192.
 - virtual_space_node_default_size: 8388608.
 - enlarge_chunks_in_place: 1.
 - use_allocation_guard: 0.


Internal statistics:

num_allocs_failed_limit: 3.
num_arena_births: 1058.
num_arena_deaths: 8.
num_vsnodes_births: 2.
num_vsnodes_deaths: 0.
num_space_committed: 426.
num_space_uncommitted: 0.
num_chunks_returned_to_freelist: 11.
num_chunks_taken_from_freelist: 2475.
num_chunk_merges: 7.
num_chunk_splits: 1483.
num_chunks_enlarged: 789.
num_inconsistent_stats: 0.

CodeHeap 'non-profiled nmethods': size=120000Kb used=11191Kb max_used=11191Kb free=108808Kb
 bounds [0x000002c5980c0000, 0x000002c598bb0000, 0x000002c59f5f0000]
CodeHeap 'profiled nmethods': size=120000Kb used=25018Kb max_used=25018Kb free=94982Kb
 bounds [0x000002c5905f0000, 0x000002c591e60000, 0x000002c597b20000]
CodeHeap 'non-nmethods': size=5760Kb used=1417Kb max_used=1518Kb free=4342Kb
 bounds [0x000002c597b20000, 0x000002c597d90000, 0x000002c5980c0000]
CodeCache: size=245760Kb, used=37626Kb, max_used=37727Kb, free=208132Kb
 total_blobs=12149, nmethods=11435, adapters=620, full_count=0
Compilation: enabled, stopped_count=0, restarted_count=0

Compilation events (20 events):
Event: 241.299 Thread 0x000002c58d38ba00 11433       1       org.eclipse.core.internal.events.ResourceDelta::setNewInfo (6 bytes)
Event: 241.299 Thread 0x000002c58d38ba00 nmethod 11433 0x000002c598bad390 code [0x000002c598bad520, 0x000002c598bad600]
Event: 241.299 Thread 0x000002c58d38ba00 11434       1       org.eclipse.core.internal.events.ResourceDelta::setChildren (6 bytes)
Event: 241.299 Thread 0x000002c58d38ba00 nmethod 11434 0x000002c598bad690 code [0x000002c598bad820, 0x000002c598bad900]
Event: 241.299 Thread 0x000002c58d38ba00 11436       1       org.eclipse.core.internal.events.ResourceDeltaInfo::getNodeIDMap (5 bytes)
Event: 241.299 Thread 0x000002c58d38ba00 nmethod 11436 0x000002c598bad990 code [0x000002c598badb20, 0x000002c598badbe8]
Event: 241.314 Thread 0x000002c58d38ba00 11437  s!   3       org.eclipse.jdt.internal.core.DeltaProcessingState::getOldJavaProjecNames (86 bytes)
Event: 241.317 Thread 0x000002c58d38ba00 nmethod 11437 0x000002c591e52d10 code [0x000002c591e52fa0, 0x000002c591e53d90]
Event: 241.326 Thread 0x000002c58d38ba00 11438       3       java.util.LinkedHashMap::keysToArray (80 bytes)
Event: 241.326 Thread 0x000002c58d38ba00 nmethod 11438 0x000002c591e54310 code [0x000002c591e544e0, 0x000002c591e54a78]
Event: 241.347 Thread 0x000002c58d38ba00 11439       3       org.eclipse.jdt.internal.core.ClasspathEntry::equalAttributes (55 bytes)
Event: 241.347 Thread 0x000002c58d38ba00 nmethod 11439 0x000002c591e54c90 code [0x000002c591e54e80, 0x000002c591e552c8]
Event: 241.365 Thread 0x000002c58d38ba00 11441       3       org.eclipse.jdt.internal.core.JavaModel::getJavaProject (23 bytes)
Event: 241.366 Thread 0x000002c58d38ba00 nmethod 11441 0x000002c591e55410 code [0x000002c591e55600, 0x000002c591e55bc0]
Event: 241.366 Thread 0x000002c58d38ba00 11442       3       org.eclipse.jdt.internal.core.DeltaProcessingState::findJavaProject (26 bytes)
Event: 241.366 Thread 0x000002c58d38ba00 nmethod 11442 0x000002c591e55e90 code [0x000002c591e560c0, 0x000002c591e56710]
Event: 241.366 Thread 0x000002c58d38ba00 11444       3       org.eclipse.core.internal.events.ResourceDelta::accept (162 bytes)
Event: 241.367 Thread 0x000002c58d38ba00 nmethod 11444 0x000002c591e56a90 code [0x000002c591e56ce0, 0x000002c591e57540]
Event: 241.367 Thread 0x000002c58d38ba00 11443       3       org.eclipse.jdt.internal.core.DeltaProcessor::externalPath (23 bytes)
Event: 241.368 Thread 0x000002c58d38ba00 nmethod 11443 0x000002c591e57810 code [0x000002c591e57a00, 0x000002c591e57ee8]

GC Heap History (20 events):
Event: 239.903 GC heap before
{Heap before GC invocations=553 (full 1):
 PSYoungGen      total 10240K, used 10240K [0x00000000d5580000, 0x00000000d6180000, 0x0000000100000000)
  eden space 9216K, 100% used [0x00000000d5580000,0x00000000d5e80000,0x00000000d5e80000)
  from space 1024K, 100% used [0x00000000d5e80000,0x00000000d5f80000,0x00000000d5f80000)
  to   space 1536K, 0% used [0x00000000d6000000,0x00000000d6000000,0x00000000d6180000)
 ParOldGen       total 251904K, used 251773K [0x0000000080000000, 0x000000008f600000, 0x00000000d5580000)
  object space 251904K, 99% used [0x0000000080000000,0x000000008f5df7f8,0x000000008f600000)
 Metaspace       used 26122K, committed 27264K, reserved 1114112K
  class space    used 2614K, committed 3136K, reserved 1048576K
}
Event: 239.916 GC heap after
{Heap after GC invocations=553 (full 1):
 PSYoungGen      total 10752K, used 1014K [0x00000000d5580000, 0x00000000d6180000, 0x0000000100000000)
  eden space 9216K, 0% used [0x00000000d5580000,0x00000000d5580000,0x00000000d5e80000)
  from space 1536K, 66% used [0x00000000d6000000,0x00000000d60fd808,0x00000000d6180000)
  to   space 1536K, 0% used [0x00000000d5e80000,0x00000000d5e80000,0x00000000d6000000)
 ParOldGen       total 252928K, used 252725K [0x0000000080000000, 0x000000008f700000, 0x00000000d5580000)
  object space 252928K, 99% used [0x0000000080000000,0x000000008f6cd7f8,0x000000008f700000)
 Metaspace       used 26122K, committed 27264K, reserved 1114112K
  class space    used 2614K, committed 3136K, reserved 1048576K
}
Event: 240.036 GC heap before
{Heap before GC invocations=554 (full 1):
 PSYoungGen      total 10752K, used 10230K [0x00000000d5580000, 0x00000000d6180000, 0x0000000100000000)
  eden space 9216K, 100% used [0x00000000d5580000,0x00000000d5e80000,0x00000000d5e80000)
  from space 1536K, 66% used [0x00000000d6000000,0x00000000d60fd808,0x00000000d6180000)
  to   space 1536K, 0% used [0x00000000d5e80000,0x00000000d5e80000,0x00000000d6000000)
 ParOldGen       total 252928K, used 252725K [0x0000000080000000, 0x000000008f700000, 0x00000000d5580000)
  object space 252928K, 99% used [0x0000000080000000,0x000000008f6cd7f8,0x000000008f700000)
 Metaspace       used 26122K, committed 27264K, reserved 1114112K
  class space    used 2614K, committed 3136K, reserved 1048576K
}
Event: 240.049 GC heap after
{Heap after GC invocations=554 (full 1):
 PSYoungGen      total 10240K, used 1003K [0x00000000d5580000, 0x00000000d6080000, 0x0000000100000000)
  eden space 9216K, 0% used [0x00000000d5580000,0x00000000d5580000,0x00000000d5e80000)
  from space 1024K, 98% used [0x00000000d5e80000,0x00000000d5f7ae60,0x00000000d5f80000)
  to   space 1024K, 0% used [0x00000000d5f80000,0x00000000d5f80000,0x00000000d6080000)
 ParOldGen       total 253440K, used 253413K [0x0000000080000000, 0x000000008f780000, 0x00000000d5580000)
  object space 253440K, 99% used [0x0000000080000000,0x000000008f7797f8,0x000000008f780000)
 Metaspace       used 26122K, committed 27264K, reserved 1114112K
  class space    used 2614K, committed 3136K, reserved 1048576K
}
Event: 240.229 GC heap before
{Heap before GC invocations=555 (full 1):
 PSYoungGen      total 10240K, used 10219K [0x00000000d5580000, 0x00000000d6080000, 0x0000000100000000)
  eden space 9216K, 100% used [0x00000000d5580000,0x00000000d5e80000,0x00000000d5e80000)
  from space 1024K, 98% used [0x00000000d5e80000,0x00000000d5f7ae60,0x00000000d5f80000)
  to   space 1024K, 0% used [0x00000000d5f80000,0x00000000d5f80000,0x00000000d6080000)
 ParOldGen       total 253440K, used 253413K [0x0000000080000000, 0x000000008f780000, 0x00000000d5580000)
  object space 253440K, 99% used [0x0000000080000000,0x000000008f7797f8,0x000000008f780000)
 Metaspace       used 26132K, committed 27264K, reserved 1114112K
  class space    used 2614K, committed 3136K, reserved 1048576K
}
Event: 240.232 GC heap after
{Heap after GC invocations=555 (full 1):
 PSYoungGen      total 10240K, used 832K [0x00000000d5580000, 0x00000000d6080000, 0x0000000100000000)
  eden space 9216K, 0% used [0x00000000d5580000,0x00000000d5580000,0x00000000d5e80000)
  from space 1024K, 81% used [0x00000000d5f80000,0x00000000d6050000,0x00000000d6080000)
  to   space 1024K, 0% used [0x00000000d5e80000,0x00000000d5e80000,0x00000000d5f80000)
 ParOldGen       total 254464K, used 254210K [0x0000000080000000, 0x000000008f880000, 0x00000000d5580000)
  object space 254464K, 99% used [0x0000000080000000,0x000000008f840800,0x000000008f880000)
 Metaspace       used 26132K, committed 27264K, reserved 1114112K
  class space    used 2614K, committed 3136K, reserved 1048576K
}
Event: 240.279 GC heap before
{Heap before GC invocations=556 (full 1):
 PSYoungGen      total 10240K, used 10048K [0x00000000d5580000, 0x00000000d6080000, 0x0000000100000000)
  eden space 9216K, 100% used [0x00000000d5580000,0x00000000d5e80000,0x00000000d5e80000)
  from space 1024K, 81% used [0x00000000d5f80000,0x00000000d6050000,0x00000000d6080000)
  to   space 1024K, 0% used [0x00000000d5e80000,0x00000000d5e80000,0x00000000d5f80000)
 ParOldGen       total 254464K, used 254210K [0x0000000080000000, 0x000000008f880000, 0x00000000d5580000)
  object space 254464K, 99% used [0x0000000080000000,0x000000008f840800,0x000000008f880000)
 Metaspace       used 26132K, committed 27264K, reserved 1114112K
  class space    used 2614K, committed 3136K, reserved 1048576K
}
Event: 240.282 GC heap after
{Heap after GC invocations=556 (full 1):
 PSYoungGen      total 10240K, used 768K [0x00000000d5580000, 0x00000000d6080000, 0x0000000100000000)
  eden space 9216K, 0% used [0x00000000d5580000,0x00000000d5580000,0x00000000d5e80000)
  from space 1024K, 75% used [0x00000000d5e80000,0x00000000d5f40000,0x00000000d5f80000)
  to   space 1024K, 0% used [0x00000000d5f80000,0x00000000d5f80000,0x00000000d6080000)
 ParOldGen       total 254976K, used 254943K [0x0000000080000000, 0x000000008f900000, 0x00000000d5580000)
  object space 254976K, 99% used [0x0000000080000000,0x000000008f8f7e10,0x000000008f900000)
 Metaspace       used 26132K, committed 27264K, reserved 1114112K
  class space    used 2614K, committed 3136K, reserved 1048576K
}
Event: 240.320 GC heap before
{Heap before GC invocations=557 (full 1):
 PSYoungGen      total 10240K, used 9984K [0x00000000d5580000, 0x00000000d6080000, 0x0000000100000000)
  eden space 9216K, 100% used [0x00000000d5580000,0x00000000d5e80000,0x00000000d5e80000)
  from space 1024K, 75% used [0x00000000d5e80000,0x00000000d5f40000,0x00000000d5f80000)
  to   space 1024K, 0% used [0x00000000d5f80000,0x00000000d5f80000,0x00000000d6080000)
 ParOldGen       total 254976K, used 254943K [0x0000000080000000, 0x000000008f900000, 0x00000000d5580000)
  object space 254976K, 99% used [0x0000000080000000,0x000000008f8f7e10,0x000000008f900000)
 Metaspace       used 26132K, committed 27264K, reserved 1114112K
  class space    used 2614K, committed 3136K, reserved 1048576K
}
Event: 240.341 GC heap after
{Heap after GC invocations=557 (full 1):
 PSYoungGen      total 10240K, used 864K [0x00000000d5580000, 0x00000000d6080000, 0x0000000100000000)
  eden space 9216K, 0% used [0x00000000d5580000,0x00000000d5580000,0x00000000d5e80000)
  from space 1024K, 84% used [0x00000000d5f80000,0x00000000d6058000,0x00000000d6080000)
  to   space 1024K, 0% used [0x00000000d5e80000,0x00000000d5e80000,0x00000000d5f80000)
 ParOldGen       total 256000K, used 255679K [0x0000000080000000, 0x000000008fa00000, 0x00000000d5580000)
  object space 256000K, 99% used [0x0000000080000000,0x000000008f9afe10,0x000000008fa00000)
 Metaspace       used 26132K, committed 27264K, reserved 1114112K
  class space    used 2614K, committed 3136K, reserved 1048576K
}
Event: 240.362 GC heap before
{Heap before GC invocations=558 (full 1):
 PSYoungGen      total 10240K, used 10066K [0x00000000d5580000, 0x00000000d6080000, 0x0000000100000000)
  eden space 9216K, 99% used [0x00000000d5580000,0x00000000d5e7cbf0,0x00000000d5e80000)
  from space 1024K, 84% used [0x00000000d5f80000,0x00000000d6058000,0x00000000d6080000)
  to   space 1024K, 0% used [0x00000000d5e80000,0x00000000d5e80000,0x00000000d5f80000)
 ParOldGen       total 256000K, used 255679K [0x0000000080000000, 0x000000008fa00000, 0x00000000d5580000)
  object space 256000K, 99% used [0x0000000080000000,0x000000008f9afe10,0x000000008fa00000)
 Metaspace       used 26132K, committed 27264K, reserved 1114112K
  class space    used 2614K, committed 3136K, reserved 1048576K
}
Event: 240.374 GC heap after
{Heap after GC invocations=558 (full 1):
 PSYoungGen      total 10240K, used 1016K [0x00000000d5580000, 0x00000000d6280000, 0x0000000100000000)
  eden space 9216K, 0% used [0x00000000d5580000,0x00000000d5580000,0x00000000d5e80000)
  from space 1024K, 99% used [0x00000000d5e80000,0x00000000d5f7e008,0x00000000d5f80000)
  to   space 2048K, 0% used [0x00000000d6080000,0x00000000d6080000,0x00000000d6280000)
 ParOldGen       total 256512K, used 256436K [0x0000000080000000, 0x000000008fa80000, 0x00000000d5580000)
  object space 256512K, 99% used [0x0000000080000000,0x000000008fa6d018,0x000000008fa80000)
 Metaspace       used 26132K, committed 27264K, reserved 1114112K
  class space    used 2614K, committed 3136K, reserved 1048576K
}
Event: 240.888 GC heap before
{Heap before GC invocations=559 (full 1):
 PSYoungGen      total 10240K, used 10232K [0x00000000d5580000, 0x00000000d6280000, 0x0000000100000000)
  eden space 9216K, 100% used [0x00000000d5580000,0x00000000d5e80000,0x00000000d5e80000)
  from space 1024K, 99% used [0x00000000d5e80000,0x00000000d5f7e008,0x00000000d5f80000)
  to   space 2048K, 0% used [0x00000000d6080000,0x00000000d6080000,0x00000000d6280000)
 ParOldGen       total 256512K, used 256436K [0x0000000080000000, 0x000000008fa80000, 0x00000000d5580000)
  object space 256512K, 99% used [0x0000000080000000,0x000000008fa6d018,0x000000008fa80000)
 Metaspace       used 26135K, committed 27264K, reserved 1114112K
  class space    used 2614K, committed 3136K, reserved 1048576K
}
Event: 240.910 GC heap after
{Heap after GC invocations=559 (full 1):
 PSYoungGen      total 10240K, used 704K [0x00000000d5580000, 0x00000000d6180000, 0x0000000100000000)
  eden space 9216K, 0% used [0x00000000d5580000,0x00000000d5580000,0x00000000d5e80000)
  from space 1024K, 68% used [0x00000000d6080000,0x00000000d6130000,0x00000000d6180000)
  to   space 1536K, 0% used [0x00000000d5e80000,0x00000000d5e80000,0x00000000d6000000)
 ParOldGen       total 257536K, used 257420K [0x0000000080000000, 0x000000008fb80000, 0x00000000d5580000)
  object space 257536K, 99% used [0x0000000080000000,0x000000008fb63020,0x000000008fb80000)
 Metaspace       used 26135K, committed 27264K, reserved 1114112K
  class space    used 2614K, committed 3136K, reserved 1048576K
}
Event: 240.933 GC heap before
{Heap before GC invocations=560 (full 1):
 PSYoungGen      total 10240K, used 9920K [0x00000000d5580000, 0x00000000d6180000, 0x0000000100000000)
  eden space 9216K, 100% used [0x00000000d5580000,0x00000000d5e80000,0x00000000d5e80000)
  from space 1024K, 68% used [0x00000000d6080000,0x00000000d6130000,0x00000000d6180000)
  to   space 1536K, 0% used [0x00000000d5e80000,0x00000000d5e80000,0x00000000d6000000)
 ParOldGen       total 257536K, used 257420K [0x0000000080000000, 0x000000008fb80000, 0x00000000d5580000)
  object space 257536K, 99% used [0x0000000080000000,0x000000008fb63020,0x000000008fb80000)
 Metaspace       used 26135K, committed 27264K, reserved 1114112K
  class space    used 2614K, committed 3136K, reserved 1048576K
}
Event: 240.935 GC heap after
{Heap after GC invocations=560 (full 1):
 PSYoungGen      total 10752K, used 864K [0x00000000d5580000, 0x00000000d6100000, 0x0000000100000000)
  eden space 9216K, 0% used [0x00000000d5580000,0x00000000d5580000,0x00000000d5e80000)
  from space 1536K, 56% used [0x00000000d5e80000,0x00000000d5f58000,0x00000000d6000000)
  to   space 1024K, 0% used [0x00000000d6000000,0x00000000d6000000,0x00000000d6100000)
 ParOldGen       total 258048K, used 257951K [0x0000000080000000, 0x000000008fc00000, 0x00000000d5580000)
  object space 258048K, 99% used [0x0000000080000000,0x000000008fbe7c30,0x000000008fc00000)
 Metaspace       used 26135K, committed 27264K, reserved 1114112K
  class space    used 2614K, committed 3136K, reserved 1048576K
}
Event: 241.002 GC heap before
{Heap before GC invocations=561 (full 1):
 PSYoungGen      total 10752K, used 10080K [0x00000000d5580000, 0x00000000d6100000, 0x0000000100000000)
  eden space 9216K, 100% used [0x00000000d5580000,0x00000000d5e80000,0x00000000d5e80000)
  from space 1536K, 56% used [0x00000000d5e80000,0x00000000d5f58000,0x00000000d6000000)
  to   space 1024K, 0% used [0x00000000d6000000,0x00000000d6000000,0x00000000d6100000)
 ParOldGen       total 258048K, used 257951K [0x0000000080000000, 0x000000008fc00000, 0x00000000d5580000)
  object space 258048K, 99% used [0x0000000080000000,0x000000008fbe7c30,0x000000008fc00000)
 Metaspace       used 26135K, committed 27264K, reserved 1114112K
  class space    used 2614K, committed 3136K, reserved 1048576K
}
Event: 241.009 GC heap after
{Heap after GC invocations=561 (full 1):
 PSYoungGen      total 10240K, used 928K [0x00000000d5580000, 0x00000000d6100000, 0x0000000100000000)
  eden space 9216K, 0% used [0x00000000d5580000,0x00000000d5580000,0x00000000d5e80000)
  from space 1024K, 90% used [0x00000000d6000000,0x00000000d60e8000,0x00000000d6100000)
  to   space 1024K, 0% used [0x00000000d5f00000,0x00000000d5f00000,0x00000000d6000000)
 ParOldGen       total 259072K, used 258775K [0x0000000080000000, 0x000000008fd00000, 0x00000000d5580000)
  object space 259072K, 99% used [0x0000000080000000,0x000000008fcb5c30,0x000000008fd00000)
 Metaspace       used 26135K, committed 27264K, reserved 1114112K
  class space    used 2614K, committed 3136K, reserved 1048576K
}
Event: 241.301 GC heap before
{Heap before GC invocations=562 (full 1):
 PSYoungGen      total 10240K, used 10144K [0x00000000d5580000, 0x00000000d6100000, 0x0000000100000000)
  eden space 9216K, 100% used [0x00000000d5580000,0x00000000d5e80000,0x00000000d5e80000)
  from space 1024K, 90% used [0x00000000d6000000,0x00000000d60e8000,0x00000000d6100000)
  to   space 1024K, 0% used [0x00000000d5f00000,0x00000000d5f00000,0x00000000d6000000)
 ParOldGen       total 259072K, used 258775K [0x0000000080000000, 0x000000008fd00000, 0x00000000d5580000)
  object space 259072K, 99% used [0x0000000080000000,0x000000008fcb5c30,0x000000008fd00000)
 Metaspace       used 26143K, committed 27264K, reserved 1114112K
  class space    used 2614K, committed 3136K, reserved 1048576K
}
Event: 241.308 GC heap after
{Heap after GC invocations=562 (full 1):
 PSYoungGen      total 10240K, used 736K [0x00000000d5580000, 0x00000000d6080000, 0x0000000100000000)
  eden space 9216K, 0% used [0x00000000d5580000,0x00000000d5580000,0x00000000d5e80000)
  from space 1024K, 71% used [0x00000000d5f00000,0x00000000d5fb8000,0x00000000d6000000)
  to   space 512K, 0% used [0x00000000d6000000,0x00000000d6000000,0x00000000d6080000)
 ParOldGen       total 259584K, used 259519K [0x0000000080000000, 0x000000008fd80000, 0x00000000d5580000)
  object space 259584K, 99% used [0x0000000080000000,0x000000008fd6fc30,0x000000008fd80000)
 Metaspace       used 26143K, committed 27264K, reserved 1114112K
  class space    used 2614K, committed 3136K, reserved 1048576K
}

Dll operation events (15 events):
Event: 0.116 Loaded shared library c:\Users\Udisha\.vscode\extensions\redhat.java-1.47.2025102908-win32-x64\jre\21.0.8-win32-x86_64\bin\java.dll
Event: 2.416 Loaded shared library c:\Users\Udisha\.vscode\extensions\redhat.java-1.47.2025102908-win32-x64\jre\21.0.8-win32-x86_64\bin\zip.dll
Event: 2.420 Loaded shared library C:\Users\Udisha\.vscode\extensions\redhat.java-1.47.2025102908-win32-x64\jre\21.0.8-win32-x86_64\bin\instrument.dll
Event: 2.425 Loaded shared library C:\Users\Udisha\.vscode\extensions\redhat.java-1.47.2025102908-win32-x64\jre\21.0.8-win32-x86_64\bin\net.dll
Event: 2.429 Loaded shared library C:\Users\Udisha\.vscode\extensions\redhat.java-1.47.2025102908-win32-x64\jre\21.0.8-win32-x86_64\bin\nio.dll
Event: 2.433 Loaded shared library C:\Users\Udisha\.vscode\extensions\redhat.java-1.47.2025102908-win32-x64\jre\21.0.8-win32-x86_64\bin\zip.dll
Event: 2.464 Loaded shared library C:\Users\Udisha\.vscode\extensions\redhat.java-1.47.2025102908-win32-x64\jre\21.0.8-win32-x86_64\bin\jimage.dll
Event: 2.593 Loaded shared library c:\Users\Udisha\.vscode\extensions\redhat.java-1.47.2025102908-win32-x64\jre\21.0.8-win32-x86_64\bin\verify.dll
Event: 10.906 Loaded shared library C:\Users\Udisha\AppData\Roaming\Code\User\globalStorage\redhat.java\1.47.2025102908\config_win\org.eclipse.equinox.launcher\org.eclipse.equinox.launcher.win32.win32.x86_64_1.2.1400.v20250801-0854\eclipse_11916.dll
Event: 23.183 Loaded shared library C:\Users\Udisha\AppData\Local\Temp\jna--1765895470\jna13081125084242055524.dll
Event: 29.153 Loaded shared library C:\Users\Udisha\.gradle\native\c067742578af261105cb4f569cf0c3c89f3d7b1fecec35dd04571415982c5e48\windows-amd64\native-platform.dll
Event: 31.089 Loaded shared library C:\Users\Udisha\.vscode\extensions\redhat.java-1.47.2025102908-win32-x64\jre\21.0.8-win32-x86_64\bin\management.dll
Event: 31.092 Loaded shared library C:\Users\Udisha\.vscode\extensions\redhat.java-1.47.2025102908-win32-x64\jre\21.0.8-win32-x86_64\bin\management_ext.dll
Event: 34.747 Loaded shared library C:\Users\Udisha\.vscode\extensions\redhat.java-1.47.2025102908-win32-x64\jre\21.0.8-win32-x86_64\bin\extnet.dll
Event: 38.116 Loaded shared library C:\Users\Udisha\.vscode\extensions\redhat.java-1.47.2025102908-win32-x64\jre\21.0.8-win32-x86_64\bin\sunmscapi.dll

Deoptimization events (20 events):
Event: 238.712 Thread 0x000002c5ef7437c0 DEOPT PACKING pc=0x000002c598b090bc sp=0x000000d412dfead0
Event: 238.712 Thread 0x000002c5ef7437c0 DEOPT UNPACKING pc=0x000002c597b76da2 sp=0x000000d412dfea78 mode 2
Event: 238.841 Thread 0x000002c5ef7437c0 Uncommon trap: trap_request=0xffffff45 fr.pc=0x000002c598a4d6b0 relative=0x0000000000001990
Event: 238.841 Thread 0x000002c5ef7437c0 Uncommon trap: reason=unstable_if action=reinterpret pc=0x000002c598a4d6b0 method=org.eclipse.jdt.internal.compiler.classfmt.FieldInfo.createField([B[IIJ)Lorg/eclipse/jdt/internal/compiler/classfmt/FieldInfo; @ 254 c2
Event: 238.841 Thread 0x000002c5ef7437c0 DEOPT PACKING pc=0x000002c598a4d6b0 sp=0x000000d412dfe8f0
Event: 238.841 Thread 0x000002c5ef7437c0 DEOPT UNPACKING pc=0x000002c597b76da2 sp=0x000000d412dfe868 mode 2
Event: 238.871 Thread 0x000002c5ef7437c0 Uncommon trap: trap_request=0xffffff45 fr.pc=0x000002c598b78bb8 relative=0x0000000000004cf8
Event: 238.871 Thread 0x000002c5ef7437c0 Uncommon trap: reason=unstable_if action=reinterpret pc=0x000002c598b78bb8 method=org.eclipse.jdt.internal.compiler.classfmt.ClassFileReader.getMemberTypes()[Lorg/eclipse/jdt/internal/compiler/env/IBinaryNestedType; @ 83 c2
Event: 238.871 Thread 0x000002c5ef7437c0 DEOPT PACKING pc=0x000002c598b78bb8 sp=0x000000d412dfea60
Event: 238.871 Thread 0x000002c5ef7437c0 DEOPT UNPACKING pc=0x000002c597b76da2 sp=0x000000d412dfe8b0 mode 2
Event: 238.872 Thread 0x000002c5ef7437c0 Uncommon trap: trap_request=0xffffff45 fr.pc=0x000002c598a6cf98 relative=0x0000000000000518
Event: 238.872 Thread 0x000002c5ef7437c0 Uncommon trap: reason=unstable_if action=reinterpret pc=0x000002c598a6cf98 method=org.eclipse.jdt.internal.compiler.classfmt.ClassFileReader.getMemberTypes()[Lorg/eclipse/jdt/internal/compiler/env/IBinaryNestedType; @ 83 c2
Event: 238.872 Thread 0x000002c5ef7437c0 DEOPT PACKING pc=0x000002c598a6cf98 sp=0x000000d412dfe980
Event: 238.872 Thread 0x000002c5ef7437c0 DEOPT UNPACKING pc=0x000002c597b76da2 sp=0x000000d412dfe8a0 mode 2
Event: 239.352 Thread 0x000002c5efa711b0 DEOPT PACKING pc=0x000002c591bdd1fe sp=0x000000d4140fdd00
Event: 239.352 Thread 0x000002c5efa711b0 DEOPT UNPACKING pc=0x000002c597b778e2 sp=0x000000d4140fd1f8 mode 0
Event: 239.781 Thread 0x000002c5ef7437c0 Uncommon trap: trap_request=0xffffff45 fr.pc=0x000002c598b8c558 relative=0x00000000000007d8
Event: 239.781 Thread 0x000002c5ef7437c0 Uncommon trap: reason=unstable_if action=reinterpret pc=0x000002c598b8c558 method=org.eclipse.jdt.internal.compiler.parser.Scanner.internalScanIdentifierOrKeyword(II[C)Lorg/eclipse/jdt/internal/compiler/parser/TerminalToken; @ 1731 c2
Event: 239.781 Thread 0x000002c5ef7437c0 DEOPT PACKING pc=0x000002c598b8c558 sp=0x000000d412dfead0
Event: 239.781 Thread 0x000002c5ef7437c0 DEOPT UNPACKING pc=0x000002c597b76da2 sp=0x000000d412dfea70 mode 2

Classes loaded (20 events):
Event: 213.653 Loading class sun/nio/ch/FileChannelImpl$Unmapper done
Event: 213.653 Loading class sun/nio/ch/FileChannelImpl$DefaultUnmapper done
Event: 213.654 Loading class sun/nio/ch/Util$4
Event: 213.654 Loading class sun/nio/ch/Util$4 done
Event: 213.717 Loading class java/nio/file/ClosedDirectoryStreamException
Event: 213.717 Loading class java/nio/file/ClosedDirectoryStreamException done
Event: 213.718 Loading class jdk/internal/jrtfs/JrtFileSystem
Event: 213.719 Loading class jdk/internal/jrtfs/JrtFileSystem done
Event: 213.719 Loading class jdk/internal/jrtfs/JrtPath
Event: 213.720 Loading class jdk/internal/jrtfs/JrtPath done
Event: 213.721 Loading class jdk/internal/jimage/ImageReader$Node
Event: 213.721 Loading class jdk/internal/jimage/ImageReader$Node done
Event: 213.741 Loading class java/nio/ByteBufferAsIntBufferL
Event: 213.742 Loading class java/nio/ByteBufferAsIntBufferL done
Event: 213.753 Loading class jdk/internal/jimage/ImageReader$Directory
Event: 213.753 Loading class jdk/internal/jimage/ImageReader$Directory done
Event: 214.676 Loading class java/nio/channels/Channels$ReadableByteChannelImpl
Event: 214.680 Loading class java/nio/channels/Channels$ReadableByteChannelImpl done
Event: 214.697 Loading class java/nio/channels/NonWritableChannelException
Event: 214.698 Loading class java/nio/channels/NonWritableChannelException done

Classes unloaded (4 events):
Event: 33.182 Thread 0x000002c58d372540 Unloading class 0x000002c5a90ea400 'java/lang/invoke/LambdaForm$MH+0x000002c5a90ea400'
Event: 33.182 Thread 0x000002c58d372540 Unloading class 0x000002c5a90ea000 'java/lang/invoke/LambdaForm$MH+0x000002c5a90ea000'
Event: 33.182 Thread 0x000002c58d372540 Unloading class 0x000002c5a90e9c00 'java/lang/invoke/LambdaForm$MH+0x000002c5a90e9c00'
Event: 33.182 Thread 0x000002c58d372540 Unloading class 0x000002c5a90e9800 'java/lang/invoke/LambdaForm$MH+0x000002c5a90e9800'

Classes redefined (0 events):
No events

Internal exceptions (20 events):
Event: 241.347 Thread 0x000002c5efa711b0 Exception <a 'sun/nio/fs/WindowsException'{0x00000000d5736240}> (0x00000000d5736240) 
thrown [s\src\hotspot\share\prims\jni.cpp, line 520]
Event: 241.347 Thread 0x000002c5efa711b0 Exception <a 'sun/nio/fs/WindowsException'{0x00000000d5736b20}> (0x00000000d5736b20) 
thrown [s\src\hotspot\share\prims\jni.cpp, line 520]
Event: 241.347 Thread 0x000002c5efa711b0 Exception <a 'sun/nio/fs/WindowsException'{0x00000000d57b0358}> (0x00000000d57b0358) 
thrown [s\src\hotspot\share\prims\jni.cpp, line 520]
Event: 241.347 Thread 0x000002c5efa711b0 Exception <a 'sun/nio/fs/WindowsException'{0x00000000d57b0c38}> (0x00000000d57b0c38) 
thrown [s\src\hotspot\share\prims\jni.cpp, line 520]
Event: 241.348 Thread 0x000002c5efa711b0 Exception <a 'sun/nio/fs/WindowsException'{0x00000000d57b26a0}> (0x00000000d57b26a0) 
thrown [s\src\hotspot\share\prims\jni.cpp, line 520]
Event: 241.348 Thread 0x000002c5efa711b0 Exception <a 'sun/nio/fs/WindowsException'{0x00000000d57b3208}> (0x00000000d57b3208) 
thrown [s\src\hotspot\share\prims\jni.cpp, line 520]
Event: 241.348 Thread 0x000002c5efa711b0 Exception <a 'sun/nio/fs/WindowsException'{0x00000000d57b4ec8}> (0x00000000d57b4ec8) 
thrown [s\src\hotspot\share\prims\jni.cpp, line 520]
Event: 241.348 Thread 0x000002c5efa711b0 Exception <a 'sun/nio/fs/WindowsException'{0x00000000d57b5a30}> (0x00000000d57b5a30) 
thrown [s\src\hotspot\share\prims\jni.cpp, line 520]
Event: 241.348 Thread 0x000002c5efa711b0 Exception <a 'sun/nio/fs/WindowsException'{0x00000000d57e3f70}> (0x00000000d57e3f70) 
thrown [s\src\hotspot\share\prims\jni.cpp, line 520]
Event: 241.349 Thread 0x000002c5efa711b0 Exception <a 'sun/nio/fs/WindowsException'{0x00000000d57e4850}> (0x00000000d57e4850) 
thrown [s\src\hotspot\share\prims\jni.cpp, line 520]
Event: 241.352 Thread 0x000002c5efa711b0 Exception <a 'sun/nio/fs/WindowsException'{0x00000000d57e62b8}> (0x00000000d57e62b8) 
thrown [s\src\hotspot\share\prims\jni.cpp, line 520]
Event: 241.352 Thread 0x000002c5efa711b0 Exception <a 'sun/nio/fs/WindowsException'{0x00000000d57e6e20}> (0x00000000d57e6e20) 
thrown [s\src\hotspot\share\prims\jni.cpp, line 520]
Event: 241.353 Thread 0x000002c5efa711b0 Exception <a 'sun/nio/fs/WindowsException'{0x00000000d57e8ae0}> (0x00000000d57e8ae0) 
thrown [s\src\hotspot\share\prims\jni.cpp, line 520]
Event: 241.354 Thread 0x000002c5efa711b0 Exception <a 'sun/nio/fs/WindowsException'{0x00000000d57e9648}> (0x00000000d57e9648) 
thrown [s\src\hotspot\share\prims\jni.cpp, line 520]
Event: 241.354 Thread 0x000002c5efa711b0 Exception <a 'sun/nio/fs/WindowsException'{0x00000000d57eb240}> (0x00000000d57eb240) 
thrown [s\src\hotspot\share\prims\jni.cpp, line 520]
Event: 241.354 Thread 0x000002c5efa711b0 Exception <a 'sun/nio/fs/WindowsException'{0x00000000d57ebb20}> (0x00000000d57ebb20) 
thrown [s\src\hotspot\share\prims\jni.cpp, line 520]
Event: 241.355 Thread 0x000002c5efa711b0 Exception <a 'sun/nio/fs/WindowsException'{0x00000000d57ed588}> (0x00000000d57ed588) 
thrown [s\src\hotspot\share\prims\jni.cpp, line 520]
Event: 241.355 Thread 0x000002c5efa711b0 Exception <a 'sun/nio/fs/WindowsException'{0x00000000d57ee0f0}> (0x00000000d57ee0f0) 
thrown [s\src\hotspot\share\prims\jni.cpp, line 520]
Event: 241.363 Thread 0x000002c5efa711b0 Exception <a 'sun/nio/fs/WindowsException'{0x00000000d57efdb0}> (0x00000000d57efdb0) 
thrown [s\src\hotspot\share\prims\jni.cpp, line 520]
Event: 241.363 Thread 0x000002c5efa711b0 Exception <a 'sun/nio/fs/WindowsException'{0x00000000d57f0918}> (0x00000000d57f0918) 
thrown [s\src\hotspot\share\prims\jni.cpp, line 520]

ZGC Phase Switch (0 events):
No events

VM Operations (20 events):
Event: 240.210 Executing VM operation: ParallelGCFailedAllocation (Allocation Failure)
Event: 240.232 Executing VM operation: ParallelGCFailedAllocation (Allocation Failure) done
Event: 240.279 Executing VM operation: ParallelGCFailedAllocation (Allocation Failure)
Event: 240.282 Executing VM operation: ParallelGCFailedAllocation (Allocation Failure) done
Event: 240.320 Executing VM operation: ParallelGCFailedAllocation (Allocation Failure)
Event: 240.341 Executing VM operation: ParallelGCFailedAllocation (Allocation Failure) done
Event: 240.362 Executing VM operation: ParallelGCFailedAllocation (Allocation Failure)
Event: 240.374 Executing VM operation: ParallelGCFailedAllocation (Allocation Failure) done
Event: 240.734 Executing VM operation: HandshakeAllThreads (HandshakeForDeflation)
Event: 240.886 Executing VM operation: HandshakeAllThreads (HandshakeForDeflation) done
Event: 240.887 Executing VM operation: RendezvousGCThreads
Event: 240.887 Executing VM operation: RendezvousGCThreads done
Event: 240.888 Executing VM operation: ParallelGCFailedAllocation (Allocation Failure)
Event: 240.910 Executing VM operation: ParallelGCFailedAllocation (Allocation Failure) done
Event: 240.933 Executing VM operation: ParallelGCFailedAllocation (Allocation Failure)
Event: 240.935 Executing VM operation: ParallelGCFailedAllocation (Allocation Failure) done
Event: 241.002 Executing VM operation: ParallelGCFailedAllocation (Allocation Failure)
Event: 241.009 Executing VM operation: ParallelGCFailedAllocation (Allocation Failure) done
Event: 241.301 Executing VM operation: ParallelGCFailedAllocation (Allocation Failure)
Event: 241.308 Executing VM operation: ParallelGCFailedAllocation (Allocation Failure) done

Memory protections (0 events):
No events

Nmethod flushes (0 events):
No events

Events (20 events):
Event: 209.901 Thread 0x000002c5ef237230 Thread exited: 0x000002c5ef237230
Event: 209.969 Thread 0x000002c5f31d6b40 Thread exited: 0x000002c5f31d6b40
Event: 209.981 Thread 0x000002c5efa711b0 Thread added: 0x000002c5f31d3d50
Event: 209.984 Thread 0x000002c5efa711b0 Thread added: 0x000002c5f31d6b40
Event: 210.038 Thread 0x000002c5f31d6b40 Thread exited: 0x000002c5f31d6b40
Event: 210.273 Thread 0x000002c58d38ba00 Thread added: 0x000002c5ef239440
Event: 211.245 Thread 0x000002c5ef239440 Thread exited: 0x000002c5ef239440
Event: 214.326 Thread 0x000002c58d38ba00 Thread added: 0x000002c5ef23a8b0
Event: 215.217 Thread 0x000002c58d3876a0 Thread added: 0x000002c5ef239440
Event: 215.504 Thread 0x000002c5ef741d80 Thread added: 0x000002c5f31d6b40
Event: 215.513 Thread 0x000002c5f31d6b40 Thread added: 0x000002c5f31d5100
Event: 215.532 Thread 0x000002c5f31d5100 Thread added: 0x000002c5ef742410
Event: 223.798 Thread 0x000002c5ef239440 Thread exited: 0x000002c5ef239440
Event: 226.025 Thread 0x000002c58d38ba00 Thread added: 0x000002c5f1b82f70
Event: 226.896 Thread 0x000002c5f1b82f70 Thread exited: 0x000002c5f1b82f70
Event: 228.661 Thread 0x000002c5ef23a8b0 Thread exited: 0x000002c5ef23a8b0
Event: 233.228 Thread 0x000002c58d3876a0 Thread added: 0x000002c5f1b81430
Event: 233.685 Thread 0x000002c5f1b81430 Thread exited: 0x000002c5f1b81430
Event: 235.997 Thread 0x000002c58d3876a0 Thread added: 0x000002c5f1b83d10
Event: 236.507 Thread 0x000002c5f1b83d10 Thread exited: 0x000002c5f1b83d10


Dynamic libraries:
0x00007ff70e4b0000 - 0x00007ff70e4be000 	c:\Users\Udisha\.vscode\extensions\redhat.java-1.47.2025102908-win32-x64\jre\21.0.8-win32-x86_64\bin\java.exe
0x00007ffb2fd00000 - 0x00007ffb2ff68000 	C:\WINDOWS\SYSTEM32\ntdll.dll
0x00007ffb2e920000 - 0x00007ffb2e9e9000 	C:\WINDOWS\System32\KERNEL32.DLL
0x00007ffb2d290000 - 0x00007ffb2d682000 	C:\WINDOWS\System32\KERNELBASE.dll
0x00007ffb2cf20000 - 0x00007ffb2d06b000 	C:\WINDOWS\System32\ucrtbase.dll
0x00007ffb163e0000 - 0x00007ffb163f8000 	c:\Users\Udisha\.vscode\extensions\redhat.java-1.47.2025102908-win32-x64\jre\21.0.8-win32-x86_64\bin\jli.dll
0x00007ffb2dad0000 - 0x00007ffb2dc95000 	C:\WINDOWS\System32\USER32.dll
0x00007ffb2d130000 - 0x00007ffb2d157000 	C:\WINDOWS\System32\win32u.dll
0x00007ffb2edd0000 - 0x00007ffb2edfb000 	C:\WINDOWS\System32\GDI32.dll
0x00007ffb2d160000 - 0x00007ffb2d28d000 	C:\WINDOWS\System32\gdi32full.dll
0x00007ffb2d690000 - 0x00007ffb2d733000 	C:\WINDOWS\System32\msvcp_win.dll
0x00007ffb16570000 - 0x00007ffb16803000 	C:\WINDOWS\WinSxS\amd64_microsoft.windows.common-controls_6595b64144ccf1df_6.0.26100.6899_none_3e0efeeae32e88c1\COMCTL32.dll
0x00007ffb2ec90000 - 0x00007ffb2ed39000 	C:\WINDOWS\System32\msvcrt.dll
0x00007ffb07320000 - 0x00007ffb0733e000 	c:\Users\Udisha\.vscode\extensions\redhat.java-1.47.2025102908-win32-x64\jre\21.0.8-win32-x86_64\bin\VCRUNTIME140.dll
0x00007ffb2e4f0000 - 0x00007ffb2e51f000 	C:\WINDOWS\System32\IMM32.DLL
0x00007ffb19880000 - 0x00007ffb1988c000 	c:\Users\Udisha\.vscode\extensions\redhat.java-1.47.2025102908-win32-x64\jre\21.0.8-win32-x86_64\bin\vcruntime140_1.dll
0x00007ffb03890000 - 0x00007ffb0391d000 	c:\Users\Udisha\.vscode\extensions\redhat.java-1.47.2025102908-win32-x64\jre\21.0.8-win32-x86_64\bin\msvcp140.dll
0x00007ffac1a00000 - 0x00007ffac2797000 	c:\Users\Udisha\.vscode\extensions\redhat.java-1.47.2025102908-win32-x64\jre\21.0.8-win32-x86_64\bin\server\jvm.dll
0x00007ffb2e530000 - 0x00007ffb2e5e4000 	C:\WINDOWS\System32\ADVAPI32.dll
0x00007ffb2ee60000 - 0x00007ffb2ef06000 	C:\WINDOWS\System32\sechost.dll
0x00007ffb2f150000 - 0x00007ffb2f268000 	C:\WINDOWS\System32\RPCRT4.dll
0x00007ffb2f790000 - 0x00007ffb2f804000 	C:\WINDOWS\System32\WS2_32.dll
0x00007ffb2ccf0000 - 0x00007ffb2cd4e000 	C:\WINDOWS\SYSTEM32\POWRPROF.dll
0x00007ffb24340000 - 0x00007ffb24375000 	C:\WINDOWS\SYSTEM32\WINMM.dll
0x00007ffb1c9b0000 - 0x00007ffb1c9bb000 	C:\WINDOWS\SYSTEM32\VERSION.dll
0x00007ffb2ccd0000 - 0x00007ffb2cce4000 	C:\WINDOWS\SYSTEM32\UMPDC.dll
0x00007ffb2bc60000 - 0x00007ffb2bc7b000 	C:\WINDOWS\SYSTEM32\kernel.appcore.dll
0x00007ffb190e0000 - 0x00007ffb190ea000 	c:\Users\Udisha\.vscode\extensions\redhat.java-1.47.2025102908-win32-x64\jre\21.0.8-win32-x86_64\bin\jimage.dll
0x00007ffb26280000 - 0x00007ffb264c2000 	C:\WINDOWS\SYSTEM32\DBGHELP.DLL
0x00007ffb2f390000 - 0x00007ffb2f70b000 	C:\WINDOWS\System32\combase.dll
0x00007ffb2ef10000 - 0x00007ffb2efe7000 	C:\WINDOWS\System32\OLEAUT32.dll
0x00007ffb14570000 - 0x00007ffb145ac000 	C:\WINDOWS\SYSTEM32\dbgcore.DLL
0x00007ffb2da30000 - 0x00007ffb2dac8000 	C:\WINDOWS\System32\bcryptPrimitives.dll
0x00007ffb1a1c0000 - 0x00007ffb1a1cf000 	c:\Users\Udisha\.vscode\extensions\redhat.java-1.47.2025102908-win32-x64\jre\21.0.8-win32-x86_64\bin\instrument.dll
0x00007ffb052c0000 - 0x00007ffb052df000 	c:\Users\Udisha\.vscode\extensions\redhat.java-1.47.2025102908-win32-x64\jre\21.0.8-win32-x86_64\bin\java.dll
0x00007ffb2dca0000 - 0x00007ffb2e3ed000 	C:\WINDOWS\System32\SHELL32.dll
0x00007ffb2d8c0000 - 0x00007ffb2da2b000 	C:\WINDOWS\System32\wintypes.dll
0x00007ffb2aab0000 - 0x00007ffb2b30d000 	C:\WINDOWS\SYSTEM32\windows.storage.dll
0x00007ffb2e9f0000 - 0x00007ffb2eae2000 	C:\WINDOWS\System32\SHCORE.dll
0x00007ffb2f2f0000 - 0x00007ffb2f352000 	C:\WINDOWS\System32\shlwapi.dll
0x00007ffb2cdb0000 - 0x00007ffb2cdd9000 	C:\WINDOWS\SYSTEM32\profapi.dll
0x00007ffb052a0000 - 0x00007ffb052b8000 	c:\Users\Udisha\.vscode\extensions\redhat.java-1.47.2025102908-win32-x64\jre\21.0.8-win32-x86_64\bin\zip.dll
0x00007ffb16810000 - 0x00007ffb16820000 	C:\Users\Udisha\.vscode\extensions\redhat.java-1.47.2025102908-win32-x64\jre\21.0.8-win32-x86_64\bin\net.dll
0x00007ffb260d0000 - 0x00007ffb261ef000 	C:\WINDOWS\SYSTEM32\WINHTTP.dll
0x00007ffb2c1d0000 - 0x00007ffb2c23b000 	C:\WINDOWS\system32\mswsock.dll
0x00007ffb03870000 - 0x00007ffb03886000 	C:\Users\Udisha\.vscode\extensions\redhat.java-1.47.2025102908-win32-x64\jre\21.0.8-win32-x86_64\bin\nio.dll
0x00007ffb19180000 - 0x00007ffb19190000 	c:\Users\Udisha\.vscode\extensions\redhat.java-1.47.2025102908-win32-x64\jre\21.0.8-win32-x86_64\bin\verify.dll
0x00007ffb031d0000 - 0x00007ffb03214000 	C:\Users\Udisha\AppData\Roaming\Code\User\globalStorage\redhat.java\1.47.2025102908\config_win\org.eclipse.equinox.launcher\org.eclipse.equinox.launcher.win32.win32.x86_64_1.2.1400.v20250801-0854\eclipse_11916.dll
0x00007ffb2eaf0000 - 0x00007ffb2ec88000 	C:\WINDOWS\System32\ole32.dll
0x00007ffb2c480000 - 0x00007ffb2c49b000 	C:\WINDOWS\SYSTEM32\CRYPTSP.dll
0x00007ffb2bbc0000 - 0x00007ffb2bbfb000 	C:\WINDOWS\system32\rsaenh.dll
0x00007ffb2c270000 - 0x00007ffb2c29b000 	C:\WINDOWS\SYSTEM32\USERENV.dll
0x00007ffb2cd80000 - 0x00007ffb2cda6000 	C:\WINDOWS\SYSTEM32\bcrypt.dll
0x00007ffb2c4a0000 - 0x00007ffb2c4ac000 	C:\WINDOWS\SYSTEM32\CRYPTBASE.dll
0x00007ffb2b6f0000 - 0x00007ffb2b724000 	C:\WINDOWS\SYSTEM32\IPHLPAPI.DLL
0x00007ffb2e910000 - 0x00007ffb2e91a000 	C:\WINDOWS\System32\NSI.dll
0x00007ffafa370000 - 0x00007ffafa3b9000 	C:\Users\Udisha\AppData\Local\Temp\jna--1765895470\jna13081125084242055524.dll
0x00007ffb2f810000 - 0x00007ffb2f818000 	C:\WINDOWS\System32\PSAPI.DLL
0x00007ffb26c00000 - 0x00007ffb26c1e000 	C:\WINDOWS\SYSTEM32\dhcpcsvc6.DLL
0x00007ffb264d0000 - 0x00007ffb264f3000 	C:\WINDOWS\SYSTEM32\dhcpcsvc.DLL
0x00007ffb00cf0000 - 0x00007ffb00d17000 	C:\Users\Udisha\.gradle\native\c067742578af261105cb4f569cf0c3c89f3d7b1fecec35dd04571415982c5e48\windows-amd64\native-platform.dll
0x00007ffb15860000 - 0x00007ffb1586a000 	C:\Users\Udisha\.vscode\extensions\redhat.java-1.47.2025102908-win32-x64\jre\21.0.8-win32-x86_64\bin\management.dll
0x00007ffb15820000 - 0x00007ffb1582b000 	C:\Users\Udisha\.vscode\extensions\redhat.java-1.47.2025102908-win32-x64\jre\21.0.8-win32-x86_64\bin\management_ext.dll
0x00007ffb196a0000 - 0x00007ffb196a9000 	C:\Users\Udisha\.vscode\extensions\redhat.java-1.47.2025102908-win32-x64\jre\21.0.8-win32-x86_64\bin\extnet.dll
0x00007ffb196b0000 - 0x00007ffb196be000 	C:\Users\Udisha\.vscode\extensions\redhat.java-1.47.2025102908-win32-x64\jre\21.0.8-win32-x86_64\bin\sunmscapi.dll
0x00007ffb2d740000 - 0x00007ffb2d8b7000 	C:\WINDOWS\System32\CRYPT32.dll
0x00007ffb2c6a0000 - 0x00007ffb2c6d0000 	C:\WINDOWS\SYSTEM32\ncrypt.dll
0x00007ffb2c650000 - 0x00007ffb2c68f000 	C:\WINDOWS\SYSTEM32\NTASN1.dll
0x00007ffa90380000 - 0x00007ffa90388000 	C:\WINDOWS\system32\wshunix.dll

JVMTI agents:
c:\Users\Udisha\.vscode\extensions\redhat.java-1.47.2025102908-win32-x64\lombok\lombok-1.18.39-4050.jar path:c:\Users\Udisha\.vscode\extensions\redhat.java-1.47.2025102908-win32-x64\jre\21.0.8-win32-x86_64\bin\instrument.dll, loaded, initialized, instrumentlib options:none

dbghelp: loaded successfully - version: 4.0.5 - missing functions: none
symbol engine: initialized successfully - sym options: 0x614 - pdb path: .;c:\Users\Udisha\.vscode\extensions\redhat.java-1.47.2025102908-win32-x64\jre\21.0.8-win32-x86_64\bin;C:\WINDOWS\SYSTEM32;C:\WINDOWS\WinSxS\amd64_microsoft.windows.common-controls_6595b64144ccf1df_6.0.26100.6899_none_3e0efeeae32e88c1;c:\Users\Udisha\.vscode\extensions\redhat.java-1.47.2025102908-win32-x64\jre\21.0.8-win32-x86_64\bin\server;C:\Users\Udisha\AppData\Roaming\Code\User\globalStorage\redhat.java\1.47.2025102908\config_win\org.eclipse.equinox.launcher\org.eclipse.equinox.launcher.win32.win32.x86_64_1.2.1400.v20250801-0854;C:\Users\Udisha\AppData\Local\Temp\jna--1765895470;C:\Users\Udisha\.gradle\native\c067742578af261105cb4f569cf0c3c89f3d7b1fecec35dd04571415982c5e48\windows-amd64

VM Arguments:
jvm_args: --add-modules=ALL-SYSTEM --add-opens=java.base/java.util=ALL-UNNAMED --add-opens=java.base/java.lang=ALL-UNNAMED --add-opens=java.base/sun.nio.fs=ALL-UNNAMED -Declipse.application=org.eclipse.jdt.ls.core.id1 -Dosgi.bundles.defaultStartLevel=4 -Declipse.product=org.eclipse.jdt.ls.core.product -Djava.import.generatesMetadataFilesAtProjectRoot=false -DDetectVMInstallationsJob.disabled=true -Dfile.encoding=utf8 -XX:+UseParallelGC -XX:GCTimeRatio=4 -XX:AdaptiveSizePolicyWeight=90 -Dsun.zip.disableMemoryMapping=true -Xmx2G -Xms100m -Xlog:disable -javaagent:c:\Users\Udisha\.vscode\extensions\redhat.java-1.47.2025102908-win32-x64\lombok\lombok-1.18.39-4050.jar -XX:+HeapDumpOnOutOfMemoryError -XX:HeapDumpPath=c:\Users\Udisha\AppData\Roaming\Code\User\workspaceStorage\22bec058931d4f045a43522a32a769cb\redhat.java -Daether.dependencyCollector.impl=bf -XX:+UnlockDiagnosticVMOptions -XX:+AllowArchivingWithJavaAgent -XX:+AutoCreateSharedArchive -XX:SharedArchiveFile=c:\Users\Udisha\AppData\Roaming\Code\User\globalStorage\redhat.java\1.47.2025102908\jdtls.jsa 
java_command: c:\Users\Udisha\.vscode\extensions\redhat.java-1.47.2025102908-win32-x64\server\plugins\org.eclipse.equinox.launcher_1.7.100.v20251014-1222.jar -configuration c:\Users\Udisha\AppData\Roaming\Code\User\globalStorage\redhat.java\1.47.2025102908\config_win -data c:\Users\Udisha\AppData\Roaming\Code\User\workspaceStorage\22bec058931d4f045a43522a32a769cb\redhat.java\jdt_ws --pipe=\\.\pipe\lsp-e448026039076ea61c3a68e644d1d2b8-sock
java_class_path (initial): c:\Users\Udisha\.vscode\extensions\redhat.java-1.47.2025102908-win32-x64\server\plugins\org.eclipse.equinox.launcher_1.7.100.v20251014-1222.jar
Launcher Type: SUN_STANDARD

[Global flags]
    uintx AdaptiveSizePolicyWeight                 = 90                                        {product} {command line}
     bool AllowArchivingWithJavaAgent              = true                             {JVMCI diagnostic} {command line}
     bool AutoCreateSharedArchive                  = false                               {JVMCI product} {command line}
     intx CICompilerCount                          = 4                                         {product} {ergonomic}
    uintx GCTimeRatio                              = 4                                         {product} {command line}
     bool HeapDumpOnOutOfMemoryError               = true                                   {manageable} {command line}
    ccstr HeapDumpPath                             = c:\Users\Udisha\AppData\Roaming\Code\User\workspaceStorage\22bec058931d4f045a43522a32a769cb\redhat.java         {manageable} {command line}
   size_t InitialHeapSize                          = 104857600                                 {product} {command line}
   size_t MaxHeapSize                              = 2147483648                                {product} {command line}
   size_t MaxNewSize                               = 715653120                                 {product} {ergonomic}
   size_t MinHeapDeltaBytes                        = 524288                                    {product} {ergonomic}
   size_t MinHeapSize                              = 104857600                                 {product} {command line}
   size_t NewSize                                  = 34603008                                  {product} {ergonomic}
    uintx NonNMethodCodeHeapSize                   = 5839372                                {pd product} {ergonomic}
    uintx NonProfiledCodeHeapSize                  = 122909434                              {pd product} {ergonomic}
   size_t OldSize                                  = 70254592                                  {product} {ergonomic}
    uintx ProfiledCodeHeapSize                     = 122909434                              {pd product} {ergonomic}
    uintx ReservedCodeCacheSize                    = 251658240                              {pd product} {ergonomic}
     bool SegmentedCodeCache                       = true                                      {product} {ergonomic}
    ccstr SharedArchiveFile                        = c:\Users\Udisha\AppData\Roaming\Code\User\globalStorage\redhat.java\1.47.2025102908\jdtls.jsa      {JVMCI product} {command line}
   size_t SoftMaxHeapSize                          = 2147483648                             {manageable} {ergonomic}
     bool UnlockDiagnosticVMOptions                = true                                   {diagnostic} {command line}
     bool UseCompressedOops                        = true                           {product lp64_product} {ergonomic}
     bool UseLargePagesIndividualAllocation        = false                                  {pd product} {ergonomic}
     bool UseParallelGC                            = true                                      {product} {command line}

Logging:
Log output configuration:
 #0: stdout all=off uptime,level,tags foldmultilines=false
 #1: stderr all=off uptime,level,tags foldmultilines=false

Environment Variables:
PATH=C:\Program Files\Common Files\Oracle\Java\javapath;C:\Program Files (x86)\Common Files\Intel\Shared Files\cpp\bin\Intel64;C:\WINDOWS\system32;C:\WINDOWS;C:\WINDOWS\System32\Wbem;C:\WINDOWS\System32\WindowsPowerShell\v1.0\;C:\WINDOWS\System32\OpenSSH\;C:\Program Files\dotnet\;C:\Users\Udisha\AppData\Local\Programs\Python\Python310\Scripts\;C:\Users\Udisha\AppData\Local\Programs\Python\Python310\;C:\Program Files\Microsoft SQL Server\150\Tools\Binn\;C:\Program Files\Microsoft SQL Server\Client SDK\ODBC\170\Tools\Binn\;C:\Program Files\Git\cmd;C:\Program Files\nodejs\;C:\Users\Udisha\mongosh-2.3.2-win32-x64\bin;C:\Program Files\Cloudflare\Cloudflare WARP\;C:\Users\Udisha\miniconda3;C:\Users\Udisha\miniconda3\Scripts;C:\Users\Udisha\miniconda3\Library\bin;D:\miktex\miktex\bin\x64;C:\Users\Udisha\AppData\Roaming\npm;C:\Program Files\Java\jdk-21\bin;C:\Users\Udisha\AppData\Local\Android\Sdk\platform-tools;D:\Downloads2\apache-maven-3.9.9-bin\apache-maven-3.9.9\bin;C:\Program Files\Docker\Docker\resources\bin;C:\Program Files\PostgreSQL\18\bin;C:\Users\Udisha\AppData\Local\Programs\Python\Python310\Scripts\;C:\Users\Udisha\AppData\Local\Programs\Python\Python310\;C:\Users\Udisha\AppData\Local\Programs\Python\Python313\Scripts\;C:\Users\Udisha\AppData\Local\Programs\Python\Python313\;C:\Users\Udisha\miniconda3\condabin;C:\app\Udisha\product\21c\dbhomeXE\bin;C:\Program Files\Common Files\Oracle\Java\javapath;C:\Program Files (x86)\Common Files\Intel\Shared Files\cpp\bin\Intel64;C:\WINDOWS\system32;C:\WINDOWS;C:\WINDOWS\System32\Wbem;C:\WINDOWS\System32\WindowsPowerShell\v1.0\;C:\WINDOWS\System32\OpenSSH\;C:\Program Files\dotnet\;C:\Users\Udisha\AppData\Local\Programs\Python\Python312;C:\Users\Udisha\AppData\Local\Programs\Python\Python312\Scripts\;C:\Program Files\Microsoft SQL Server\150\Tools\Binn\;C:\Program Files\Microsoft SQL Server\Client SDK\ODBC\170\Tools\Binn\;C:\Program Files\Git\cmd;C:\Program Files\nodejs\;C:\Users\Udisha\mongosh-2.3.2-win32-x64\bin;C:\Program Files\Cloudflare\Cloudflare WARP\;C:\Users\Udisha\miniconda3;C:\Users\Udisha\miniconda3\Scripts;C:\Users\Udisha\miniconda3\Library\bin;D:\miktex\miktex\bin\x64;C:\Users\Udisha\AppData\Roaming\npm;C:\Program Files\Java\jdk-21\bin;C:\Users\Udisha\AppData\Local\Android\Sdk\platform-tools;d:\Trae\bin;C:\Users\Udisha\miniconda;C:\Users\Udisha\AppData\Local\Programs\Microsoft VS Code\bin;C:\Users\Udisha\.dotnet\tools;D:\cursor\resources\app\bin;C:\Users\Udisha\AppData\Local\Microsoft\WindowsApps;
USERNAME=Udisha
OS=Windows_NT
PROCESSOR_IDENTIFIER=Intel64 Family 6 Model 140 Stepping 1, GenuineIntel
TMP=C:\Users\Udisha\AppData\Local\Temp
TEMP=C:\Users\Udisha\AppData\Local\Temp




Periodic native trim disabled

---------------  S Y S T E M  ---------------

OS:
 Windows 11 , 64 bit Build 26100 (10.0.26100.6725)
OS uptime: 0 days 12:19 hours
Hyper-V role detected

CPU: total 8 (initial active 8) (4 cores per cpu, 2 threads per core) family 6 model 140 stepping 1 microcode 0x9a, cx8, cmov, fxsr, ht, mmx, 3dnowpref, sse, sse2, sse3, ssse3, sse4.1, sse4.2, popcnt, lzcnt, tsc, tscinvbit, avx, avx2, aes, erms, clmul, bmi1, bmi2, adx, avx512f, avx512dq, avx512cd, avx512bw, avx512vl, sha, fma, vzeroupper, avx512_vpopcntdq, avx512_vpclmulqdq, avx512_vaes, avx512_vnni, clflush, clflushopt, clwb, avx512_vbmi2, avx512_vbmi, hv, rdtscp, rdpid, fsrm, gfni, avx512_bitalg, f16c, cet_ibt, cet_ss, avx512_ifma
Processor Information for processor 0
  Max Mhz: 2419, Current Mhz: 2419, Mhz Limit: 2419
Processor Information for processor 1
  Max Mhz: 2419, Current Mhz: 2419, Mhz Limit: 2419
Processor Information for processor 2
  Max Mhz: 2419, Current Mhz: 2419, Mhz Limit: 2419
Processor Information for processor 3
  Max Mhz: 2419, Current Mhz: 2419, Mhz Limit: 2419
Processor Information for processor 4
  Max Mhz: 2419, Current Mhz: 2419, Mhz Limit: 2419
Processor Information for processor 5
  Max Mhz: 2419, Current Mhz: 2419, Mhz Limit: 2419
Processor Information for processor 6
  Max Mhz: 2419, Current Mhz: 2419, Mhz Limit: 2419
Processor Information for processor 7
  Max Mhz: 2419, Current Mhz: 1209, Mhz Limit: 2419

Memory: 4k page, system-wide physical 7991M (503M free)
TotalPageFile size 16183M (AvailPageFile size 14M)
current process WorkingSet (physical memory assigned to process): 272M, peak: 341M
current process commit charge ("private bytes"): 597M, peak: 597M

vm_info: OpenJDK 64-Bit Server VM (21.0.8+9-LTS) for windows-amd64 JRE (21.0.8+9-LTS), built on 2025-07-15T00:00:00Z by "admin" with MS VC++ 17.7 (VS2022)

END.
