#
# There is insufficient memory for the Java Runtime Environment to continue.
# Native memory allocation (mmap) failed to map 574619648 bytes for G1 virtual space
# Possible reasons:
#   The system is out of physical RAM or swap space
#   The process is running with CompressedOops enabled, and the Java Heap may be blocking the growth of the native heap
# Possible solutions:
#   Reduce memory load on the system
#   Increase physical memory or swap space
#   Check if swap backing store is full
#   Decrease Java heap size (-Xmx/-Xms)
#   Decrease number of Java threads
#   Decrease Java thread stack sizes (-Xss)
#   Set larger code cache with -XX:ReservedCodeCacheSize=
#   JVM is running with Unscaled Compressed Oops mode in which the Java heap is
#     placed in the first 4GB address space. The Java Heap base address is the
#     maximum limit for the native heap growth. Please use -XX:HeapBaseMinAddress
#     to set the Java Heap base and to place the Java Heap above 4GB virtual address.
# This output file may be truncated or incomplete.
#
#  Out of Memory Error (os_windows.cpp:3600), pid=21884, tid=2064
#
# JRE version: Java(TM) SE Runtime Environment (21.0.1+12) (build 21.0.1+12-LTS-29)
# Java VM: Java HotSpot(TM) 64-Bit Server VM (21.0.1+12-LTS-29, mixed mode, sharing, tiered, compressed oops, compressed class ptrs, g1 gc, windows-amd64)
# No core dump will be written. Minidumps are not enabled by default on client versions of Windows
#

---------------  S U M M A R Y ------------

Command Line: -XX:MaxMetaspaceSize=512m --add-opens=java.base/java.util=ALL-UNNAMED --add-opens=java.base/java.lang=ALL-UNNAMED --add-opens=java.base/java.lang.invoke=ALL-UNNAMED --add-opens=java.prefs/java.util.prefs=ALL-UNNAMED --add-exports=jdk.compiler/com.sun.tools.javac.api=ALL-UNNAMED --add-exports=jdk.compiler/com.sun.tools.javac.util=ALL-UNNAMED --add-opens=java.base/java.nio.charset=ALL-UNNAMED --add-opens=java.base/java.net=ALL-UNNAMED --add-opens=java.base/java.util.concurrent.atomic=ALL-UNNAMED -Xmx2048m -Dfile.encoding=utf8 -Duser.country=IN -Duser.language=en -Duser.variant -javaagent:C:\Users\Udisha\.gradle\wrapper\dists\gradle-8.10.2-all\7iv73wktx1xtkvlq19urqw1wm\gradle-8.10.2\lib\agents\gradle-instrumentation-agent-8.10.2.jar org.gradle.launcher.daemon.bootstrap.GradleDaemon 8.10.2

Host: 11th Gen Intel(R) Core(TM) i5-1135G7 @ 2.40GHz, 8 cores, 7G,  Windows 11 , 64 bit Build 26100 (10.0.26100.6725)
Time: Thu Oct 30 02:18:35 2025 India Standard Time elapsed time: 14.799941 seconds (0d 0h 0m 14s)

---------------  T H R E A D  ---------------

Current thread (0x00000258fe987b50):  VMThread "VM Thread"          [id=2064, stack(0x0000009224300000,0x0000009224400000) (1024K)]

Stack: [0x0000009224300000,0x0000009224400000]
Native frames: (J=compiled Java code, j=interpreted, Vv=VM code, C=native code)
V  [jvm.dll+0x6c9029]
V  [jvm.dll+0x854b81]
V  [jvm.dll+0x856e5e]
V  [jvm.dll+0x857543]
V  [jvm.dll+0x280c06]
V  [jvm.dll+0x6c5715]
V  [jvm.dll+0x6ba10a]
V  [jvm.dll+0x3557ea]
V  [jvm.dll+0x35d436]
V  [jvm.dll+0x3ae1be]
V  [jvm.dll+0x3ae468]
V  [jvm.dll+0x3291fc]
V  [jvm.dll+0x329287]
V  [jvm.dll+0x36db3c]
V  [jvm.dll+0x36c33d]
V  [jvm.dll+0x328971]
V  [jvm.dll+0x36ba4a]
V  [jvm.dll+0x85d048]
V  [jvm.dll+0x85e144]
V  [jvm.dll+0x85e680]
V  [jvm.dll+0x85e923]
V  [jvm.dll+0x7fd728]
V  [jvm.dll+0x6c777d]
C  [ucrtbase.dll+0x37b0]
C  [KERNEL32.DLL+0x2e8d7]
C  [ntdll.dll+0x8c53c]

VM_Operation (0x0000009225bf5420): G1CollectForAllocation, mode: safepoint, requested by thread 0x00000258b8be9af0


---------------  P R O C E S S  ---------------

Threads class SMR info:
_java_thread_list=0x00000258b97f5260, length=42, elements={
0x00000258f705b960, 0x00000258fe9aa500, 0x00000258fe9abd80, 0x00000258fe9b1620,
0x00000258fe9b21b0, 0x00000258fe9b4f90, 0x00000258fe9b4270, 0x00000258fe9cbf20,
0x00000258fe9cc5d0, 0x00000258fe9b5620, 0x00000258fe9b3be0, 0x00000258fe9b69d0,
0x00000258fe9b5cb0, 0x00000258fe9b7060, 0x00000258fe9b6340, 0x00000258b8be6d00,
0x00000258b8be7390, 0x00000258b8be9af0, 0x00000258b8be9460, 0x00000258b8be6670,
0x00000258b8bea180, 0x00000258b8be8dd0, 0x00000258b8bea810, 0x00000258b8beaea0,
0x00000258b8beb530, 0x00000258b8be80b0, 0x00000258b8bebbc0, 0x00000258b8be8740,
0x00000258b8bec250, 0x00000258b8bec8e0, 0x00000258b8becf70, 0x00000258b8bed600,
0x00000258b8bedc90, 0x00000258ba41fbe0, 0x00000258ba420900, 0x00000258ba422340,
0x00000258ba421620, 0x00000258ba4236f0, 0x00000258ba4257c0, 0x00000258ba425130,
0x00000258ba423d80, 0x00000258bc39f750
}

Java Threads: ( => current thread )
  0x00000258f705b960 JavaThread "main"                              [_thread_blocked, id=16500, stack(0x0000009223c00000,0x0000009223d00000) (1024K)]
  0x00000258fe9aa500 JavaThread "Reference Handler"          daemon [_thread_blocked, id=20840, stack(0x0000009224400000,0x0000009224500000) (1024K)]
  0x00000258fe9abd80 JavaThread "Finalizer"                  daemon [_thread_blocked, id=3884, stack(0x0000009224500000,0x0000009224600000) (1024K)]
  0x00000258fe9b1620 JavaThread "Signal Dispatcher"          daemon [_thread_blocked, id=16256, stack(0x0000009224600000,0x0000009224700000) (1024K)]
  0x00000258fe9b21b0 JavaThread "Attach Listener"            daemon [_thread_blocked, id=1368, stack(0x0000009224700000,0x0000009224800000) (1024K)]
  0x00000258fe9b4f90 JavaThread "Service Thread"             daemon [_thread_blocked, id=19288, stack(0x0000009224800000,0x0000009224900000) (1024K)]
  0x00000258fe9b4270 JavaThread "Monitor Deflation Thread"   daemon [_thread_blocked, id=11892, stack(0x0000009224900000,0x0000009224a00000) (1024K)]
  0x00000258fe9cbf20 JavaThread "C2 CompilerThread0"         daemon [_thread_blocked, id=22176, stack(0x0000009224a00000,0x0000009224b00000) (1024K)]
  0x00000258fe9cc5d0 JavaThread "C1 CompilerThread0"         daemon [_thread_blocked, id=21540, stack(0x0000009224b00000,0x0000009224c00000) (1024K)]
  0x00000258fe9b5620 JavaThread "Common-Cleaner"             daemon [_thread_blocked, id=5096, stack(0x0000009224c00000,0x0000009224d00000) (1024K)]
  0x00000258fe9b3be0 JavaThread "Notification Thread"        daemon [_thread_blocked, id=12336, stack(0x0000009224d00000,0x0000009224e00000) (1024K)]
  0x00000258fe9b69d0 JavaThread "Daemon health stats"               [_thread_blocked, id=3580, stack(0x0000009225500000,0x0000009225600000) (1024K)]
  0x00000258fe9b5cb0 JavaThread "Incoming local TCP Connector on port 50812"        [_thread_in_native, id=1980, stack(0x0000009225600000,0x0000009225700000) (1024K)]
  0x00000258fe9b7060 JavaThread "Daemon periodic checks"            [_thread_blocked, id=20868, stack(0x0000009225700000,0x0000009225800000) (1024K)]
  0x00000258fe9b6340 JavaThread "Daemon"                            [_thread_blocked, id=3576, stack(0x0000009225800000,0x0000009225900000) (1024K)]
  0x00000258b8be6d00 JavaThread "Handler for socket connection from /127.0.0.1:50812 to /127.0.0.1:50813"        [_thread_in_native, id=7604, stack(0x0000009225900000,0x0000009225a00000) (1024K)]
  0x00000258b8be7390 JavaThread "Cancel handler"                    [_thread_blocked, id=19596, stack(0x0000009225a00000,0x0000009225b00000) (1024K)]
  0x00000258b8be9af0 JavaThread "Daemon worker"                     [_thread_blocked, id=2796, stack(0x0000009225b00000,0x0000009225c00000) (1024K)]
  0x00000258b8be9460 JavaThread "Asynchronous log dispatcher for DefaultDaemonConnection: socket connection from /127.0.0.1:50812 to /127.0.0.1:50813"        [_thread_blocked, id=10280, stack(0x0000009225c00000,0x0000009225d00000) (1024K)]
  0x00000258b8be6670 JavaThread "Stdin handler"                     [_thread_blocked, id=21580, stack(0x0000009225d00000,0x0000009225e00000) (1024K)]
  0x00000258b8bea180 JavaThread "Daemon client event forwarder"        [_thread_blocked, id=20364, stack(0x0000009225e00000,0x0000009225f00000) (1024K)]
  0x00000258b8be8dd0 JavaThread "Cache worker for journal cache (C:\Users\Udisha\.gradle\caches\journal-1)"        [_thread_blocked, id=17908, stack(0x0000009225f00000,0x0000009226000000) (1024K)]
  0x00000258b8bea810 JavaThread "File lock request listener"        [_thread_in_native, id=14144, stack(0x0000009226000000,0x0000009226100000) (1024K)]
  0x00000258b8beaea0 JavaThread "Cache worker for file hash cache (C:\Users\Udisha\.gradle\caches\8.10.2\fileHashes)"        [_thread_blocked, id=1140, stack(0x0000009226100000,0x0000009226200000) (1024K)]
  0x00000258b8beb530 JavaThread "Cache worker for file hash cache (C:\Users\Udisha\Documents\gymm\project\android\.gradle\8.10.2\fileHashes)"        [_thread_blocked, id=13904, stack(0x0000009226500000,0x0000009226600000) (1024K)]
  0x00000258b8be80b0 JavaThread "Cache worker for Build Output Cleanup Cache (C:\Users\Udisha\Documents\gymm\project\android\.gradle\buildOutputCleanup)"        [_thread_blocked, id=11592, stack(0x0000009226600000,0x0000009226700000) (1024K)]
  0x00000258b8bebbc0 JavaThread "File watcher server"        daemon [_thread_in_native, id=17676, stack(0x0000009226700000,0x0000009226800000) (1024K)]
  0x00000258b8be8740 JavaThread "File watcher consumer"      daemon [_thread_blocked, id=2564, stack(0x0000009226800000,0x0000009226900000) (1024K)]
  0x00000258b8bec250 JavaThread "jar transforms"                    [_thread_blocked, id=22132, stack(0x0000009226900000,0x0000009226a00000) (1024K)]
  0x00000258b8bec8e0 JavaThread "jar transforms Thread 2"           [_thread_blocked, id=10248, stack(0x0000009226a00000,0x0000009226b00000) (1024K)]
  0x00000258b8becf70 JavaThread "jar transforms Thread 3"           [_thread_blocked, id=11852, stack(0x0000009226b00000,0x0000009226c00000) (1024K)]
  0x00000258b8bed600 JavaThread "Cache worker for checksums cache (C:\Users\Udisha\Documents\gymm\project\android\.gradle\8.10.2\checksums)"        [_thread_blocked, id=22012, stack(0x0000009226c00000,0x0000009226d00000) (1024K)]
  0x00000258b8bedc90 JavaThread "Cache worker for file content cache (C:\Users\Udisha\.gradle\caches\8.10.2\fileContent)"        [_thread_blocked, id=22120, stack(0x0000009226d00000,0x0000009226e00000) (1024K)]
  0x00000258ba41fbe0 JavaThread "Cache worker for cache directory md-rule (C:\Users\Udisha\.gradle\caches\8.10.2\md-rule)"        [_thread_blocked, id=21236, stack(0x0000009226e00000,0x0000009226f00000) (1024K)]
  0x00000258ba420900 JavaThread "Cache worker for cache directory md-supplier (C:\Users\Udisha\.gradle\caches\8.10.2\md-supplier)"        [_thread_blocked, id=5724, stack(0x0000009226f00000,0x0000009227000000) (1024K)]
  0x00000258ba422340 JavaThread "jar transforms Thread 4"           [_thread_blocked, id=8500, stack(0x0000009227000000,0x0000009227100000) (1024K)]
  0x00000258ba421620 JavaThread "jar transforms Thread 5"           [_thread_blocked, id=15352, stack(0x0000009227100000,0x0000009227200000) (1024K)]
  0x00000258ba4236f0 JavaThread "jar transforms Thread 6"           [_thread_blocked, id=13728, stack(0x0000009227200000,0x0000009227300000) (1024K)]
  0x00000258ba4257c0 JavaThread "jar transforms Thread 7"           [_thread_blocked, id=21788, stack(0x0000009227300000,0x0000009227400000) (1024K)]
  0x00000258ba425130 JavaThread "jar transforms Thread 8"           [_thread_blocked, id=13448, stack(0x0000009227400000,0x0000009227500000) (1024K)]
  0x00000258ba423d80 JavaThread "Cache worker for Build Output Cleanup Cache (C:\Users\Udisha\Documents\gymm\project\node_modules\@react-native\gradle-plugin\.gradle\buildOutputCleanup)"        [_thread_blocked, id=13308, stack(0x0000009224e00000,0x0000009224f00000) (1024K)]
  0x00000258bc39f750 JavaThread "C2 CompilerThread1"         daemon [_thread_blocked, id=11560, stack(0x0000009224f00000,0x0000009225000000) (1024K)]
Total: 42

Other Threads:
=>0x00000258fe987b50 VMThread "VM Thread"                           [id=2064, stack(0x0000009224300000,0x0000009224400000) (1024K)]
  0x00000258fe971740 WatcherThread "VM Periodic Task Thread"        [id=11832, stack(0x0000009224200000,0x0000009224300000) (1024K)]
  0x00000258f93e5fc0 WorkerThread "GC Thread#0"                     [id=19792, stack(0x0000009223d00000,0x0000009223e00000) (1024K)]
  0x00000258b75b3bf0 WorkerThread "GC Thread#1"                     [id=16764, stack(0x0000009225000000,0x0000009225100000) (1024K)]
  0x00000258b73636c0 WorkerThread "GC Thread#2"                     [id=21456, stack(0x0000009225100000,0x0000009225200000) (1024K)]
  0x00000258b7269110 WorkerThread "GC Thread#3"                     [id=17528, stack(0x0000009225200000,0x0000009225300000) (1024K)]
  0x00000258b7af3d40 WorkerThread "GC Thread#4"                     [id=21828, stack(0x0000009225300000,0x0000009225400000) (1024K)]
  0x00000258b8461140 WorkerThread "GC Thread#5"                     [id=6844, stack(0x0000009225400000,0x0000009225500000) (1024K)]
  0x00000258bc8ce310 WorkerThread "GC Thread#6"                     [id=12320, stack(0x0000009226200000,0x0000009226300000) (1024K)]
  0x00000258bc0ca130 WorkerThread "GC Thread#7"                     [id=17076, stack(0x0000009226300000,0x0000009226400000) (1024K)]
  0x00000258f93f6f30 ConcurrentGCThread "G1 Main Marker"            [id=5860, stack(0x0000009223e00000,0x0000009223f00000) (1024K)]
  0x00000258f93f87c0 WorkerThread "G1 Conc#0"                       [id=11308, stack(0x0000009223f00000,0x0000009224000000) (1024K)]
  0x00000258bc0c9650 WorkerThread "G1 Conc#1"                       [id=13220, stack(0x0000009226400000,0x0000009226500000) (1024K)]
  0x00000258f944e710 ConcurrentGCThread "G1 Refine#0"               [id=19816, stack(0x0000009224000000,0x0000009224100000) (1024K)]
  0x00000258fe843350 ConcurrentGCThread "G1 Service"                [id=18080, stack(0x0000009224100000,0x0000009224200000) (1024K)]
Total: 15

Threads with active compile tasks:
Total: 0

VM state: at safepoint (normal execution)

VM Mutex/Monitor currently owned by a thread:  ([mutex/lock_event])
[0x00007ffa86d2a5f8] Threads_lock - owner thread: 0x00000258fe987b50
[0x00007ffa86d2a6f8] Heap_lock - owner thread: 0x00000258b8be9af0

Heap address: 0x0000000080000000, size: 2048 MB, Compressed Oops mode: 32-bit

CDS archive(s) mapped at: [0x0000025898000000-0x0000025898c90000-0x0000025898c90000), size 13172736, SharedBaseAddress: 0x0000025898000000, ArchiveRelocationMode: 1.
Compressed class space mapped at: 0x0000025899000000-0x00000258b3000000, reserved size: 436207616
Narrow klass base: 0x0000025898000000, Narrow klass shift: 0, Narrow klass range: 0x100000000

GC Precious Log:
 CardTable entry size: 512
 Card Set container configuration: InlinePtr #cards 5 size 8 Array Of Cards #cards 12 size 40 Howl #buckets 4 coarsen threshold 1843 Howl Bitmap #cards 512 size 80 coarsen threshold 460 Card regions per heap region 1 cards per card region 2048
 CPUs: 8 total, 8 available
 Memory: 7991M
 Large Page Support: Disabled
 NUMA Support: Disabled
 Compressed Oops: Enabled (32-bit)
 Heap Region Size: 1M
 Heap Min Capacity: 8M
 Heap Initial Capacity: 126M
 Heap Max Capacity: 2G
 Pre-touch: Disabled
 Parallel Workers: 8
 Concurrent Workers: 2
 Concurrent Refinement Workers: 8
 Periodic GC: Disabled

Heap:
 garbage-first heap   total 280576K, used 61624K [0x0000000080000000, 0x0000000100000000)
  region size 1024K, 1 young (1024K), 1 survivors (1024K)
 Metaspace       used 50900K, committed 52416K, reserved 491520K
  class space    used 7084K, committed 7808K, reserved 425984K

Heap Regions: E=young(eden), S=young(survivor), O=old, HS=humongous(starts), HC=humongous(continues), CS=collection set, F=free, TAMS=top-at-mark-start, PB=parsable bottom
|   0|0x0000000080000000, 0x0000000080100000, 0x0000000080100000|100%| O|  |TAMS 0x0000000080000000| PB 0x0000000080000000| Untracked 
|   1|0x0000000080100000, 0x0000000080200000, 0x0000000080200000|100%| O|  |TAMS 0x0000000080100000| PB 0x0000000080100000| Untracked 
|   2|0x0000000080200000, 0x0000000080300000, 0x0000000080300000|100%|HS|  |TAMS 0x0000000080200000| PB 0x0000000080200000| Complete 
|   3|0x0000000080300000, 0x0000000080400000, 0x0000000080400000|100%|HC|  |TAMS 0x0000000080300000| PB 0x0000000080300000| Complete 
|   4|0x0000000080400000, 0x0000000080500000, 0x0000000080500000|100%|HC|  |TAMS 0x0000000080400000| PB 0x0000000080400000| Complete 
|   5|0x0000000080500000, 0x0000000080600000, 0x0000000080600000|100%|HC|  |TAMS 0x0000000080500000| PB 0x0000000080500000| Complete 
|   6|0x0000000080600000, 0x0000000080700000, 0x0000000080700000|100%| O|  |TAMS 0x0000000080600000| PB 0x0000000080600000| Untracked 
|   7|0x0000000080700000, 0x0000000080800000, 0x0000000080800000|100%| O|  |TAMS 0x0000000080700000| PB 0x0000000080700000| Untracked 
|   8|0x0000000080800000, 0x0000000080900000, 0x0000000080900000|100%| O|  |TAMS 0x0000000080800000| PB 0x0000000080800000| Untracked 
|   9|0x0000000080900000, 0x0000000080a00000, 0x0000000080a00000|100%|HS|  |TAMS 0x0000000080900000| PB 0x0000000080900000| Complete 
|  10|0x0000000080a00000, 0x0000000080b00000, 0x0000000080b00000|100%| O|  |TAMS 0x0000000080a00000| PB 0x0000000080a00000| Untracked 
|  11|0x0000000080b00000, 0x0000000080c00000, 0x0000000080c00000|100%| O|  |TAMS 0x0000000080b00000| PB 0x0000000080b00000| Untracked 
|  12|0x0000000080c00000, 0x0000000080d00000, 0x0000000080d00000|100%| O|  |TAMS 0x0000000080c00000| PB 0x0000000080c00000| Untracked 
|  13|0x0000000080d00000, 0x0000000080e00000, 0x0000000080e00000|100%| O|  |TAMS 0x0000000080d00000| PB 0x0000000080d00000| Untracked 
|  14|0x0000000080e00000, 0x0000000080f00000, 0x0000000080f00000|100%| O|  |TAMS 0x0000000080e00000| PB 0x0000000080e00000| Untracked 
|  15|0x0000000080f00000, 0x0000000081000000, 0x0000000081000000|100%| O|  |TAMS 0x0000000080f00000| PB 0x0000000080f00000| Untracked 
|  16|0x0000000081000000, 0x0000000081100000, 0x0000000081100000|100%| O|  |TAMS 0x0000000081000000| PB 0x0000000081000000| Untracked 
|  17|0x0000000081100000, 0x0000000081200000, 0x0000000081200000|100%| O|  |TAMS 0x0000000081100000| PB 0x0000000081100000| Untracked 
|  18|0x0000000081200000, 0x0000000081300000, 0x0000000081300000|100%| O|  |TAMS 0x0000000081200000| PB 0x0000000081200000| Untracked 
|  19|0x0000000081300000, 0x0000000081400000, 0x0000000081400000|100%| O|  |TAMS 0x0000000081300000| PB 0x0000000081300000| Untracked 
|  20|0x0000000081400000, 0x0000000081500000, 0x0000000081500000|100%| O|  |TAMS 0x0000000081400000| PB 0x0000000081400000| Untracked 
|  21|0x0000000081500000, 0x0000000081600000, 0x0000000081600000|100%| O|  |TAMS 0x0000000081500000| PB 0x0000000081500000| Untracked 
|  22|0x0000000081600000, 0x0000000081700000, 0x0000000081700000|100%| O|  |TAMS 0x0000000081600000| PB 0x0000000081600000| Untracked 
|  23|0x0000000081700000, 0x0000000081800000, 0x0000000081800000|100%| O|  |TAMS 0x0000000081700000| PB 0x0000000081700000| Untracked 
|  24|0x0000000081800000, 0x0000000081900000, 0x0000000081900000|100%| O|  |TAMS 0x0000000081800000| PB 0x0000000081800000| Untracked 
|  25|0x0000000081900000, 0x0000000081a00000, 0x0000000081a00000|100%| O|  |TAMS 0x0000000081900000| PB 0x0000000081900000| Untracked 
|  26|0x0000000081a00000, 0x0000000081b00000, 0x0000000081b00000|100%| O|  |TAMS 0x0000000081a00000| PB 0x0000000081a00000| Untracked 
|  27|0x0000000081b00000, 0x0000000081c00000, 0x0000000081c00000|100%| O|  |TAMS 0x0000000081b00000| PB 0x0000000081b00000| Untracked 
|  28|0x0000000081c00000, 0x0000000081d00000, 0x0000000081d00000|100%| O|  |TAMS 0x0000000081c00000| PB 0x0000000081c00000| Untracked 
|  29|0x0000000081d00000, 0x0000000081e00000, 0x0000000081e00000|100%| O|  |TAMS 0x0000000081d00000| PB 0x0000000081d00000| Untracked 
|  30|0x0000000081e00000, 0x0000000081f00000, 0x0000000081f00000|100%| O|  |TAMS 0x0000000081e00000| PB 0x0000000081e00000| Untracked 
|  31|0x0000000081f00000, 0x0000000082000000, 0x0000000082000000|100%| O|  |TAMS 0x0000000081f00000| PB 0x0000000081f00000| Untracked 
|  32|0x0000000082000000, 0x0000000082100000, 0x0000000082100000|100%| O|  |TAMS 0x0000000082000000| PB 0x0000000082000000| Untracked 
|  33|0x0000000082100000, 0x0000000082200000, 0x0000000082200000|100%| O|  |TAMS 0x0000000082100000| PB 0x0000000082100000| Untracked 
|  34|0x0000000082200000, 0x0000000082300000, 0x0000000082300000|100%| O|  |TAMS 0x0000000082200000| PB 0x0000000082200000| Untracked 
|  35|0x0000000082300000, 0x0000000082400000, 0x0000000082400000|100%| O|  |TAMS 0x0000000082300000| PB 0x0000000082300000| Untracked 
|  36|0x0000000082400000, 0x0000000082500000, 0x0000000082500000|100%| O|  |TAMS 0x0000000082400000| PB 0x0000000082400000| Untracked 
|  37|0x0000000082500000, 0x0000000082600000, 0x0000000082600000|100%| O|  |TAMS 0x0000000082500000| PB 0x0000000082500000| Untracked 
|  38|0x0000000082600000, 0x0000000082700000, 0x0000000082700000|100%| O|  |TAMS 0x0000000082600000| PB 0x0000000082600000| Untracked 
|  39|0x0000000082700000, 0x0000000082800000, 0x0000000082800000|100%| O|  |TAMS 0x0000000082700000| PB 0x0000000082700000| Untracked 
|  40|0x0000000082800000, 0x0000000082900000, 0x0000000082900000|100%| O|  |TAMS 0x0000000082800000| PB 0x0000000082800000| Untracked 
|  41|0x0000000082900000, 0x0000000082a00000, 0x0000000082a00000|100%| O|  |TAMS 0x0000000082900000| PB 0x0000000082900000| Untracked 
|  42|0x0000000082a00000, 0x0000000082b00000, 0x0000000082b00000|100%| O|  |TAMS 0x0000000082a00000| PB 0x0000000082a00000| Untracked 
|  43|0x0000000082b00000, 0x0000000082c00000, 0x0000000082c00000|100%| O|  |TAMS 0x0000000082b00000| PB 0x0000000082b00000| Untracked 
|  44|0x0000000082c00000, 0x0000000082d00000, 0x0000000082d00000|100%| O|  |TAMS 0x0000000082c00000| PB 0x0000000082c00000| Untracked 
|  45|0x0000000082d00000, 0x0000000082e00000, 0x0000000082e00000|100%| O|  |TAMS 0x0000000082d00000| PB 0x0000000082d00000| Untracked 
|  46|0x0000000082e00000, 0x0000000082f00000, 0x0000000082f00000|100%| O|  |TAMS 0x0000000082e00000| PB 0x0000000082e00000| Untracked 
|  47|0x0000000082f00000, 0x0000000083000000, 0x0000000083000000|100%| O|  |TAMS 0x0000000082f00000| PB 0x0000000082f00000| Untracked 
|  48|0x0000000083000000, 0x0000000083100000, 0x0000000083100000|100%| O|  |TAMS 0x0000000083000000| PB 0x0000000083000000| Untracked 
|  49|0x0000000083100000, 0x0000000083200000, 0x0000000083200000|100%| O|  |TAMS 0x0000000083100000| PB 0x0000000083100000| Untracked 
|  50|0x0000000083200000, 0x0000000083300000, 0x0000000083300000|100%| O|  |TAMS 0x0000000083200000| PB 0x0000000083200000| Untracked 
|  51|0x0000000083300000, 0x0000000083400000, 0x0000000083400000|100%| O|  |TAMS 0x0000000083300000| PB 0x0000000083300000| Untracked 
|  52|0x0000000083400000, 0x0000000083500000, 0x0000000083500000|100%| O|  |TAMS 0x0000000083400000| PB 0x0000000083400000| Untracked 
|  53|0x0000000083500000, 0x0000000083600000, 0x0000000083600000|100%| O|  |TAMS 0x0000000083500000| PB 0x0000000083500000| Untracked 
|  54|0x0000000083600000, 0x0000000083700000, 0x0000000083700000|100%| O|  |TAMS 0x0000000083600000| PB 0x0000000083600000| Untracked 
|  55|0x0000000083700000, 0x0000000083800000, 0x0000000083800000|100%| O|  |TAMS 0x0000000083700000| PB 0x0000000083700000| Untracked 
|  56|0x0000000083800000, 0x0000000083900000, 0x0000000083900000|100%| O|  |TAMS 0x0000000083800000| PB 0x0000000083800000| Untracked 
|  57|0x0000000083900000, 0x0000000083a00000, 0x0000000083a00000|100%| O|  |TAMS 0x0000000083900000| PB 0x0000000083900000| Untracked 
|  58|0x0000000083a00000, 0x0000000083b00000, 0x0000000083b00000|100%| O|  |TAMS 0x0000000083a00000| PB 0x0000000083a00000| Untracked 
|  59|0x0000000083b00000, 0x0000000083bdc560, 0x0000000083c00000| 86%| O|  |TAMS 0x0000000083b00000| PB 0x0000000083b00000| Untracked 
|  60|0x0000000083c00000, 0x0000000083c00000, 0x0000000083d00000|  0%| F|  |TAMS 0x0000000083c00000| PB 0x0000000083c00000| Untracked 
|  61|0x0000000083d00000, 0x0000000083d00000, 0x0000000083e00000|  0%| F|  |TAMS 0x0000000083d00000| PB 0x0000000083d00000| Untracked 
|  62|0x0000000083e00000, 0x0000000083e00000, 0x0000000083f00000|  0%| F|  |TAMS 0x0000000083e00000| PB 0x0000000083e00000| Untracked 
|  63|0x0000000083f00000, 0x0000000083f00000, 0x0000000084000000|  0%| F|  |TAMS 0x0000000083f00000| PB 0x0000000083f00000| Untracked 
|  64|0x0000000084000000, 0x0000000084000000, 0x0000000084100000|  0%| F|  |TAMS 0x0000000084000000| PB 0x0000000084000000| Untracked 
|  65|0x0000000084100000, 0x0000000084100000, 0x0000000084200000|  0%| F|  |TAMS 0x0000000084100000| PB 0x0000000084100000| Untracked 
|  66|0x0000000084200000, 0x0000000084200000, 0x0000000084300000|  0%| F|  |TAMS 0x0000000084200000| PB 0x0000000084200000| Untracked 
|  67|0x0000000084300000, 0x0000000084300000, 0x0000000084400000|  0%| F|  |TAMS 0x0000000084300000| PB 0x0000000084300000| Untracked 
|  68|0x0000000084400000, 0x0000000084400000, 0x0000000084500000|  0%| F|  |TAMS 0x0000000084400000| PB 0x0000000084400000| Untracked 
|  69|0x0000000084500000, 0x0000000084500000, 0x0000000084600000|  0%| F|  |TAMS 0x0000000084500000| PB 0x0000000084500000| Untracked 
|  70|0x0000000084600000, 0x0000000084600000, 0x0000000084700000|  0%| F|  |TAMS 0x0000000084600000| PB 0x0000000084600000| Untracked 
|  71|0x0000000084700000, 0x0000000084700000, 0x0000000084800000|  0%| F|  |TAMS 0x0000000084700000| PB 0x0000000084700000| Untracked 
|  72|0x0000000084800000, 0x0000000084800000, 0x0000000084900000|  0%| F|  |TAMS 0x0000000084800000| PB 0x0000000084800000| Untracked 
|  73|0x0000000084900000, 0x0000000084900000, 0x0000000084a00000|  0%| F|  |TAMS 0x0000000084900000| PB 0x0000000084900000| Untracked 
|  74|0x0000000084a00000, 0x0000000084a00000, 0x0000000084b00000|  0%| F|  |TAMS 0x0000000084a00000| PB 0x0000000084a00000| Untracked 
|  75|0x0000000084b00000, 0x0000000084b00000, 0x0000000084c00000|  0%| F|  |TAMS 0x0000000084b00000| PB 0x0000000084b00000| Untracked 
|  76|0x0000000084c00000, 0x0000000084c00000, 0x0000000084d00000|  0%| F|  |TAMS 0x0000000084c00000| PB 0x0000000084c00000| Untracked 
|  77|0x0000000084d00000, 0x0000000084d00000, 0x0000000084e00000|  0%| F|  |TAMS 0x0000000084d00000| PB 0x0000000084d00000| Untracked 
|  78|0x0000000084e00000, 0x0000000084e00000, 0x0000000084f00000|  0%| F|  |TAMS 0x0000000084e00000| PB 0x0000000084e00000| Untracked 
|  79|0x0000000084f00000, 0x0000000084f00000, 0x0000000085000000|  0%| F|  |TAMS 0x0000000084f00000| PB 0x0000000084f00000| Untracked 
|  80|0x0000000085000000, 0x0000000085000000, 0x0000000085100000|  0%| F|  |TAMS 0x0000000085000000| PB 0x0000000085000000| Untracked 
|  81|0x0000000085100000, 0x0000000085100000, 0x0000000085200000|  0%| F|  |TAMS 0x0000000085100000| PB 0x0000000085100000| Untracked 
|  82|0x0000000085200000, 0x0000000085200000, 0x0000000085300000|  0%| F|  |TAMS 0x0000000085200000| PB 0x0000000085200000| Untracked 
|  83|0x0000000085300000, 0x0000000085300000, 0x0000000085400000|  0%| F|  |TAMS 0x0000000085300000| PB 0x0000000085300000| Untracked 
|  84|0x0000000085400000, 0x0000000085400000, 0x0000000085500000|  0%| F|  |TAMS 0x0000000085400000| PB 0x0000000085400000| Untracked 
|  85|0x0000000085500000, 0x0000000085500000, 0x0000000085600000|  0%| F|  |TAMS 0x0000000085500000| PB 0x0000000085500000| Untracked 
|  86|0x0000000085600000, 0x0000000085600000, 0x0000000085700000|  0%| F|  |TAMS 0x0000000085600000| PB 0x0000000085600000| Untracked 
|  87|0x0000000085700000, 0x0000000085700000, 0x0000000085800000|  0%| F|  |TAMS 0x0000000085700000| PB 0x0000000085700000| Untracked 
|  88|0x0000000085800000, 0x0000000085800000, 0x0000000085900000|  0%| F|  |TAMS 0x0000000085800000| PB 0x0000000085800000| Untracked 
|  89|0x0000000085900000, 0x0000000085900000, 0x0000000085a00000|  0%| F|  |TAMS 0x0000000085900000| PB 0x0000000085900000| Untracked 
|  90|0x0000000085a00000, 0x0000000085a00000, 0x0000000085b00000|  0%| F|  |TAMS 0x0000000085a00000| PB 0x0000000085a00000| Untracked 
|  91|0x0000000085b00000, 0x0000000085b00000, 0x0000000085c00000|  0%| F|  |TAMS 0x0000000085b00000| PB 0x0000000085b00000| Untracked 
|  92|0x0000000085c00000, 0x0000000085c00000, 0x0000000085d00000|  0%| F|  |TAMS 0x0000000085c00000| PB 0x0000000085c00000| Untracked 
|  93|0x0000000085d00000, 0x0000000085d00000, 0x0000000085e00000|  0%| F|  |TAMS 0x0000000085d00000| PB 0x0000000085d00000| Untracked 
|  94|0x0000000085e00000, 0x0000000085e00000, 0x0000000085f00000|  0%| F|  |TAMS 0x0000000085e00000| PB 0x0000000085e00000| Untracked 
|  95|0x0000000085f00000, 0x0000000085f00000, 0x0000000086000000|  0%| F|  |TAMS 0x0000000085f00000| PB 0x0000000085f00000| Untracked 
|  96|0x0000000086000000, 0x0000000086000000, 0x0000000086100000|  0%| F|  |TAMS 0x0000000086000000| PB 0x0000000086000000| Untracked 
|  97|0x0000000086100000, 0x0000000086100000, 0x0000000086200000|  0%| F|  |TAMS 0x0000000086100000| PB 0x0000000086100000| Untracked 
|  98|0x0000000086200000, 0x0000000086200000, 0x0000000086300000|  0%| F|  |TAMS 0x0000000086200000| PB 0x0000000086200000| Untracked 
|  99|0x0000000086300000, 0x0000000086300000, 0x0000000086400000|  0%| F|  |TAMS 0x0000000086300000| PB 0x0000000086300000| Untracked 
| 100|0x0000000086400000, 0x0000000086400000, 0x0000000086500000|  0%| F|  |TAMS 0x0000000086400000| PB 0x0000000086400000| Untracked 
| 101|0x0000000086500000, 0x0000000086500000, 0x0000000086600000|  0%| F|  |TAMS 0x0000000086500000| PB 0x0000000086500000| Untracked 
| 102|0x0000000086600000, 0x0000000086600000, 0x0000000086700000|  0%| F|  |TAMS 0x0000000086600000| PB 0x0000000086600000| Untracked 
| 103|0x0000000086700000, 0x0000000086700000, 0x0000000086800000|  0%| F|  |TAMS 0x0000000086700000| PB 0x0000000086700000| Untracked 
| 104|0x0000000086800000, 0x0000000086800000, 0x0000000086900000|  0%| F|  |TAMS 0x0000000086800000| PB 0x0000000086800000| Untracked 
| 105|0x0000000086900000, 0x0000000086900000, 0x0000000086a00000|  0%| F|  |TAMS 0x0000000086900000| PB 0x0000000086900000| Untracked 
| 106|0x0000000086a00000, 0x0000000086a00000, 0x0000000086b00000|  0%| F|  |TAMS 0x0000000086a00000| PB 0x0000000086a00000| Untracked 
| 107|0x0000000086b00000, 0x0000000086b00000, 0x0000000086c00000|  0%| F|  |TAMS 0x0000000086b00000| PB 0x0000000086b00000| Untracked 
| 108|0x0000000086c00000, 0x0000000086c00000, 0x0000000086d00000|  0%| F|  |TAMS 0x0000000086c00000| PB 0x0000000086c00000| Untracked 
| 109|0x0000000086d00000, 0x0000000086d00000, 0x0000000086e00000|  0%| F|  |TAMS 0x0000000086d00000| PB 0x0000000086d00000| Untracked 
| 110|0x0000000086e00000, 0x0000000086e00000, 0x0000000086f00000|  0%| F|  |TAMS 0x0000000086e00000| PB 0x0000000086e00000| Untracked 
| 111|0x0000000086f00000, 0x0000000086f00000, 0x0000000087000000|  0%| F|  |TAMS 0x0000000086f00000| PB 0x0000000086f00000| Untracked 
| 112|0x0000000087000000, 0x0000000087000000, 0x0000000087100000|  0%| F|  |TAMS 0x0000000087000000| PB 0x0000000087000000| Untracked 
| 113|0x0000000087100000, 0x0000000087100000, 0x0000000087200000|  0%| F|  |TAMS 0x0000000087100000| PB 0x0000000087100000| Untracked 
| 114|0x0000000087200000, 0x0000000087200000, 0x0000000087300000|  0%| F|  |TAMS 0x0000000087200000| PB 0x0000000087200000| Untracked 
| 115|0x0000000087300000, 0x0000000087300000, 0x0000000087400000|  0%| F|  |TAMS 0x0000000087300000| PB 0x0000000087300000| Untracked 
| 116|0x0000000087400000, 0x0000000087400000, 0x0000000087500000|  0%| F|  |TAMS 0x0000000087400000| PB 0x0000000087400000| Untracked 
| 117|0x0000000087500000, 0x0000000087500000, 0x0000000087600000|  0%| F|  |TAMS 0x0000000087500000| PB 0x0000000087500000| Untracked 
| 118|0x0000000087600000, 0x0000000087600000, 0x0000000087700000|  0%| F|  |TAMS 0x0000000087600000| PB 0x0000000087600000| Untracked 
| 119|0x0000000087700000, 0x0000000087700000, 0x0000000087800000|  0%| F|  |TAMS 0x0000000087700000| PB 0x0000000087700000| Untracked 
| 120|0x0000000087800000, 0x0000000087800000, 0x0000000087900000|  0%| F|  |TAMS 0x0000000087800000| PB 0x0000000087800000| Untracked 
| 121|0x0000000087900000, 0x0000000087900000, 0x0000000087a00000|  0%| F|  |TAMS 0x0000000087900000| PB 0x0000000087900000| Untracked 
| 122|0x0000000087a00000, 0x0000000087a00000, 0x0000000087b00000|  0%| F|  |TAMS 0x0000000087a00000| PB 0x0000000087a00000| Untracked 
| 123|0x0000000087b00000, 0x0000000087b00000, 0x0000000087c00000|  0%| F|  |TAMS 0x0000000087b00000| PB 0x0000000087b00000| Untracked 
| 124|0x0000000087c00000, 0x0000000087c00000, 0x0000000087d00000|  0%| F|  |TAMS 0x0000000087c00000| PB 0x0000000087c00000| Untracked 
| 125|0x0000000087d00000, 0x0000000087d00000, 0x0000000087e00000|  0%| F|  |TAMS 0x0000000087d00000| PB 0x0000000087d00000| Untracked 
| 126|0x0000000087e00000, 0x0000000087e00000, 0x0000000087f00000|  0%| F|  |TAMS 0x0000000087e00000| PB 0x0000000087e00000| Untracked 
| 127|0x0000000087f00000, 0x0000000087f00000, 0x0000000088000000|  0%| F|  |TAMS 0x0000000087f00000| PB 0x0000000087f00000| Untracked 
| 128|0x0000000088000000, 0x0000000088000000, 0x0000000088100000|  0%| F|  |TAMS 0x0000000088000000| PB 0x0000000088000000| Untracked 
| 129|0x0000000088100000, 0x0000000088100000, 0x0000000088200000|  0%| F|  |TAMS 0x0000000088100000| PB 0x0000000088100000| Untracked 
| 130|0x0000000088200000, 0x0000000088200000, 0x0000000088300000|  0%| F|  |TAMS 0x0000000088200000| PB 0x0000000088200000| Untracked 
| 131|0x0000000088300000, 0x0000000088300000, 0x0000000088400000|  0%| F|  |TAMS 0x0000000088300000| PB 0x0000000088300000| Untracked 
| 132|0x0000000088400000, 0x0000000088400000, 0x0000000088500000|  0%| F|  |TAMS 0x0000000088400000| PB 0x0000000088400000| Untracked 
| 133|0x0000000088500000, 0x0000000088500000, 0x0000000088600000|  0%| F|  |TAMS 0x0000000088500000| PB 0x0000000088500000| Untracked 
| 134|0x0000000088600000, 0x0000000088600000, 0x0000000088700000|  0%| F|  |TAMS 0x0000000088600000| PB 0x0000000088600000| Untracked 
| 135|0x0000000088700000, 0x0000000088700000, 0x0000000088800000|  0%| F|  |TAMS 0x0000000088700000| PB 0x0000000088700000| Untracked 
| 136|0x0000000088800000, 0x0000000088800000, 0x0000000088900000|  0%| F|  |TAMS 0x0000000088800000| PB 0x0000000088800000| Untracked 
| 137|0x0000000088900000, 0x0000000088900000, 0x0000000088a00000|  0%| F|  |TAMS 0x0000000088900000| PB 0x0000000088900000| Untracked 
| 138|0x0000000088a00000, 0x0000000088a00000, 0x0000000088b00000|  0%| F|  |TAMS 0x0000000088a00000| PB 0x0000000088a00000| Untracked 
| 139|0x0000000088b00000, 0x0000000088b00000, 0x0000000088c00000|  0%| F|  |TAMS 0x0000000088b00000| PB 0x0000000088b00000| Untracked 
| 140|0x0000000088c00000, 0x0000000088c00000, 0x0000000088d00000|  0%| F|  |TAMS 0x0000000088c00000| PB 0x0000000088c00000| Untracked 
| 141|0x0000000088d00000, 0x0000000088d00000, 0x0000000088e00000|  0%| F|  |TAMS 0x0000000088d00000| PB 0x0000000088d00000| Untracked 
| 142|0x0000000088e00000, 0x0000000088e00000, 0x0000000088f00000|  0%| F|  |TAMS 0x0000000088e00000| PB 0x0000000088e00000| Untracked 
| 143|0x0000000088f00000, 0x0000000088f00000, 0x0000000089000000|  0%| F|  |TAMS 0x0000000088f00000| PB 0x0000000088f00000| Untracked 
| 144|0x0000000089000000, 0x0000000089000000, 0x0000000089100000|  0%| F|  |TAMS 0x0000000089000000| PB 0x0000000089000000| Untracked 
| 145|0x0000000089100000, 0x0000000089100000, 0x0000000089200000|  0%| F|  |TAMS 0x0000000089100000| PB 0x0000000089100000| Untracked 
| 146|0x0000000089200000, 0x0000000089200000, 0x0000000089300000|  0%| F|  |TAMS 0x0000000089200000| PB 0x0000000089200000| Untracked 
| 147|0x0000000089300000, 0x0000000089300000, 0x0000000089400000|  0%| F|  |TAMS 0x0000000089300000| PB 0x0000000089300000| Untracked 
| 148|0x0000000089400000, 0x0000000089400000, 0x0000000089500000|  0%| F|  |TAMS 0x0000000089400000| PB 0x0000000089400000| Untracked 
| 149|0x0000000089500000, 0x0000000089500000, 0x0000000089600000|  0%| F|  |TAMS 0x0000000089500000| PB 0x0000000089500000| Untracked 
| 150|0x0000000089600000, 0x0000000089600000, 0x0000000089700000|  0%| F|  |TAMS 0x0000000089600000| PB 0x0000000089600000| Untracked 
| 151|0x0000000089700000, 0x0000000089700000, 0x0000000089800000|  0%| F|  |TAMS 0x0000000089700000| PB 0x0000000089700000| Untracked 
| 152|0x0000000089800000, 0x0000000089800000, 0x0000000089900000|  0%| F|  |TAMS 0x0000000089800000| PB 0x0000000089800000| Untracked 
| 153|0x0000000089900000, 0x0000000089900000, 0x0000000089a00000|  0%| F|  |TAMS 0x0000000089900000| PB 0x0000000089900000| Untracked 
| 154|0x0000000089a00000, 0x0000000089a00000, 0x0000000089b00000|  0%| F|  |TAMS 0x0000000089a00000| PB 0x0000000089a00000| Untracked 
| 155|0x0000000089b00000, 0x0000000089b00000, 0x0000000089c00000|  0%| F|  |TAMS 0x0000000089b00000| PB 0x0000000089b00000| Untracked 
| 156|0x0000000089c00000, 0x0000000089c00000, 0x0000000089d00000|  0%| F|  |TAMS 0x0000000089c00000| PB 0x0000000089c00000| Untracked 
| 157|0x0000000089d00000, 0x0000000089d00000, 0x0000000089e00000|  0%| F|  |TAMS 0x0000000089d00000| PB 0x0000000089d00000| Untracked 
| 158|0x0000000089e00000, 0x0000000089e00000, 0x0000000089f00000|  0%| F|  |TAMS 0x0000000089e00000| PB 0x0000000089e00000| Untracked 
| 159|0x0000000089f00000, 0x0000000089f00000, 0x000000008a000000|  0%| F|  |TAMS 0x0000000089f00000| PB 0x0000000089f00000| Untracked 
| 160|0x000000008a000000, 0x000000008a000000, 0x000000008a100000|  0%| F|  |TAMS 0x000000008a000000| PB 0x000000008a000000| Untracked 
| 161|0x000000008a100000, 0x000000008a100000, 0x000000008a200000|  0%| F|  |TAMS 0x000000008a100000| PB 0x000000008a100000| Untracked 
| 162|0x000000008a200000, 0x000000008a200000, 0x000000008a300000|  0%| F|  |TAMS 0x000000008a200000| PB 0x000000008a200000| Untracked 
| 163|0x000000008a300000, 0x000000008a300000, 0x000000008a400000|  0%| F|  |TAMS 0x000000008a300000| PB 0x000000008a300000| Untracked 
| 164|0x000000008a400000, 0x000000008a400000, 0x000000008a500000|  0%| F|  |TAMS 0x000000008a400000| PB 0x000000008a400000| Untracked 
| 165|0x000000008a500000, 0x000000008a500000, 0x000000008a600000|  0%| F|  |TAMS 0x000000008a500000| PB 0x000000008a500000| Untracked 
| 166|0x000000008a600000, 0x000000008a600000, 0x000000008a700000|  0%| F|  |TAMS 0x000000008a600000| PB 0x000000008a600000| Untracked 
| 167|0x000000008a700000, 0x000000008a700000, 0x000000008a800000|  0%| F|  |TAMS 0x000000008a700000| PB 0x000000008a700000| Untracked 
| 168|0x000000008a800000, 0x000000008a800000, 0x000000008a900000|  0%| F|  |TAMS 0x000000008a800000| PB 0x000000008a800000| Untracked 
| 169|0x000000008a900000, 0x000000008a900000, 0x000000008aa00000|  0%| F|  |TAMS 0x000000008a900000| PB 0x000000008a900000| Untracked 
| 170|0x000000008aa00000, 0x000000008aa00000, 0x000000008ab00000|  0%| F|  |TAMS 0x000000008aa00000| PB 0x000000008aa00000| Untracked 
| 171|0x000000008ab00000, 0x000000008ab00000, 0x000000008ac00000|  0%| F|  |TAMS 0x000000008ab00000| PB 0x000000008ab00000| Untracked 
| 172|0x000000008ac00000, 0x000000008ac00000, 0x000000008ad00000|  0%| F|  |TAMS 0x000000008ac00000| PB 0x000000008ac00000| Untracked 
| 173|0x000000008ad00000, 0x000000008ad00000, 0x000000008ae00000|  0%| F|  |TAMS 0x000000008ad00000| PB 0x000000008ad00000| Untracked 
| 174|0x000000008ae00000, 0x000000008ae00000, 0x000000008af00000|  0%| F|  |TAMS 0x000000008ae00000| PB 0x000000008ae00000| Untracked 
| 175|0x000000008af00000, 0x000000008af00000, 0x000000008b000000|  0%| F|  |TAMS 0x000000008af00000| PB 0x000000008af00000| Untracked 
| 176|0x000000008b000000, 0x000000008b000000, 0x000000008b100000|  0%| F|  |TAMS 0x000000008b000000| PB 0x000000008b000000| Untracked 
| 177|0x000000008b100000, 0x000000008b100000, 0x000000008b200000|  0%| F|  |TAMS 0x000000008b100000| PB 0x000000008b100000| Untracked 
| 178|0x000000008b200000, 0x000000008b200000, 0x000000008b300000|  0%| F|  |TAMS 0x000000008b200000| PB 0x000000008b200000| Untracked 
| 179|0x000000008b300000, 0x000000008b300000, 0x000000008b400000|  0%| F|  |TAMS 0x000000008b300000| PB 0x000000008b300000| Untracked 
| 180|0x000000008b400000, 0x000000008b400000, 0x000000008b500000|  0%| F|  |TAMS 0x000000008b400000| PB 0x000000008b400000| Untracked 
| 181|0x000000008b500000, 0x000000008b500000, 0x000000008b600000|  0%| F|  |TAMS 0x000000008b500000| PB 0x000000008b500000| Untracked 
| 182|0x000000008b600000, 0x000000008b600000, 0x000000008b700000|  0%| F|  |TAMS 0x000000008b600000| PB 0x000000008b600000| Untracked 
| 183|0x000000008b700000, 0x000000008b700000, 0x000000008b800000|  0%| F|  |TAMS 0x000000008b700000| PB 0x000000008b700000| Untracked 
| 184|0x000000008b800000, 0x000000008b800000, 0x000000008b900000|  0%| F|  |TAMS 0x000000008b800000| PB 0x000000008b800000| Untracked 
| 185|0x000000008b900000, 0x000000008b900000, 0x000000008ba00000|  0%| F|  |TAMS 0x000000008b900000| PB 0x000000008b900000| Untracked 
| 186|0x000000008ba00000, 0x000000008ba00000, 0x000000008bb00000|  0%| F|  |TAMS 0x000000008ba00000| PB 0x000000008ba00000| Untracked 
| 187|0x000000008bb00000, 0x000000008bb00000, 0x000000008bc00000|  0%| F|  |TAMS 0x000000008bb00000| PB 0x000000008bb00000| Untracked 
| 188|0x000000008bc00000, 0x000000008bc00000, 0x000000008bd00000|  0%| F|  |TAMS 0x000000008bc00000| PB 0x000000008bc00000| Untracked 
| 189|0x000000008bd00000, 0x000000008bd00000, 0x000000008be00000|  0%| F|  |TAMS 0x000000008bd00000| PB 0x000000008bd00000| Untracked 
| 190|0x000000008be00000, 0x000000008be00000, 0x000000008bf00000|  0%| F|  |TAMS 0x000000008be00000| PB 0x000000008be00000| Untracked 
| 191|0x000000008bf00000, 0x000000008bf00000, 0x000000008c000000|  0%| F|  |TAMS 0x000000008bf00000| PB 0x000000008bf00000| Untracked 
| 192|0x000000008c000000, 0x000000008c000000, 0x000000008c100000|  0%| F|  |TAMS 0x000000008c000000| PB 0x000000008c000000| Untracked 
| 193|0x000000008c100000, 0x000000008c100000, 0x000000008c200000|  0%| F|  |TAMS 0x000000008c100000| PB 0x000000008c100000| Untracked 
| 194|0x000000008c200000, 0x000000008c200000, 0x000000008c300000|  0%| F|  |TAMS 0x000000008c200000| PB 0x000000008c200000| Untracked 
| 195|0x000000008c300000, 0x000000008c300000, 0x000000008c400000|  0%| F|  |TAMS 0x000000008c300000| PB 0x000000008c300000| Untracked 
| 196|0x000000008c400000, 0x000000008c400000, 0x000000008c500000|  0%| F|  |TAMS 0x000000008c400000| PB 0x000000008c400000| Untracked 
| 197|0x000000008c500000, 0x000000008c500000, 0x000000008c600000|  0%| F|  |TAMS 0x000000008c500000| PB 0x000000008c500000| Untracked 
| 198|0x000000008c600000, 0x000000008c600000, 0x000000008c700000|  0%| F|  |TAMS 0x000000008c600000| PB 0x000000008c600000| Untracked 
| 199|0x000000008c700000, 0x000000008c700000, 0x000000008c800000|  0%| F|  |TAMS 0x000000008c700000| PB 0x000000008c700000| Untracked 
| 200|0x000000008c800000, 0x000000008c800000, 0x000000008c900000|  0%| F|  |TAMS 0x000000008c800000| PB 0x000000008c800000| Untracked 
| 201|0x000000008c900000, 0x000000008c900000, 0x000000008ca00000|  0%| F|  |TAMS 0x000000008c900000| PB 0x000000008c900000| Untracked 
| 202|0x000000008ca00000, 0x000000008ca00000, 0x000000008cb00000|  0%| F|  |TAMS 0x000000008ca00000| PB 0x000000008ca00000| Untracked 
| 203|0x000000008cb00000, 0x000000008cb00000, 0x000000008cc00000|  0%| F|  |TAMS 0x000000008cb00000| PB 0x000000008cb00000| Untracked 
| 204|0x000000008cc00000, 0x000000008cc00000, 0x000000008cd00000|  0%| F|  |TAMS 0x000000008cc00000| PB 0x000000008cc00000| Untracked 
| 205|0x000000008cd00000, 0x000000008cd00000, 0x000000008ce00000|  0%| F|  |TAMS 0x000000008cd00000| PB 0x000000008cd00000| Untracked 
| 206|0x000000008ce00000, 0x000000008ce00000, 0x000000008cf00000|  0%| F|  |TAMS 0x000000008ce00000| PB 0x000000008ce00000| Untracked 
| 207|0x000000008cf00000, 0x000000008cf00000, 0x000000008d000000|  0%| F|  |TAMS 0x000000008cf00000| PB 0x000000008cf00000| Untracked 
| 208|0x000000008d000000, 0x000000008d000000, 0x000000008d100000|  0%| F|  |TAMS 0x000000008d000000| PB 0x000000008d000000| Untracked 
| 209|0x000000008d100000, 0x000000008d100000, 0x000000008d200000|  0%| F|  |TAMS 0x000000008d100000| PB 0x000000008d100000| Untracked 
| 210|0x000000008d200000, 0x000000008d200000, 0x000000008d300000|  0%| F|  |TAMS 0x000000008d200000| PB 0x000000008d200000| Untracked 
| 211|0x000000008d300000, 0x000000008d300000, 0x000000008d400000|  0%| F|  |TAMS 0x000000008d300000| PB 0x000000008d300000| Untracked 
| 212|0x000000008d400000, 0x000000008d400000, 0x000000008d500000|  0%| F|  |TAMS 0x000000008d400000| PB 0x000000008d400000| Untracked 
| 213|0x000000008d500000, 0x000000008d500000, 0x000000008d600000|  0%| F|  |TAMS 0x000000008d500000| PB 0x000000008d500000| Untracked 
| 214|0x000000008d600000, 0x000000008d600000, 0x000000008d700000|  0%| F|  |TAMS 0x000000008d600000| PB 0x000000008d600000| Untracked 
| 215|0x000000008d700000, 0x000000008d700000, 0x000000008d800000|  0%| F|  |TAMS 0x000000008d700000| PB 0x000000008d700000| Untracked 
| 216|0x000000008d800000, 0x000000008d800000, 0x000000008d900000|  0%| F|  |TAMS 0x000000008d800000| PB 0x000000008d800000| Untracked 
| 217|0x000000008d900000, 0x000000008d900000, 0x000000008da00000|  0%| F|  |TAMS 0x000000008d900000| PB 0x000000008d900000| Untracked 
| 218|0x000000008da00000, 0x000000008da00000, 0x000000008db00000|  0%| F|  |TAMS 0x000000008da00000| PB 0x000000008da00000| Untracked 
| 219|0x000000008db00000, 0x000000008db00000, 0x000000008dc00000|  0%| F|  |TAMS 0x000000008db00000| PB 0x000000008db00000| Untracked 
| 220|0x000000008dc00000, 0x000000008dc00000, 0x000000008dd00000|  0%| F|  |TAMS 0x000000008dc00000| PB 0x000000008dc00000| Untracked 
| 221|0x000000008dd00000, 0x000000008dd00000, 0x000000008de00000|  0%| F|  |TAMS 0x000000008dd00000| PB 0x000000008dd00000| Untracked 
| 222|0x000000008de00000, 0x000000008de00000, 0x000000008df00000|  0%| F|  |TAMS 0x000000008de00000| PB 0x000000008de00000| Untracked 
| 223|0x000000008df00000, 0x000000008df00000, 0x000000008e000000|  0%| F|  |TAMS 0x000000008df00000| PB 0x000000008df00000| Untracked 
| 224|0x000000008e000000, 0x000000008e000000, 0x000000008e100000|  0%| F|  |TAMS 0x000000008e000000| PB 0x000000008e000000| Untracked 
| 225|0x000000008e100000, 0x000000008e100000, 0x000000008e200000|  0%| F|  |TAMS 0x000000008e100000| PB 0x000000008e100000| Untracked 
| 226|0x000000008e200000, 0x000000008e200000, 0x000000008e300000|  0%| F|  |TAMS 0x000000008e200000| PB 0x000000008e200000| Untracked 
| 227|0x000000008e300000, 0x000000008e300000, 0x000000008e400000|  0%| F|  |TAMS 0x000000008e300000| PB 0x000000008e300000| Untracked 
| 228|0x000000008e400000, 0x000000008e400000, 0x000000008e500000|  0%| F|  |TAMS 0x000000008e400000| PB 0x000000008e400000| Untracked 
| 229|0x000000008e500000, 0x000000008e500000, 0x000000008e600000|  0%| F|  |TAMS 0x000000008e500000| PB 0x000000008e500000| Untracked 
| 230|0x000000008e600000, 0x000000008e600000, 0x000000008e700000|  0%| F|  |TAMS 0x000000008e600000| PB 0x000000008e600000| Untracked 
| 231|0x000000008e700000, 0x000000008e700000, 0x000000008e800000|  0%| F|  |TAMS 0x000000008e700000| PB 0x000000008e700000| Untracked 
| 232|0x000000008e800000, 0x000000008e800000, 0x000000008e900000|  0%| F|  |TAMS 0x000000008e800000| PB 0x000000008e800000| Untracked 
| 233|0x000000008e900000, 0x000000008e900000, 0x000000008ea00000|  0%| F|  |TAMS 0x000000008e900000| PB 0x000000008e900000| Untracked 
| 234|0x000000008ea00000, 0x000000008ea00000, 0x000000008eb00000|  0%| F|  |TAMS 0x000000008ea00000| PB 0x000000008ea00000| Untracked 
| 235|0x000000008eb00000, 0x000000008eb00000, 0x000000008ec00000|  0%| F|  |TAMS 0x000000008eb00000| PB 0x000000008eb00000| Untracked 
| 236|0x000000008ec00000, 0x000000008ec00000, 0x000000008ed00000|  0%| F|  |TAMS 0x000000008ec00000| PB 0x000000008ec00000| Untracked 
| 237|0x000000008ed00000, 0x000000008ed00000, 0x000000008ee00000|  0%| F|  |TAMS 0x000000008ed00000| PB 0x000000008ed00000| Untracked 
| 238|0x000000008ee00000, 0x000000008ee00000, 0x000000008ef00000|  0%| F|  |TAMS 0x000000008ee00000| PB 0x000000008ee00000| Untracked 
| 239|0x000000008ef00000, 0x000000008ef00000, 0x000000008f000000|  0%| F|  |TAMS 0x000000008ef00000| PB 0x000000008ef00000| Untracked 
| 240|0x000000008f000000, 0x000000008f000000, 0x000000008f100000|  0%| F|  |TAMS 0x000000008f000000| PB 0x000000008f000000| Untracked 
| 241|0x000000008f100000, 0x000000008f100000, 0x000000008f200000|  0%| F|  |TAMS 0x000000008f100000| PB 0x000000008f100000| Untracked 
| 242|0x000000008f200000, 0x000000008f200000, 0x000000008f300000|  0%| F|  |TAMS 0x000000008f200000| PB 0x000000008f200000| Untracked 
| 243|0x000000008f300000, 0x000000008f300000, 0x000000008f400000|  0%| F|  |TAMS 0x000000008f300000| PB 0x000000008f300000| Untracked 
| 244|0x000000008f400000, 0x000000008f400000, 0x000000008f500000|  0%| F|  |TAMS 0x000000008f400000| PB 0x000000008f400000| Untracked 
| 245|0x000000008f500000, 0x000000008f500000, 0x000000008f600000|  0%| F|  |TAMS 0x000000008f500000| PB 0x000000008f500000| Untracked 
| 246|0x000000008f600000, 0x000000008f600000, 0x000000008f700000|  0%| F|  |TAMS 0x000000008f600000| PB 0x000000008f600000| Untracked 
| 247|0x000000008f700000, 0x000000008f700000, 0x000000008f800000|  0%| F|  |TAMS 0x000000008f700000| PB 0x000000008f700000| Untracked 
| 248|0x000000008f800000, 0x000000008f800000, 0x000000008f900000|  0%| F|  |TAMS 0x000000008f800000| PB 0x000000008f800000| Untracked 
| 249|0x000000008f900000, 0x000000008f900000, 0x000000008fa00000|  0%| F|  |TAMS 0x000000008f900000| PB 0x000000008f900000| Untracked 
| 250|0x000000008fa00000, 0x000000008fa00000, 0x000000008fb00000|  0%| F|  |TAMS 0x000000008fa00000| PB 0x000000008fa00000| Untracked 
| 251|0x000000008fb00000, 0x000000008fb00000, 0x000000008fc00000|  0%| F|  |TAMS 0x000000008fb00000| PB 0x000000008fb00000| Untracked 
| 252|0x000000008fc00000, 0x000000008fc00000, 0x000000008fd00000|  0%| F|  |TAMS 0x000000008fc00000| PB 0x000000008fc00000| Untracked 
| 253|0x000000008fd00000, 0x000000008fd00000, 0x000000008fe00000|  0%| F|  |TAMS 0x000000008fd00000| PB 0x000000008fd00000| Untracked 
| 254|0x000000008fe00000, 0x000000008fe00000, 0x000000008ff00000|  0%| F|  |TAMS 0x000000008fe00000| PB 0x000000008fe00000| Untracked 
| 255|0x000000008ff00000, 0x000000008ff00000, 0x0000000090000000|  0%| F|  |TAMS 0x000000008ff00000| PB 0x000000008ff00000| Untracked 
| 256|0x0000000090000000, 0x0000000090000000, 0x0000000090100000|  0%| F|  |TAMS 0x0000000090000000| PB 0x0000000090000000| Untracked 
| 257|0x0000000090100000, 0x0000000090100000, 0x0000000090200000|  0%| F|  |TAMS 0x0000000090100000| PB 0x0000000090100000| Untracked 
| 258|0x0000000090200000, 0x0000000090200000, 0x0000000090300000|  0%| F|  |TAMS 0x0000000090200000| PB 0x0000000090200000| Untracked 
| 259|0x0000000090300000, 0x0000000090300000, 0x0000000090400000|  0%| F|  |TAMS 0x0000000090300000| PB 0x0000000090300000| Untracked 
| 260|0x0000000090400000, 0x0000000090451d90, 0x0000000090500000| 31%| S|CS|TAMS 0x0000000090400000| PB 0x0000000090400000| Complete 
| 261|0x0000000090500000, 0x0000000090500000, 0x0000000090600000|  0%| F|  |TAMS 0x0000000090500000| PB 0x0000000090500000| Untracked 
| 262|0x0000000090600000, 0x0000000090600000, 0x0000000090700000|  0%| F|  |TAMS 0x0000000090600000| PB 0x0000000090600000| Untracked 
| 263|0x0000000090700000, 0x0000000090700000, 0x0000000090800000|  0%| F|  |TAMS 0x0000000090700000| PB 0x0000000090700000| Untracked 
| 264|0x0000000090800000, 0x0000000090800000, 0x0000000090900000|  0%| F|  |TAMS 0x0000000090800000| PB 0x0000000090800000| Untracked 
| 265|0x0000000090900000, 0x0000000090900000, 0x0000000090a00000|  0%| F|  |TAMS 0x0000000090900000| PB 0x0000000090900000| Untracked 
| 266|0x0000000090a00000, 0x0000000090a00000, 0x0000000090b00000|  0%| F|  |TAMS 0x0000000090a00000| PB 0x0000000090a00000| Untracked 
| 267|0x0000000090b00000, 0x0000000090b00000, 0x0000000090c00000|  0%| F|  |TAMS 0x0000000090b00000| PB 0x0000000090b00000| Untracked 
| 268|0x0000000090c00000, 0x0000000090c00000, 0x0000000090d00000|  0%| F|  |TAMS 0x0000000090c00000| PB 0x0000000090c00000| Untracked 
| 269|0x0000000090d00000, 0x0000000090d00000, 0x0000000090e00000|  0%| F|  |TAMS 0x0000000090d00000| PB 0x0000000090d00000| Untracked 
| 270|0x0000000090e00000, 0x0000000090e00000, 0x0000000090f00000|  0%| F|  |TAMS 0x0000000090e00000| PB 0x0000000090e00000| Untracked 
| 271|0x0000000090f00000, 0x0000000090f00000, 0x0000000091000000|  0%| F|  |TAMS 0x0000000090f00000| PB 0x0000000090f00000| Untracked 
| 272|0x0000000091000000, 0x0000000091000000, 0x0000000091100000|  0%| F|  |TAMS 0x0000000091000000| PB 0x0000000091000000| Untracked 
| 273|0x0000000091100000, 0x0000000091100000, 0x0000000091200000|  0%| F|  |TAMS 0x0000000091100000| PB 0x0000000091100000| Untracked 

Card table byte_map: [0x00000258f9b80000,0x00000258f9f80000] _byte_map_base: 0x00000258f9780000

Marking Bits: (CMBitMap*) 0x00000258f93e65d0
 Bits: [0x00000258f9f80000, 0x00000258fbf80000)

Polling page: 0x00000258f72b0000

Metaspace:

Usage:
  Non-class:     42.79 MB used.
      Class:      6.92 MB used.
       Both:     49.71 MB used.

Virtual space:
  Non-class space:       64.00 MB reserved,      43.56 MB ( 68%) committed,  1 nodes.
      Class space:      416.00 MB reserved,       7.62 MB (  2%) committed,  1 nodes.
             Both:      480.00 MB reserved,      51.19 MB ( 11%) committed. 

Chunk freelists:
   Non-Class:  3.83 MB
       Class:  8.38 MB
        Both:  12.20 MB

MaxMetaspaceSize: 512.00 MB
CompressedClassSpaceSize: 416.00 MB
Initial GC threshold: 21.00 MB
Current GC threshold: 59.19 MB
CDS: on
 - commit_granule_bytes: 65536.
 - commit_granule_words: 8192.
 - virtual_space_node_default_size: 8388608.
 - enlarge_chunks_in_place: 1.
 - use_allocation_guard: 0.


Internal statistics:

num_allocs_failed_limit: 9.
num_arena_births: 2634.
num_arena_deaths: 0.
num_vsnodes_births: 2.
num_vsnodes_deaths: 0.
num_space_committed: 819.
num_space_uncommitted: 0.
num_chunks_returned_to_freelist: 9.
num_chunks_taken_from_freelist: 4855.
num_chunk_merges: 3.
num_chunk_splits: 3160.
num_chunks_enlarged: 1983.
num_inconsistent_stats: 0.

CodeHeap 'non-profiled nmethods': size=120000Kb used=6569Kb max_used=6569Kb free=113431Kb
 bounds [0x000002588fe60000, 0x00000258904d0000, 0x0000025897390000]
CodeHeap 'profiled nmethods': size=120000Kb used=15054Kb max_used=15054Kb free=104945Kb
 bounds [0x0000025888390000, 0x0000025889250000, 0x000002588f8c0000]
CodeHeap 'non-nmethods': size=5760Kb used=2973Kb max_used=3046Kb free=2786Kb
 bounds [0x000002588f8c0000, 0x000002588fbd0000, 0x000002588fe60000]
 total_blobs=8110 nmethods=7247 adapters=767
 compilation: enabled
              stopped_count=0, restarted_count=0
 full_count=0

Compilation events (20 events):
Event: 11.649 Thread 0x00000258fe9cbf20 7752       4       org.objectweb.asm.Context::<init> (5 bytes)
Event: 11.649 Thread 0x00000258fe9cbf20 nmethod 7752 0x00000258904b4a90 code [0x00000258904b4c20, 0x00000258904b4ca8]
Event: 11.655 Thread 0x00000258fe9cc5d0 nmethod 7751% 0x0000025889229c90 code [0x000002588922a880, 0x00000258892322a8]
Event: 11.655 Thread 0x00000258fe9cc5d0 7748       3       org.objectweb.asm.ByteVector::<init> (12 bytes)
Event: 11.655 Thread 0x00000258fe9cc5d0 nmethod 7748 0x0000025889235a10 code [0x0000025889235bc0, 0x0000025889235e28]
Event: 11.655 Thread 0x00000258fe9cc5d0 7749       3       org.objectweb.asm.SymbolTable::putConstantPool (28 bytes)
Event: 11.655 Thread 0x00000258fe9cc5d0 nmethod 7749 0x0000025889235f10 code [0x00000258892360e0, 0x00000258892362a0]
Event: 11.656 Thread 0x00000258fe9cc5d0 7753       3       org.objectweb.asm.ClassReader::accept (1419 bytes)
Event: 11.662 Thread 0x00000258fe9cc5d0 nmethod 7753 0x0000025889236410 code [0x0000025889236fe0, 0x000002588923e470]
Event: 11.665 Thread 0x00000258fe9cc5d0 7754       3       org.objectweb.asm.MethodVisitor::visitAnnotationDefault (17 bytes)
Event: 11.665 Thread 0x00000258fe9cc5d0 nmethod 7754 0x0000025889241a90 code [0x0000025889241c40, 0x0000025889241e88]
Event: 12.742 Thread 0x00000258bc39f750 nmethod 7739 0x00000258904b4d90 code [0x00000258904b58e0, 0x00000258904c0f48]
Event: 12.742 Thread 0x00000258fe9cc5d0 7756       3       java.io.BufferedInputStream::implRead (49 bytes)
Event: 12.742 Thread 0x00000258fe9cbf20 7757       4       jdk.internal.misc.Unsafe::convEndian (16 bytes)
Event: 12.743 Thread 0x00000258fe9cbf20 nmethod 7757 0x00000258904c9d90 code [0x00000258904c9f00, 0x00000258904c9f78]
Event: 12.743 Thread 0x00000258fe9cc5d0 nmethod 7756 0x0000025889241f90 code [0x0000025889242160, 0x0000025889242440]
Event: 12.743 Thread 0x00000258fe9cc5d0 7755   !   3       java.io.BufferedInputStream::read (54 bytes)
Event: 12.743 Thread 0x00000258fe9cc5d0 nmethod 7755 0x0000025889242590 code [0x0000025889242820, 0x0000025889243458]
Event: 12.770 Thread 0x00000258bc39f750 7758       4       org.objectweb.asm.SymbolTable::getType (7 bytes)
Event: 12.771 Thread 0x00000258bc39f750 nmethod 7758 0x00000258904ca090 code [0x00000258904ca220, 0x00000258904ca2f0]

GC Heap History (20 events):
Event: 10.025 GC heap after
{Heap after GC invocations=23 (full 0):
 garbage-first heap   total 194560K, used 56792K [0x0000000080000000, 0x0000000100000000)
  region size 1024K, 7 young (7168K), 7 survivors (7168K)
 Metaspace       used 50839K, committed 52352K, reserved 491520K
  class space    used 7076K, committed 7808K, reserved 425984K
}
Event: 10.225 GC heap before
{Heap before GC invocations=23 (full 0):
 garbage-first heap   total 194560K, used 166360K [0x0000000080000000, 0x0000000100000000)
  region size 1024K, 114 young (116736K), 7 survivors (7168K)
 Metaspace       used 50845K, committed 52352K, reserved 491520K
  class space    used 7076K, committed 7808K, reserved 425984K
}
Event: 10.232 GC heap after
{Heap after GC invocations=24 (full 0):
 garbage-first heap   total 194560K, used 57326K [0x0000000080000000, 0x0000000100000000)
  region size 1024K, 8 young (8192K), 8 survivors (8192K)
 Metaspace       used 50845K, committed 52352K, reserved 491520K
  class space    used 7076K, committed 7808K, reserved 425984K
}
Event: 10.489 GC heap before
{Heap before GC invocations=24 (full 0):
 garbage-first heap   total 194560K, used 165870K [0x0000000080000000, 0x0000000100000000)
  region size 1024K, 114 young (116736K), 8 survivors (8192K)
 Metaspace       used 50859K, committed 52416K, reserved 491520K
  class space    used 7076K, committed 7808K, reserved 425984K
}
Event: 10.496 GC heap after
{Heap after GC invocations=25 (full 0):
 garbage-first heap   total 233472K, used 58057K [0x0000000080000000, 0x0000000100000000)
  region size 1024K, 8 young (8192K), 8 survivors (8192K)
 Metaspace       used 50859K, committed 52416K, reserved 491520K
  class space    used 7076K, committed 7808K, reserved 425984K
}
Event: 10.793 GC heap before
{Heap before GC invocations=25 (full 0):
 garbage-first heap   total 233472K, used 189129K [0x0000000080000000, 0x0000000100000000)
  region size 1024K, 136 young (139264K), 8 survivors (8192K)
 Metaspace       used 50861K, committed 52416K, reserved 491520K
  class space    used 7076K, committed 7808K, reserved 425984K
}
Event: 10.801 GC heap after
{Heap after GC invocations=26 (full 0):
 garbage-first heap   total 233472K, used 58971K [0x0000000080000000, 0x0000000100000000)
  region size 1024K, 9 young (9216K), 9 survivors (9216K)
 Metaspace       used 50861K, committed 52416K, reserved 491520K
  class space    used 7076K, committed 7808K, reserved 425984K
}
Event: 11.083 GC heap before
{Heap before GC invocations=26 (full 0):
 garbage-first heap   total 233472K, used 189019K [0x0000000080000000, 0x0000000100000000)
  region size 1024K, 136 young (139264K), 9 survivors (9216K)
 Metaspace       used 50862K, committed 52416K, reserved 491520K
  class space    used 7076K, committed 7808K, reserved 425984K
}
Event: 11.092 GC heap after
{Heap after GC invocations=27 (full 0):
 garbage-first heap   total 233472K, used 59683K [0x0000000080000000, 0x0000000100000000)
  region size 1024K, 10 young (10240K), 10 survivors (10240K)
 Metaspace       used 50862K, committed 52416K, reserved 491520K
  class space    used 7076K, committed 7808K, reserved 425984K
}
Event: 11.433 GC heap before
{Heap before GC invocations=27 (full 0):
 garbage-first heap   total 233472K, used 188707K [0x0000000080000000, 0x0000000100000000)
  region size 1024K, 136 young (139264K), 10 survivors (10240K)
 Metaspace       used 50862K, committed 52416K, reserved 491520K
  class space    used 7076K, committed 7808K, reserved 425984K
}
Event: 11.441 GC heap after
{Heap after GC invocations=28 (full 0):
 garbage-first heap   total 233472K, used 60855K [0x0000000080000000, 0x0000000100000000)
  region size 1024K, 8 young (8192K), 8 survivors (8192K)
 Metaspace       used 50862K, committed 52416K, reserved 491520K
  class space    used 7076K, committed 7808K, reserved 425984K
}
Event: 11.712 GC heap before
{Heap before GC invocations=28 (full 0):
 garbage-first heap   total 233472K, used 191927K [0x0000000080000000, 0x0000000100000000)
  region size 1024K, 136 young (139264K), 8 survivors (8192K)
 Metaspace       used 50863K, committed 52416K, reserved 491520K
  class space    used 7076K, committed 7808K, reserved 425984K
}
Event: 12.724 GC heap after
{Heap after GC invocations=29 (full 0):
 garbage-first heap   total 280576K, used 62028K [0x0000000080000000, 0x0000000100000000)
  region size 1024K, 9 young (9216K), 9 survivors (9216K)
 Metaspace       used 50863K, committed 52416K, reserved 491520K
  class space    used 7076K, committed 7808K, reserved 425984K
}
Event: 12.735 GC heap before
{Heap before GC invocations=29 (full 0):
 garbage-first heap   total 280576K, used 66124K [0x0000000080000000, 0x0000000100000000)
  region size 1024K, 13 young (13312K), 9 survivors (9216K)
 Metaspace       used 50881K, committed 52416K, reserved 491520K
  class space    used 7079K, committed 7808K, reserved 425984K
}
Event: 12.740 GC heap after
{Heap after GC invocations=30 (full 0):
 garbage-first heap   total 280576K, used 62722K [0x0000000080000000, 0x0000000100000000)
  region size 1024K, 2 young (2048K), 2 survivors (2048K)
 Metaspace       used 50881K, committed 52416K, reserved 491520K
  class space    used 7079K, committed 7808K, reserved 425984K
}
Event: 12.753 GC heap before
{Heap before GC invocations=30 (full 0):
 garbage-first heap   total 280576K, used 73986K [0x0000000080000000, 0x0000000100000000)
  region size 1024K, 13 young (13312K), 2 survivors (2048K)
 Metaspace       used 50900K, committed 52416K, reserved 491520K
  class space    used 7084K, committed 7808K, reserved 425984K
}
Event: 12.755 GC heap after
{Heap after GC invocations=31 (full 0):
 garbage-first heap   total 280576K, used 61711K [0x0000000080000000, 0x0000000100000000)
  region size 1024K, 1 young (1024K), 1 survivors (1024K)
 Metaspace       used 50900K, committed 52416K, reserved 491520K
  class space    used 7084K, committed 7808K, reserved 425984K
}
Event: 12.766 GC heap before
{Heap before GC invocations=31 (full 0):
 garbage-first heap   total 280576K, used 73999K [0x0000000080000000, 0x0000000100000000)
  region size 1024K, 13 young (13312K), 1 survivors (1024K)
 Metaspace       used 50900K, committed 52416K, reserved 491520K
  class space    used 7084K, committed 7808K, reserved 425984K
}
Event: 12.768 GC heap after
{Heap after GC invocations=32 (full 0):
 garbage-first heap   total 280576K, used 61500K [0x0000000080000000, 0x0000000100000000)
  region size 1024K, 1 young (1024K), 1 survivors (1024K)
 Metaspace       used 50900K, committed 52416K, reserved 491520K
  class space    used 7084K, committed 7808K, reserved 425984K
}
Event: 12.779 GC heap before
{Heap before GC invocations=32 (full 0):
 garbage-first heap   total 280576K, used 73788K [0x0000000080000000, 0x0000000100000000)
  region size 1024K, 13 young (13312K), 1 survivors (1024K)
 Metaspace       used 50900K, committed 52416K, reserved 491520K
  class space    used 7084K, committed 7808K, reserved 425984K
}

Dll operation events (15 events):
Event: 0.013 Loaded shared library C:\Program Files\Java\jdk-21\bin\java.dll
Event: 0.046 Loaded shared library C:\Program Files\Java\jdk-21\bin\jsvml.dll
Event: 0.085 Loaded shared library C:\Program Files\Java\jdk-21\bin\zip.dll
Event: 0.091 Loaded shared library C:\Program Files\Java\jdk-21\bin\instrument.dll
Event: 0.099 Loaded shared library C:\Program Files\Java\jdk-21\bin\net.dll
Event: 0.101 Loaded shared library C:\Program Files\Java\jdk-21\bin\nio.dll
Event: 0.104 Loaded shared library C:\Program Files\Java\jdk-21\bin\zip.dll
Event: 0.301 Loaded shared library C:\Program Files\Java\jdk-21\bin\jimage.dll
Event: 0.434 Loaded shared library C:\Program Files\Java\jdk-21\bin\verify.dll
Event: 0.566 Loaded shared library C:\Users\Udisha\.gradle\native\c067742578af261105cb4f569cf0c3c89f3d7b1fecec35dd04571415982c5e48\windows-amd64\native-platform.dll
Event: 0.580 Loaded shared library C:\Users\Udisha\.gradle\native\100fb08df4bc3b14c8652ba06237920a3bd2aa13389f12d3474272988ae205f9\windows-amd64\native-platform-file-events.dll
Event: 1.434 Loaded shared library C:\Program Files\Java\jdk-21\bin\management.dll
Event: 1.439 Loaded shared library C:\Program Files\Java\jdk-21\bin\management_ext.dll
Event: 1.644 Loaded shared library C:\Program Files\Java\jdk-21\bin\extnet.dll
Event: 1.821 Loaded shared library C:\Program Files\Java\jdk-21\bin\sunmscapi.dll

Deoptimization events (20 events):
Event: 11.638 Thread 0x00000258b8be9af0 DEOPT PACKING pc=0x00000258891e9031 sp=0x0000009225bf55e0
Event: 11.638 Thread 0x00000258b8be9af0 DEOPT UNPACKING pc=0x000002588f9188e2 sp=0x0000009225bf4cf0 mode 0
Event: 11.642 Thread 0x00000258b8be9af0 Uncommon trap: trap_request=0xffffff45 fr.pc=0x0000025890494f78 relative=0x0000000000009d38
Event: 11.642 Thread 0x00000258b8be9af0 Uncommon trap: reason=unstable_if action=reinterpret pc=0x0000025890494f78 method=org.objectweb.asm.ClassReader.accept(Lorg/objectweb/asm/ClassVisitor;[Lorg/objectweb/asm/Attribute;I)V @ 518 c2
Event: 11.642 Thread 0x00000258b8be9af0 DEOPT PACKING pc=0x0000025890494f78 sp=0x0000009225bf5b00
Event: 11.642 Thread 0x00000258b8be9af0 DEOPT UNPACKING pc=0x000002588f917da2 sp=0x0000009225bf5b18 mode 2
Event: 11.642 Thread 0x00000258b8be9af0 Uncommon trap: trap_request=0xffffff45 fr.pc=0x0000025890457304 relative=0x0000000000004204
Event: 11.642 Thread 0x00000258b8be9af0 Uncommon trap: reason=unstable_if action=reinterpret pc=0x0000025890457304 method=org.objectweb.asm.ClassWriter.toByteArray()[B @ 364 c2
Event: 11.642 Thread 0x00000258b8be9af0 DEOPT PACKING pc=0x0000025890457304 sp=0x0000009225bf5c00
Event: 11.642 Thread 0x00000258b8be9af0 DEOPT UNPACKING pc=0x000002588f917da2 sp=0x0000009225bf5ba8 mode 2
Event: 11.661 Thread 0x00000258b8be9af0 DEOPT PACKING pc=0x00000258891e9031 sp=0x0000009225bf5610
Event: 11.661 Thread 0x00000258b8be9af0 DEOPT UNPACKING pc=0x000002588f9188e2 sp=0x0000009225bf4d20 mode 0
Event: 11.674 Thread 0x00000258b8be9af0 DEOPT PACKING pc=0x00000258891e9031 sp=0x0000009225bf54a0
Event: 11.674 Thread 0x00000258b8be9af0 DEOPT UNPACKING pc=0x000002588f9188e2 sp=0x0000009225bf4bb0 mode 0
Event: 11.682 Thread 0x00000258b8be9af0 DEOPT PACKING pc=0x00000258891e9031 sp=0x0000009225bf54a0
Event: 11.682 Thread 0x00000258b8be9af0 DEOPT UNPACKING pc=0x000002588f9188e2 sp=0x0000009225bf4bb0 mode 0
Event: 11.695 Thread 0x00000258b8be9af0 DEOPT PACKING pc=0x00000258891e9031 sp=0x0000009225bf54a0
Event: 11.695 Thread 0x00000258b8be9af0 DEOPT UNPACKING pc=0x000002588f9188e2 sp=0x0000009225bf4bb0 mode 0
Event: 12.728 Thread 0x00000258b8be9af0 DEOPT PACKING pc=0x00000258891e86df sp=0x0000009225bf54a0
Event: 12.728 Thread 0x00000258b8be9af0 DEOPT UNPACKING pc=0x000002588f9188e2 sp=0x0000009225bf4bb0 mode 0

Classes loaded (20 events):
Event: 8.199 Loading class java/nio/charset/UnsupportedCharsetException
Event: 8.199 Loading class java/nio/charset/UnsupportedCharsetException done
Event: 8.201 Loading class java/util/Collections$UnmodifiableSortedMap
Event: 8.201 Loading class java/util/Collections$UnmodifiableSortedMap done
Event: 8.205 Loading class java/util/zip/Deflater
Event: 8.205 Loading class java/util/zip/Deflater done
Event: 8.206 Loading class java/util/zip/Deflater$DeflaterZStreamRef
Event: 8.206 Loading class java/util/zip/Deflater$DeflaterZStreamRef done
Event: 8.210 Loading class java/util/zip/ZipFile$ZipEntryIterator
Event: 8.210 Loading class java/util/zip/ZipFile$ZipEntryIterator done
Event: 8.237 Loading class java/nio/StringCharBuffer
Event: 8.237 Loading class java/nio/StringCharBuffer done
Event: 8.754 Loading class java/lang/foreign/MemorySegment
Event: 8.755 Loading class java/lang/foreign/MemorySegment done
Event: 9.977 Loading class java/util/regex/Pattern$Caret
Event: 9.977 Loading class java/util/regex/Pattern$Caret done
Event: 12.725 Loading class java/util/concurrent/LinkedBlockingDeque$Itr
Event: 12.729 Loading class java/util/concurrent/LinkedBlockingDeque$AbstractItr
Event: 12.730 Loading class java/util/concurrent/LinkedBlockingDeque$AbstractItr done
Event: 12.730 Loading class java/util/concurrent/LinkedBlockingDeque$Itr done

Classes unloaded (0 events):
No events

Classes redefined (0 events):
No events

Internal exceptions (20 events):
Event: 7.954 Thread 0x00000258b8be9af0 Exception <a 'java/lang/ClassNotFoundException'{0x000000008724e0c0}: org/gradle/plugin/use/internal/PluginRequestCollector$PluginDependenciesSpecImplCustomizer> (0x000000008724e0c0) 
thrown [s\open\src\hotspot\share\classfile\systemDictionary.cpp, line 312]
Event: 7.955 Thread 0x00000258b8be9af0 Exception <a 'java/lang/NoSuchMethodError'{0x000000008725ca78}: 'java.lang.Object java.lang.invoke.DirectMethodHandle$Holder.invokeVirtual(java.lang.Object, java.lang.Object, java.lang.Object, int)'> (0x000000008725ca78) 
thrown [s\open\src\hotspot\share\interpreter\linkResolver.cpp, line 773]
Event: 7.961 Thread 0x00000258b8be9af0 Exception <a 'java/lang/NoSuchMethodError'{0x00000000872b07e0}: 'java.lang.Object java.lang.invoke.DirectMethodHandle$Holder.invokeVirtual(java.lang.Object, java.lang.Object, java.lang.Object, java.lang.Object, java.lang.Object, java.lang.Object, java.lang.Object, java.lang.Object, java.lang.Object, java.lang.Object, java.lang.Object, java.lang.Object, java.lang.Object)'> (0x00000000872b07e0) 
thrown [s\open\src\hotspot\share\interpreter\linkResolver.cpp, line 773]
Event: 7.961 Thread 0x00000258b8be9af0 Exception <a 'java/lang/NoSuchMethodError'{0x00000000872b5ed8}: 'java.lang.Object java.lang.invoke.DirectMethodHandle$Holder.invokeSpecial(java.lang.Object, java.lang.Object, java.lang.Object, java.lang.Object, java.lang.Object, java.lang.Object, java.lang.Object, java.lang.Object, java.lang.Object, java.lang.Object, java.lang.Object, java.lang.Object, java.lang.Object, java.lang.Object)'> (0x00000000872b5ed8) 
thrown [s\open\src\hotspot\share\interpreter\linkResolver.cpp, line 773]
Event: 7.961 Thread 0x00000258b8be9af0 Exception <a 'java/lang/NoSuchMethodError'{0x00000000872bae58}: 'java.lang.Object java.lang.invoke.DelegatingMethodHandle$Holder.reinvoke_L(java.lang.Object, java.lang.Object, java.lang.Object, java.lang.Object, java.lang.Object, java.lang.Object, java.lang.Object, java.lang.Object, java.lang.Object, java.lang.Object, java.lang.Object, java.lang.Object, java.lang.Object)'> (0x00000000872bae58) 
thrown [s\open\src\hotspot\share\interpreter\linkResolver.cpp, line 773]
Event: 7.964 Thread 0x00000258b8be9af0 Exception <a 'java/lang/IncompatibleClassChangeError'{0x0000000087112ef8}: Found class java.lang.Object, but interface was expected> (0x0000000087112ef8) 
thrown [s\open\src\hotspot\share\interpreter\linkResolver.cpp, line 840]
Event: 7.998 Thread 0x00000258b8be9af0 Exception <a 'java/lang/NoSuchMethodError'{0x0000000086feb310}: 'java.lang.Object java.lang.invoke.DirectMethodHandle$Holder.newInvokeSpecial(java.lang.Object, java.lang.Object, java.lang.Object, java.lang.Object, java.lang.Object, java.lang.Object, java.lang.Object, java.lang.Object, java.lang.Object, java.lang.Object, java.lang.Object, java.lang.Object, java.lang.Object, java.lang.Object, java.lang.Object, java.lang.Object, java.lang.Object, java.lang.Object, java.lang.Object)'> (0x0000000086feb310) 
thr
Event: 7.999 Thread 0x00000258b8be9af0 Exception <a 'java/lang/NoSuchMethodError'{0x0000000086ff1f40}: 'java.lang.Object java.lang.invoke.DirectMethodHandle$Holder.invokeSpecial(java.lang.Object, java.lang.Object, java.lang.Object, java.lang.Object, java.lang.Object, java.lang.Object, java.lang.Object, java.lang.Object, java.lang.Object, java.lang.Object, java.lang.Object, java.lang.Object, java.lang.Object, java.lang.Object, java.lang.Object, java.lang.Object, java.lang.Object, java.lang.Object, java.lang.Object, java.lang.Object)'> (0x0000000
Event: 8.000 Thread 0x00000258b8be9af0 Exception <a 'java/lang/NoSuchMethodError'{0x0000000086ff7780}: 'java.lang.Object java.lang.invoke.DelegatingMethodHandle$Holder.reinvoke_L(java.lang.Object, java.lang.Object, java.lang.Object, java.lang.Object, java.lang.Object, java.lang.Object, java.lang.Object, java.lang.Object, java.lang.Object, java.lang.Object, java.lang.Object, java.lang.Object, java.lang.Object, java.lang.Object, java.lang.Object, java.lang.Object, java.lang.Object, java.lang.Object, java.lang.Object)'> (0x0000000086ff7780) 
throw
Event: 8.070 Thread 0x00000258b8be9af0 Exception <a 'sun/nio/fs/WindowsException'{0x0000000086b57820}> (0x0000000086b57820) 
thrown [s\open\src\hotspot\share\prims\jni.cpp, line 520]
Event: 8.070 Thread 0x00000258b8be9af0 Exception <a 'sun/nio/fs/WindowsException'{0x0000000086b59510}> (0x0000000086b59510) 
thrown [s\open\src\hotspot\share\prims\jni.cpp, line 520]
Event: 8.071 Thread 0x00000258b8be9af0 Exception <a 'sun/nio/fs/WindowsException'{0x0000000086b5b1f0}> (0x0000000086b5b1f0) 
thrown [s\open\src\hotspot\share\prims\jni.cpp, line 520]
Event: 8.072 Thread 0x00000258b8be9af0 Exception <a 'sun/nio/fs/WindowsException'{0x0000000086b5cec0}> (0x0000000086b5cec0) 
thrown [s\open\src\hotspot\share\prims\jni.cpp, line 520]
Event: 8.088 Thread 0x00000258b8be9af0 Exception <a 'java/lang/NoSuchMethodError'{0x0000000086ab9960}: 'java.lang.Object java.lang.invoke.Invokers$Holder.invoker(java.lang.Object, java.lang.Object, java.lang.Object, java.lang.Object, java.lang.Object, java.lang.Object)'> (0x0000000086ab9960) 
thrown [s\open\src\hotspot\share\interpreter\linkResolver.cpp, line 773]
Event: 8.105 Thread 0x00000258b8be9af0 Exception <a 'java/lang/NoSuchMethodError'{0x00000000869e7d48}: 'java.lang.Object java.lang.invoke.Invokers$Holder.invoker(java.lang.Object, java.lang.Object, java.lang.Object, java.lang.Object, java.lang.Object)'> (0x00000000869e7d48) 
thrown [s\open\src\hotspot\share\interpreter\linkResolver.cpp, line 773]
Event: 8.107 Thread 0x00000258b8be9af0 Exception <a 'java/lang/NoSuchMethodError'{0x0000000086809670}: 'java.lang.Object java.lang.invoke.Invokers$Holder.invoker(java.lang.Object, java.lang.Object, java.lang.Object, java.lang.Object, java.lang.Object, java.lang.Object, java.lang.Object, java.lang.Object, java.lang.Object, java.lang.Object, java.lang.Object, java.lang.Object, java.lang.Object, java.lang.Object, java.lang.Object, java.lang.Object, java.lang.Object, java.lang.Object, java.lang.Object, java.lang.Object, java.lang.Object, java.lang.
Event: 8.107 Thread 0x00000258b8be9af0 Exception <a 'java/lang/NoSuchMethodError'{0x0000000086810430}: 'java.lang.Object java.lang.invoke.DelegatingMethodHandle$Holder.delegate(java.lang.Object, java.lang.Object, java.lang.Object, java.lang.Object, java.lang.Object, java.lang.Object, java.lang.Object, java.lang.Object, java.lang.Object, java.lang.Object, java.lang.Object, java.lang.Object, java.lang.Object, java.lang.Object, java.lang.Object, java.lang.Object, java.lang.Object, java.lang.Object, java.lang.Object, java.lang.Object, java.lang.Obj
Event: 8.188 Thread 0x00000258b8be9af0 Exception <a 'sun/nio/fs/WindowsException'{0x00000000851c2798}> (0x00000000851c2798) 
thrown [s\open\src\hotspot\share\prims\jni.cpp, line 520]
Event: 8.188 Thread 0x00000258b8be9af0 Exception <a 'sun/nio/fs/WindowsException'{0x00000000851c4598}> (0x00000000851c4598) 
thrown [s\open\src\hotspot\share\prims\jni.cpp, line 520]
Event: 8.211 Thread 0x00000258b8be9af0 Implicit null exception at 0x00000258900cf6e6 to 0x00000258900d0294

ZGC Phase Switch (0 events):
No events

VM Operations (20 events):
Event: 10.496 Executing VM operation: G1CollectForAllocation (G1 Evacuation Pause) done
Event: 10.793 Executing VM operation: G1CollectForAllocation (G1 Evacuation Pause)
Event: 10.801 Executing VM operation: G1CollectForAllocation (G1 Evacuation Pause) done
Event: 11.083 Executing VM operation: G1CollectForAllocation (G1 Evacuation Pause)
Event: 11.092 Executing VM operation: G1CollectForAllocation (G1 Evacuation Pause) done
Event: 11.433 Executing VM operation: G1CollectForAllocation (G1 Evacuation Pause)
Event: 11.441 Executing VM operation: G1CollectForAllocation (G1 Evacuation Pause) done
Event: 11.712 Executing VM operation: G1CollectForAllocation (G1 Evacuation Pause)
Event: 12.724 Executing VM operation: G1CollectForAllocation (G1 Evacuation Pause) done
Event: 12.735 Executing VM operation: G1CollectForAllocation (G1 Evacuation Pause)
Event: 12.740 Executing VM operation: G1CollectForAllocation (G1 Evacuation Pause) done
Event: 12.746 Executing VM operation: HandshakeAllThreads (Deoptimize)
Event: 12.746 Executing VM operation: HandshakeAllThreads (Deoptimize) done
Event: 12.747 Executing VM operation: HandshakeAllThreads (Deoptimize)
Event: 12.748 Executing VM operation: HandshakeAllThreads (Deoptimize) done
Event: 12.753 Executing VM operation: G1CollectForAllocation (G1 Evacuation Pause)
Event: 12.755 Executing VM operation: G1CollectForAllocation (G1 Evacuation Pause) done
Event: 12.766 Executing VM operation: G1CollectForAllocation (G1 Evacuation Pause)
Event: 12.768 Executing VM operation: G1CollectForAllocation (G1 Evacuation Pause) done
Event: 12.779 Executing VM operation: G1CollectForAllocation (G1 Evacuation Pause)

Events (20 events):
Event: 4.952 Thread 0x00000258fe987b50 flushing nmethod 0x000002588fe8c790
Event: 4.952 Thread 0x00000258fe987b50 flushing nmethod 0x000002588fe97c90
Event: 4.952 Thread 0x00000258fe987b50 flushing nmethod 0x000002588fe93790
Event: 4.952 Thread 0x00000258fe987b50 flushing nmethod 0x000002588fe92310
Event: 4.952 Thread 0x00000258fe987b50 flushing nmethod 0x000002588fe89f90
Event: 4.952 Thread 0x00000258fe987b50 flushing nmethod 0x000002588fe89310
Event: 4.952 Thread 0x00000258fe987b50 flushing nmethod 0x000002588fe7bd90
Event: 4.952 Thread 0x00000258fe987b50 flushing nmethod 0x000002588fe81610
Event: 4.952 Thread 0x00000258fe987b50 flushing nmethod 0x000002588fe69610
Event: 5.688 Thread 0x00000258ba422340 Thread added: 0x00000258ba422340
Event: 6.307 Thread 0x00000258ba421620 Thread added: 0x00000258ba421620
Event: 6.953 Thread 0x00000258ba4236f0 Thread added: 0x00000258ba4236f0
Event: 7.197 Thread 0x00000258ba4257c0 Thread added: 0x00000258ba4257c0
Event: 7.302 Thread 0x00000258ba425130 Thread added: 0x00000258ba425130
Event: 7.927 Thread 0x000002589789e970 Thread exited: 0x000002589789e970
Event: 7.927 Thread 0x00000258976c0ef0 Thread exited: 0x00000258976c0ef0
Event: 8.042 Thread 0x00000258ba423d80 Thread added: 0x00000258ba423d80
Event: 8.050 Thread 0x00000258bc39f750 Thread added: 0x00000258bc39f750
Event: 8.375 Thread 0x00000258b9aef020 Thread added: 0x00000258b9aef020
Event: 11.541 Thread 0x00000258b9aef020 Thread exited: 0x00000258b9aef020


Dynamic libraries:
0x00007ff6a1170000 - 0x00007ff6a1180000 	C:\Program Files\Java\jdk-21\bin\java.exe
0x00007ffb2fd00000 - 0x00007ffb2ff68000 	C:\WINDOWS\SYSTEM32\ntdll.dll
0x00007ffb2e920000 - 0x00007ffb2e9e9000 	C:\WINDOWS\System32\KERNEL32.DLL
0x00007ffb2d290000 - 0x00007ffb2d682000 	C:\WINDOWS\System32\KERNELBASE.dll
0x00007ffb2cf20000 - 0x00007ffb2d06b000 	C:\WINDOWS\System32\ucrtbase.dll
0x00007ffb08120000 - 0x00007ffb0813b000 	C:\Program Files\Java\jdk-21\bin\VCRUNTIME140.dll
0x00007ffb08070000 - 0x00007ffb08089000 	C:\Program Files\Java\jdk-21\bin\jli.dll
0x00007ffb2e530000 - 0x00007ffb2e5e4000 	C:\WINDOWS\System32\ADVAPI32.dll
0x00007ffb2ec90000 - 0x00007ffb2ed39000 	C:\WINDOWS\System32\msvcrt.dll
0x00007ffb2ee60000 - 0x00007ffb2ef06000 	C:\WINDOWS\System32\sechost.dll
0x00007ffb2f150000 - 0x00007ffb2f268000 	C:\WINDOWS\System32\RPCRT4.dll
0x00007ffb2dad0000 - 0x00007ffb2dc95000 	C:\WINDOWS\System32\USER32.dll
0x00007ffb2d130000 - 0x00007ffb2d157000 	C:\WINDOWS\System32\win32u.dll
0x00007ffb16570000 - 0x00007ffb16803000 	C:\WINDOWS\WinSxS\amd64_microsoft.windows.common-controls_6595b64144ccf1df_6.0.26100.6899_none_3e0efeeae32e88c1\COMCTL32.dll
0x00007ffb2edd0000 - 0x00007ffb2edfb000 	C:\WINDOWS\System32\GDI32.dll
0x00007ffb2d160000 - 0x00007ffb2d28d000 	C:\WINDOWS\System32\gdi32full.dll
0x00007ffb2d690000 - 0x00007ffb2d733000 	C:\WINDOWS\System32\msvcp_win.dll
0x00007ffb1c9b0000 - 0x00007ffb1c9bb000 	C:\WINDOWS\SYSTEM32\VERSION.dll
0x00007ffb2e4f0000 - 0x00007ffb2e51f000 	C:\WINDOWS\System32\IMM32.DLL
0x00007ffb19880000 - 0x00007ffb1988c000 	C:\Program Files\Java\jdk-21\bin\vcruntime140_1.dll
0x00007ffafa210000 - 0x00007ffafa29e000 	C:\Program Files\Java\jdk-21\bin\msvcp140.dll
0x00007ffa860f0000 - 0x00007ffa86e05000 	C:\Program Files\Java\jdk-21\bin\server\jvm.dll
0x00007ffb2f790000 - 0x00007ffb2f804000 	C:\WINDOWS\System32\WS2_32.dll
0x00007ffb2ccf0000 - 0x00007ffb2cd4e000 	C:\WINDOWS\SYSTEM32\POWRPROF.dll
0x00007ffb24340000 - 0x00007ffb24375000 	C:\WINDOWS\SYSTEM32\WINMM.dll
0x00007ffb2ccd0000 - 0x00007ffb2cce4000 	C:\WINDOWS\SYSTEM32\UMPDC.dll
0x00007ffb2bc60000 - 0x00007ffb2bc7b000 	C:\WINDOWS\SYSTEM32\kernel.appcore.dll
0x00007ffb15610000 - 0x00007ffb1561a000 	C:\Program Files\Java\jdk-21\bin\jimage.dll
0x00007ffb26280000 - 0x00007ffb264c2000 	C:\WINDOWS\SYSTEM32\DBGHELP.DLL
0x00007ffb2f390000 - 0x00007ffb2f70b000 	C:\WINDOWS\System32\combase.dll
0x00007ffb2ef10000 - 0x00007ffb2efe7000 	C:\WINDOWS\System32\OLEAUT32.dll
0x00007ffb14570000 - 0x00007ffb145ac000 	C:\WINDOWS\SYSTEM32\dbgcore.DLL
0x00007ffb2da30000 - 0x00007ffb2dac8000 	C:\WINDOWS\System32\bcryptPrimitives.dll
0x00007ffb151a0000 - 0x00007ffb151af000 	C:\Program Files\Java\jdk-21\bin\instrument.dll
0x00007ffb07320000 - 0x00007ffb0733f000 	C:\Program Files\Java\jdk-21\bin\java.dll
0x00007ffb2dca0000 - 0x00007ffb2e3ed000 	C:\WINDOWS\System32\SHELL32.dll
0x00007ffb2d8c0000 - 0x00007ffb2da2b000 	C:\WINDOWS\System32\wintypes.dll
0x00007ffb2aab0000 - 0x00007ffb2b30d000 	C:\WINDOWS\SYSTEM32\windows.storage.dll
0x00007ffb2e9f0000 - 0x00007ffb2eae2000 	C:\WINDOWS\System32\SHCORE.dll
0x00007ffb2f2f0000 - 0x00007ffb2f352000 	C:\WINDOWS\System32\shlwapi.dll
0x00007ffb2cdb0000 - 0x00007ffb2cdd9000 	C:\WINDOWS\SYSTEM32\profapi.dll
0x00007ffaf81b0000 - 0x00007ffaf8287000 	C:\Program Files\Java\jdk-21\bin\jsvml.dll
0x00007ffb03870000 - 0x00007ffb03888000 	C:\Program Files\Java\jdk-21\bin\zip.dll
0x00007ffb145c0000 - 0x00007ffb145d0000 	C:\Program Files\Java\jdk-21\bin\net.dll
0x00007ffb260d0000 - 0x00007ffb261ef000 	C:\WINDOWS\SYSTEM32\WINHTTP.dll
0x00007ffb2c1d0000 - 0x00007ffb2c23b000 	C:\WINDOWS\system32\mswsock.dll
0x00007ffb02fc0000 - 0x00007ffb02fd6000 	C:\Program Files\Java\jdk-21\bin\nio.dll
0x00007ffb143a0000 - 0x00007ffb143b0000 	C:\Program Files\Java\jdk-21\bin\verify.dll
0x00007ffb08a70000 - 0x00007ffb08a97000 	C:\Users\Udisha\.gradle\native\c067742578af261105cb4f569cf0c3c89f3d7b1fecec35dd04571415982c5e48\windows-amd64\native-platform.dll
0x00007ffacad60000 - 0x00007ffacaea4000 	C:\Users\Udisha\.gradle\native\100fb08df4bc3b14c8652ba06237920a3bd2aa13389f12d3474272988ae205f9\windows-amd64\native-platform-file-events.dll
0x00007ffb11080000 - 0x00007ffb1108a000 	C:\Program Files\Java\jdk-21\bin\management.dll
0x00007ffb0ce40000 - 0x00007ffb0ce4b000 	C:\Program Files\Java\jdk-21\bin\management_ext.dll
0x00007ffb2f810000 - 0x00007ffb2f818000 	C:\WINDOWS\System32\PSAPI.DLL
0x00007ffb2c480000 - 0x00007ffb2c49b000 	C:\WINDOWS\SYSTEM32\CRYPTSP.dll
0x00007ffb2bbc0000 - 0x00007ffb2bbfb000 	C:\WINDOWS\system32\rsaenh.dll
0x00007ffb2c270000 - 0x00007ffb2c29b000 	C:\WINDOWS\SYSTEM32\USERENV.dll
0x00007ffb2cd80000 - 0x00007ffb2cda6000 	C:\WINDOWS\SYSTEM32\bcrypt.dll
0x00007ffb2c4a0000 - 0x00007ffb2c4ac000 	C:\WINDOWS\SYSTEM32\CRYPTBASE.dll
0x00007ffb2b6f0000 - 0x00007ffb2b724000 	C:\WINDOWS\SYSTEM32\IPHLPAPI.DLL
0x00007ffb2e910000 - 0x00007ffb2e91a000 	C:\WINDOWS\System32\NSI.dll
0x00007ffb08060000 - 0x00007ffb08067000 	C:\Program Files\Java\jdk-21\bin\extnet.dll
0x00007ffb07ec0000 - 0x00007ffb07ece000 	C:\Program Files\Java\jdk-21\bin\sunmscapi.dll
0x00007ffb2d740000 - 0x00007ffb2d8b7000 	C:\WINDOWS\System32\CRYPT32.dll
0x00007ffb2c6a0000 - 0x00007ffb2c6d0000 	C:\WINDOWS\SYSTEM32\ncrypt.dll
0x00007ffb2c650000 - 0x00007ffb2c68f000 	C:\WINDOWS\SYSTEM32\NTASN1.dll
0x00007ffa90380000 - 0x00007ffa90388000 	C:\WINDOWS\system32\wshunix.dll
0x00007ffb2bd80000 - 0x00007ffb2bdb6000 	C:\WINDOWS\SYSTEM32\ntmarta.dll

dbghelp: loaded successfully - version: 4.0.5 - missing functions: none
symbol engine: initialized successfully - sym options: 0x614 - pdb path: .;C:\Program Files\Java\jdk-21\bin;C:\WINDOWS\SYSTEM32;C:\WINDOWS\WinSxS\amd64_microsoft.windows.common-controls_6595b64144ccf1df_6.0.26100.6899_none_3e0efeeae32e88c1;C:\Program Files\Java\jdk-21\bin\server;C:\Users\Udisha\.gradle\native\c067742578af261105cb4f569cf0c3c89f3d7b1fecec35dd04571415982c5e48\windows-amd64;C:\Users\Udisha\.gradle\native\100fb08df4bc3b14c8652ba06237920a3bd2aa13389f12d3474272988ae205f9\windows-amd64

VM Arguments:
jvm_args: -XX:MaxMetaspaceSize=512m --add-opens=java.base/java.util=ALL-UNNAMED --add-opens=java.base/java.lang=ALL-UNNAMED --add-opens=java.base/java.lang.invoke=ALL-UNNAMED --add-opens=java.prefs/java.util.prefs=ALL-UNNAMED --add-exports=jdk.compiler/com.sun.tools.javac.api=ALL-UNNAMED --add-exports=jdk.compiler/com.sun.tools.javac.util=ALL-UNNAMED --add-opens=java.base/java.nio.charset=ALL-UNNAMED --add-opens=java.base/java.net=ALL-UNNAMED --add-opens=java.base/java.util.concurrent.atomic=ALL-UNNAMED -Xmx2048m -Dfile.encoding=utf8 -Duser.country=IN -Duser.language=en -Duser.variant -javaagent:C:\Users\Udisha\.gradle\wrapper\dists\gradle-8.10.2-all\7iv73wktx1xtkvlq19urqw1wm\gradle-8.10.2\lib\agents\gradle-instrumentation-agent-8.10.2.jar 
java_command: org.gradle.launcher.daemon.bootstrap.GradleDaemon 8.10.2
java_class_path (initial): C:\Users\Udisha\.gradle\wrapper\dists\gradle-8.10.2-all\7iv73wktx1xtkvlq19urqw1wm\gradle-8.10.2\lib\gradle-daemon-main-8.10.2.jar
Launcher Type: SUN_STANDARD

[Global flags]
     intx CICompilerCount                          = 4                                         {product} {ergonomic}
   size_t CompressedClassSpaceSize                 = 436207616                                 {product} {ergonomic}
     uint ConcGCThreads                            = 2                                         {product} {ergonomic}
     uint G1ConcRefinementThreads                  = 8                                         {product} {ergonomic}
   size_t G1HeapRegionSize                         = 1048576                                   {product} {ergonomic}
    uintx GCDrainStackTargetSize                   = 64                                        {product} {ergonomic}
   size_t InitialHeapSize                          = 132120576                                 {product} {ergonomic}
   size_t MarkStackSize                            = 4194304                                   {product} {ergonomic}
   size_t MaxHeapSize                              = 2147483648                                {product} {command line}
   size_t MaxMetaspaceSize                         = 536870912                                 {product} {command line}
   size_t MaxNewSize                               = 1287651328                                {product} {ergonomic}
   size_t MinHeapDeltaBytes                        = 1048576                                   {product} {ergonomic}
   size_t MinHeapSize                              = 8388608                                   {product} {ergonomic}
    uintx NonNMethodCodeHeapSize                   = 5839372                                {pd product} {ergonomic}
    uintx NonProfiledCodeHeapSize                  = 122909434                              {pd product} {ergonomic}
    uintx ProfiledCodeHeapSize                     = 122909434                              {pd product} {ergonomic}
    uintx ReservedCodeCacheSize                    = 251658240                              {pd product} {ergonomic}
     bool SegmentedCodeCache                       = true                                      {product} {ergonomic}
   size_t SoftMaxHeapSize                          = 2147483648                             {manageable} {ergonomic}
     bool UseCompressedOops                        = true                           {product lp64_product} {ergonomic}
     bool UseG1GC                                  = true                                      {product} {ergonomic}
     bool UseLargePagesIndividualAllocation        = false                                  {pd product} {ergonomic}

Logging:
Log output configuration:
 #0: stdout all=warning uptime,level,tags foldmultilines=false
 #1: stderr all=off uptime,level,tags foldmultilines=false

Environment Variables:
PATH=C:\Program Files\Common Files\Oracle\Java\javapath;C:\Program Files (x86)\Common Files\Intel\Shared Files\cpp\bin\Intel64;C:\WINDOWS\system32;C:\WINDOWS;C:\WINDOWS\System32\Wbem;C:\WINDOWS\System32\WindowsPowerShell\v1.0\;C:\WINDOWS\System32\OpenSSH\;C:\Program Files\dotnet\;C:\Users\Udisha\AppData\Local\Programs\Python\Python310\Scripts\;C:\Users\Udisha\AppData\Local\Programs\Python\Python310\;C:\Program Files\Microsoft SQL Server\150\Tools\Binn\;C:\Program Files\Microsoft SQL Server\Client SDK\ODBC\170\Tools\Binn\;C:\Program Files\Git\cmd;C:\Program Files\nodejs\;C:\Users\Udisha\mongosh-2.3.2-win32-x64\bin;C:\Program Files\Cloudflare\Cloudflare WARP\;C:\Users\Udisha\miniconda3;C:\Users\Udisha\miniconda3\Scripts;C:\Users\Udisha\miniconda3\Library\bin;D:\miktex\miktex\bin\x64;C:\Users\Udisha\AppData\Roaming\npm;C:\Program Files\Java\jdk-21\bin;C:\Users\Udisha\AppData\Local\Android\Sdk\platform-tools;D:\Downloads2\apache-maven-3.9.9-bin\apache-maven-3.9.9\bin;C:\Program Files\Docker\Docker\resources\bin;C:\Program Files\PostgreSQL\18\bin;C:\Users\Udisha\AppData\Local\Programs\Python\Python310\Scripts\;C:\Users\Udisha\AppData\Local\Programs\Python\Python310\;C:\Users\Udisha\AppData\Local\Programs\Python\Python313\Scripts\;C:\Users\Udisha\AppData\Local\Programs\Python\Python313\;C:\Users\Udisha\miniconda3\condabin;C:\app\Udisha\product\21c\dbhomeXE\bin;C:\Program Files\Common Files\Oracle\Java\javapath;C:\Program Files (x86)\Common Files\Intel\Shared Files\cpp\bin\Intel64;C:\WINDOWS\system32;C:\WINDOWS;C:\WINDOWS\System32\Wbem;C:\WINDOWS\System32\WindowsPowerShell\v1.0\;C:\WINDOWS\System32\OpenSSH\;C:\Program Files\dotnet\;C:\Users\Udisha\AppData\Local\Programs\Python\Python312;C:\Users\Udisha\AppData\Local\Programs\Python\Python312\Scripts\;C:\Program Files\Microsoft SQL Server\150\Tools\Binn\;C:\Program Files\Microsoft SQL Server\Client SDK\ODBC\170\Tools\Binn\;C:\Program Files\Git\cmd;C:\Program Files\nodejs\;C:\Users\Udisha\mongosh-2.3.2-win32-x64\bin;C:\Program Files\Cloudflare\Cloudflare WARP\;C:\Users\Udisha\miniconda3;C:\Users\Udisha\miniconda3\Scripts;C:\Users\Udisha\miniconda3\Library\bin;D:\miktex\miktex\bin\x64;C:\Users\Udisha\AppData\Roaming\npm;C:\Program Files\Java\jdk-21\bin;C:\Users\Udisha\AppData\Local\Android\Sdk\platform-tools;d:\Trae\bin;C:\Users\Udisha\miniconda;C:\Users\Udisha\AppData\Local\Programs\Microsoft VS Code\bin;C:\Users\Udisha\.dotnet\tools;D:\cursor\resources\app\bin;C:\Users\Udisha\AppData\Local\Microsoft\WindowsApps;
USERNAME=Udisha
OS=Windows_NT
PROCESSOR_IDENTIFIER=Intel64 Family 6 Model 140 Stepping 1, GenuineIntel
TMP=C:\Users\Udisha\AppData\Local\Temp
TEMP=C:\Users\Udisha\AppData\Local\Temp




Periodic native trim disabled

---------------  S Y S T E M  ---------------

OS:
 Windows 11 , 64 bit Build 26100 (10.0.26100.6725)
OS uptime: 0 days 0:54 hours
Hyper-V role detected

CPU: total 8 (initial active 8) (4 cores per cpu, 2 threads per core) family 6 model 140 stepping 1 microcode 0x9a, cx8, cmov, fxsr, ht, mmx, 3dnowpref, sse, sse2, sse3, ssse3, sse4.1, sse4.2, popcnt, lzcnt, tsc, tscinvbit, avx, avx2, aes, erms, clmul, bmi1, bmi2, adx, avx512f, avx512dq, avx512cd, avx512bw, avx512vl, sha, fma, vzeroupper, avx512_vpopcntdq, avx512_vpclmulqdq, avx512_vaes, avx512_vnni, clflush, clflushopt, clwb, avx512_vbmi2, avx512_vbmi, hv, rdtscp, rdpid, fsrm, gfni, avx512_bitalg, f16c, cet_ibt, cet_ss, avx512_ifma
Processor Information for all 8 processors :
  Max Mhz: 2419, Current Mhz: 2419, Mhz Limit: 2419

Memory: 4k page, system-wide physical 7991M (886M free)
TotalPageFile size 11779M (AvailPageFile size 66M)
current process WorkingSet (physical memory assigned to process): 452M, peak: 452M
current process commit charge ("private bytes"): 527M, peak: 1075M

vm_info: Java HotSpot(TM) 64-Bit Server VM (21.0.1+12-LTS-29) for windows-amd64 JRE (21.0.1+12-LTS-29), built on 2023-10-05T13:27:09Z by "mach5one" with MS VC++ 17.1 (VS2022)

END.
