#
# There is insufficient memory for the Java Runtime Environment to continue.
# Native memory allocation (malloc) failed to allocate 296896 bytes. Error detail: Chunk::new
# Possible reasons:
#   The system is out of physical RAM or swap space
#   This process is running with CompressedOops enabled, and the Java Heap may be blocking the growth of the native heap
# Possible solutions:
#   Reduce memory load on the system
#   Increase physical memory or swap space
#   Check if swap backing store is full
#   Decrease Java heap size (-Xmx/-Xms)
#   Decrease number of Java threads
#   Decrease Java thread stack sizes (-Xss)
#   Set larger code cache with -XX:ReservedCodeCacheSize=
#   JVM is running with Unscaled Compressed Oops mode in which the Java heap is
#     placed in the first 4GB address space. The Java Heap base address is the
#     maximum limit for the native heap growth. Please use -XX:HeapBaseMinAddress
#     to set the Java Heap base and to place the Java Heap above 4GB virtual address.
# This output file may be truncated or incomplete.
#
#  Out of Memory Error (arena.cpp:168), pid=20132, tid=10200
#
# JRE version: OpenJDK Runtime Environment Temurin-21.0.8+9 (21.0.8+9) (build 21.0.8+9-LTS)
# Java VM: OpenJDK 64-Bit Server VM Temurin-21.0.8+9 (21.0.8+9-LTS, mixed mode, sharing, tiered, compressed oops, compressed class ptrs, parallel gc, windows-amd64)
# No core dump will be written. Minidumps are not enabled by default on client versions of Windows
#

---------------  S U M M A R Y ------------

Command Line: --add-modules=ALL-SYSTEM --add-opens=java.base/java.util=ALL-UNNAMED --add-opens=java.base/java.lang=ALL-UNNAMED --add-opens=java.base/sun.nio.fs=ALL-UNNAMED -Declipse.application=org.eclipse.jdt.ls.core.id1 -Dosgi.bundles.defaultStartLevel=4 -Declipse.product=org.eclipse.jdt.ls.core.product -Djava.import.generatesMetadataFilesAtProjectRoot=false -DDetectVMInstallationsJob.disabled=true -Dfile.encoding=utf8 -XX:+UseParallelGC -XX:GCTimeRatio=4 -XX:AdaptiveSizePolicyWeight=90 -Dsun.zip.disableMemoryMapping=true -Xmx2G -Xms100m -Xlog:disable -javaagent:c:\Users\Udisha\.vscode\extensions\redhat.java-1.47.2025101408-win32-x64\lombok\lombok-1.18.39-4050.jar c:\Users\Udisha\.vscode\extensions\redhat.java-1.47.2025101408-win32-x64\server\plugins\org.eclipse.equinox.launcher_1.7.0.v20250519-0528.jar -configuration c:\Users\Udisha\AppData\Roaming\Code\User\globalStorage\redhat.java\1.47.2025101408\config_ss_win -data c:\Users\Udisha\AppData\Roaming\Code\User\workspaceStorage\22bec058931d4f045a43522a32a769cb\redhat.java\ss_ws --pipe=\\.\pipe\lsp-c7d4810ad7ed56ae114c3b5288b9ab0b-sock

Host: 11th Gen Intel(R) Core(TM) i5-1135G7 @ 2.40GHz, 8 cores, 7G,  Windows 11 , 64 bit Build 26100 (10.0.26100.6725)
Time: Thu Oct 30 01:27:52 2025 India Standard Time elapsed time: 26.981560 seconds (0d 0h 0m 26s)

---------------  T H R E A D  ---------------

Current thread (0x000002bfdc681080):  JavaThread "C2 CompilerThread1" daemon [_thread_in_native, id=10200, stack(0x000000f15cc00000,0x000000f15cd00000) (1024K)]


Current CompileTask:
C2:26981 1808 %     4       org.eclipse.osgi.util.ManifestElement::readLine @ 0 (122 bytes)

Stack: [0x000000f15cc00000,0x000000f15cd00000]
Native frames: (J=compiled Java code, j=interpreted, Vv=VM code, C=native code)
V  [jvm.dll+0x6d2449]
V  [jvm.dll+0x8ae341]
V  [jvm.dll+0x8b08be]
V  [jvm.dll+0x8b0fa3]
V  [jvm.dll+0x280c96]
V  [jvm.dll+0xc581d]
V  [jvm.dll+0xc5d53]
V  [jvm.dll+0x2f539d]
V  [jvm.dll+0x5fa00a]
V  [jvm.dll+0x252092]
V  [jvm.dll+0x25244f]
V  [jvm.dll+0x24ad14]
V  [jvm.dll+0x2483a4]
V  [jvm.dll+0x1c89ee]
V  [jvm.dll+0x257d4d]
V  [jvm.dll+0x2562ea]
V  [jvm.dll+0x3f2d16]
V  [jvm.dll+0x857e6b]
V  [jvm.dll+0x6d0b0d]
C  [ucrtbase.dll+0x37b0]
C  [KERNEL32.DLL+0x2e8d7]
C  [ntdll.dll+0x8c53c]


---------------  P R O C E S S  ---------------

Threads class SMR info:
_java_thread_list=0x000002bfdcdf4250, length=15, elements={
0x000002bf82e2ece0, 0x000002bf99893f60, 0x000002bf99897080, 0x000002bf99899ab0,
0x000002bf9989a500, 0x000002bf9989c4b0, 0x000002bf9989cf00, 0x000002bf9989fd40,
0x000002bfdc220500, 0x000002bfdc294de0, 0x000002bfdc50f350, 0x000002bfe124a710,
0x000002bfe124ada0, 0x000002bfe124a080, 0x000002bfdc681080
}

Java Threads: ( => current thread )
  0x000002bf82e2ece0 JavaThread "main"                              [_thread_in_native, id=20416, stack(0x000000f15b500000,0x000000f15b600000) (1024K)]
  0x000002bf99893f60 JavaThread "Reference Handler"          daemon [_thread_blocked, id=17008, stack(0x000000f15b900000,0x000000f15ba00000) (1024K)]
  0x000002bf99897080 JavaThread "Finalizer"                  daemon [_thread_blocked, id=14124, stack(0x000000f15ba00000,0x000000f15bb00000) (1024K)]
  0x000002bf99899ab0 JavaThread "Signal Dispatcher"          daemon [_thread_blocked, id=4688, stack(0x000000f15bb00000,0x000000f15bc00000) (1024K)]
  0x000002bf9989a500 JavaThread "Attach Listener"            daemon [_thread_blocked, id=876, stack(0x000000f15bc00000,0x000000f15bd00000) (1024K)]
  0x000002bf9989c4b0 JavaThread "Service Thread"             daemon [_thread_blocked, id=13840, stack(0x000000f15bd00000,0x000000f15be00000) (1024K)]
  0x000002bf9989cf00 JavaThread "Monitor Deflation Thread"   daemon [_thread_blocked, id=8464, stack(0x000000f15be00000,0x000000f15bf00000) (1024K)]
  0x000002bf9989fd40 JavaThread "C2 CompilerThread0"         daemon [_thread_in_native, id=10060, stack(0x000000f15bf00000,0x000000f15c000000) (1024K)]
  0x000002bfdc220500 JavaThread "C1 CompilerThread0"         daemon [_thread_blocked, id=16680, stack(0x000000f15c000000,0x000000f15c100000) (1024K)]
  0x000002bfdc294de0 JavaThread "Common-Cleaner"             daemon [_thread_blocked, id=17708, stack(0x000000f15c100000,0x000000f15c200000) (1024K)]
  0x000002bfdc50f350 JavaThread "Notification Thread"        daemon [_thread_blocked, id=13268, stack(0x000000f15c200000,0x000000f15c300000) (1024K)]
  0x000002bfe124a710 JavaThread "Active Thread: Equinox Container: c19fda5e-4d74-437e-89a1-14ef5029b371"        [_thread_blocked, id=4968, stack(0x000000f15cf00000,0x000000f15d000000) (1024K)]
  0x000002bfe124ada0 JavaThread "Framework Event Dispatcher: Equinox Container: c19fda5e-4d74-437e-89a1-14ef5029b371" daemon [_thread_blocked, id=2800, stack(0x000000f15c300000,0x000000f15c400000) (1024K)]
  0x000002bfe124a080 JavaThread "Start Level: Equinox Container: c19fda5e-4d74-437e-89a1-14ef5029b371" daemon [_thread_blocked, id=18600, stack(0x000000f15ca00000,0x000000f15cb00000) (1024K)]
=>0x000002bfdc681080 JavaThread "C2 CompilerThread1"         daemon [_thread_in_native, id=10200, stack(0x000000f15cc00000,0x000000f15cd00000) (1024K)]
Total: 15

Other Threads:
  0x000002bf99892690 VMThread "VM Thread"                           [id=9800, stack(0x000000f15b800000,0x000000f15b900000) (1024K)]
  0x000002bf82e9f500 WatcherThread "VM Periodic Task Thread"        [id=18304, stack(0x000000f15b700000,0x000000f15b800000) (1024K)]
  0x000002bf82e4d4e0 WorkerThread "GC Thread#0"                     [id=19380, stack(0x000000f15b600000,0x000000f15b700000) (1024K)]
  0x000002bfdc925670 WorkerThread "GC Thread#1"                     [id=20964, stack(0x000000f15c400000,0x000000f15c500000) (1024K)]
  0x000002bfdce0dec0 WorkerThread "GC Thread#2"                     [id=20184, stack(0x000000f15c500000,0x000000f15c600000) (1024K)]
  0x000002bfdce0e260 WorkerThread "GC Thread#3"                     [id=14916, stack(0x000000f15c600000,0x000000f15c700000) (1024K)]
  0x000002bfdce0e600 WorkerThread "GC Thread#4"                     [id=13204, stack(0x000000f15c700000,0x000000f15c800000) (1024K)]
  0x000002bfdce0e9a0 WorkerThread "GC Thread#5"                     [id=21364, stack(0x000000f15c800000,0x000000f15c900000) (1024K)]
  0x000002bfdcd54900 WorkerThread "GC Thread#6"                     [id=20732, stack(0x000000f15c900000,0x000000f15ca00000) (1024K)]
  0x000002bf998c98f0 WorkerThread "GC Thread#7"                     [id=16464, stack(0x000000f15cb00000,0x000000f15cc00000) (1024K)]
Total: 10

Threads with active compile tasks:
C2 CompilerThread0  29042 1847       4       java.lang.StringLatin1::toLowerCase (186 bytes)
C2 CompilerThread1  29042 1808 %     4       org.eclipse.osgi.util.ManifestElement::readLine @ 0 (122 bytes)
Total: 2

VM state: not at safepoint (normal execution)

VM Mutex/Monitor currently owned by a thread: None

Heap address: 0x0000000080000000, size: 2048 MB, Compressed Oops mode: 32-bit

CDS archive(s) mapped at: [0x000002bf9a000000-0x000002bf9aba0000-0x000002bf9aba0000), size 12189696, SharedBaseAddress: 0x000002bf9a000000, ArchiveRelocationMode: 1.
Compressed class space mapped at: 0x000002bf9b000000-0x000002bfdb000000, reserved size: 1073741824
Narrow klass base: 0x000002bf9a000000, Narrow klass shift: 0, Narrow klass range: 0x100000000

GC Precious Log:
 CardTable entry size: 512
 CPUs: 8 total, 8 available
 Memory: 7991M
 Large Page Support: Disabled
 NUMA Support: Disabled
 Compressed Oops: Enabled (32-bit)
 Alignments: Space 512K, Generation 512K, Heap 2M
 Heap Min Capacity: 100M
 Heap Initial Capacity: 100M
 Heap Max Capacity: 2G
 Pre-touch: Disabled
 Parallel Workers: 8

Heap:
 PSYoungGen      total 29696K, used 13069K [0x00000000d5580000, 0x00000000d7680000, 0x0000000100000000)
  eden space 25600K, 35% used [0x00000000d5580000,0x00000000d5e44318,0x00000000d6e80000)
  from space 4096K, 99% used [0x00000000d7280000,0x00000000d767f4d0,0x00000000d7680000)
  to   space 4096K, 0% used [0x00000000d6e80000,0x00000000d6e80000,0x00000000d7280000)
 ParOldGen       total 68608K, used 58K [0x0000000080000000, 0x0000000084300000, 0x00000000d5580000)
  object space 68608K, 0% used [0x0000000080000000,0x000000008000e938,0x0000000084300000)
 Metaspace       used 8419K, committed 8704K, reserved 1114112K
  class space    used 887K, committed 1024K, reserved 1048576K

Card table byte_map: [0x000002bf827d0000,0x000002bf82be0000] _byte_map_base: 0x000002bf823d0000

Marking Bits: (ParMarkBitMap*) 0x00007ffac103a340
 Begin Bits: [0x000002bf952d0000, 0x000002bf972d0000)
 End Bits:   [0x000002bf972d0000, 0x000002bf992d0000)

Polling page: 0x000002bf80e80000

Metaspace:

Usage:
  Non-class:      7.35 MB used.
      Class:    887.79 KB used.
       Both:      8.22 MB used.

Virtual space:
  Non-class space:       64.00 MB reserved,       7.50 MB ( 12%) committed,  1 nodes.
      Class space:        1.00 GB reserved,       1.00 MB ( <1%) committed,  1 nodes.
             Both:        1.06 GB reserved,       8.50 MB ( <1%) committed. 

Chunk freelists:
   Non-Class:  8.55 MB
       Class:  14.88 MB
        Both:  23.43 MB

MaxMetaspaceSize: unlimited
CompressedClassSpaceSize: 1.00 GB
Initial GC threshold: 21.00 MB
Current GC threshold: 21.00 MB
CDS: on
 - commit_granule_bytes: 65536.
 - commit_granule_words: 8192.
 - virtual_space_node_default_size: 8388608.
 - enlarge_chunks_in_place: 1.
 - use_allocation_guard: 0.


Internal statistics:

num_allocs_failed_limit: 0.
num_arena_births: 224.
num_arena_deaths: 0.
num_vsnodes_births: 2.
num_vsnodes_deaths: 0.
num_space_committed: 136.
num_space_uncommitted: 0.
num_chunks_returned_to_freelist: 0.
num_chunks_taken_from_freelist: 417.
num_chunk_merges: 0.
num_chunk_splits: 275.
num_chunks_enlarged: 191.
num_inconsistent_stats: 0.

CodeHeap 'non-profiled nmethods': size=120000Kb used=733Kb max_used=733Kb free=119266Kb
 bounds [0x000002bf8daf0000, 0x000002bf8dd60000, 0x000002bf95020000]
CodeHeap 'profiled nmethods': size=120000Kb used=3404Kb max_used=3404Kb free=116595Kb
 bounds [0x000002bf86020000, 0x000002bf86380000, 0x000002bf8d550000]
CodeHeap 'non-nmethods': size=5760Kb used=1219Kb max_used=1250Kb free=4540Kb
 bounds [0x000002bf8d550000, 0x000002bf8d7c0000, 0x000002bf8daf0000]
CodeCache: size=245760Kb, used=5356Kb, max_used=5387Kb, free=240401Kb
 total_blobs=2334, nmethods=1858, adapters=383, full_count=0
Compilation: enabled, stopped_count=0, restarted_count=0

Compilation events (20 events):
Event: 24.953 Thread 0x000002bfdc220500 nmethod 1819 0x000002bf86364a90 code [0x000002bf86364c60, 0x000002bf86364f18]
Event: 24.954 Thread 0x000002bfdc220500 1820       3       java.lang.Long::valueOf (40 bytes)
Event: 24.954 Thread 0x000002bfdc220500 nmethod 1820 0x000002bf86365010 code [0x000002bf863651e0, 0x000002bf86365518]
Event: 24.954 Thread 0x000002bfdc220500 1821       1       org.eclipse.osgi.storage.BundleInfo::getBundleId (5 bytes)
Event: 24.954 Thread 0x000002bfdc220500 nmethod 1821 0x000002bf8dba5990 code [0x000002bf8dba5b20, 0x000002bf8dba5be8]
Event: 24.957 Thread 0x000002bfdc220500 1822       3       java.io.FilterInputStream::read (11 bytes)
Event: 24.957 Thread 0x000002bfdc220500 nmethod 1822 0x000002bf86365690 code [0x000002bf86365840, 0x000002bf86365a18]
Event: 24.957 Thread 0x000002bfdc220500 1823       3       java.nio.Buffer::limit (65 bytes)
Event: 24.957 Thread 0x000002bfdc220500 nmethod 1823 0x000002bf86365b10 code [0x000002bf86365cc0, 0x000002bf86365f50]
Event: 24.958 Thread 0x000002bfdc220500 1824       1       org.eclipse.osgi.container.Module::getState (5 bytes)
Event: 24.958 Thread 0x000002bfdc220500 nmethod 1824 0x000002bf8dba5c90 code [0x000002bf8dba5e20, 0x000002bf8dba5ee8]
Event: 24.959 Thread 0x000002bfdc220500 1825       3       java.util.concurrent.locks.ReentrantLock$Sync::isHeldExclusively (16 bytes)
Event: 24.959 Thread 0x000002bfdc220500 nmethod 1825 0x000002bf86366010 code [0x000002bf863661c0, 0x000002bf86366350]
Event: 24.960 Thread 0x000002bfdc220500 1826   !   3       org.osgi.framework.VersionRange::parseVersion (43 bytes)
Event: 24.960 Thread 0x000002bfdc220500 nmethod 1826 0x000002bf86366410 code [0x000002bf863666a0, 0x000002bf86367038]
Event: 24.960 Thread 0x000002bfdc220500 1828       3       org.eclipse.osgi.framework.eventmgr.CopyOnWriteIdentityMap::entrySet (15 bytes)
Event: 24.960 Thread 0x000002bfdc220500 nmethod 1828 0x000002bf86367510 code [0x000002bf863676e0, 0x000002bf86367b88]
Event: 24.960 Thread 0x000002bfdc220500 1827       3       java.util.HashSet::isEmpty (8 bytes)
Event: 24.961 Thread 0x000002bfdc220500 nmethod 1827 0x000002bf86367d90 code [0x000002bf86367f40, 0x000002bf86368188]
Event: 24.962 Thread 0x000002bf9989fd40 1829       4       java.io.BufferedReader::readLine (7 bytes)

GC Heap History (4 events):
Event: 6.830 GC heap before
{Heap before GC invocations=1 (full 0):
 PSYoungGen      total 29696K, used 25600K [0x00000000d5580000, 0x00000000d7680000, 0x0000000100000000)
  eden space 25600K, 100% used [0x00000000d5580000,0x00000000d6e80000,0x00000000d6e80000)
  from space 4096K, 0% used [0x00000000d7280000,0x00000000d7280000,0x00000000d7680000)
  to   space 4096K, 0% used [0x00000000d6e80000,0x00000000d6e80000,0x00000000d7280000)
 ParOldGen       total 68608K, used 0K [0x0000000080000000, 0x0000000084300000, 0x00000000d5580000)
  object space 68608K, 0% used [0x0000000080000000,0x0000000080000000,0x0000000084300000)
 Metaspace       used 4456K, committed 4672K, reserved 1114112K
  class space    used 488K, committed 576K, reserved 1048576K
}
Event: 6.837 GC heap after
{Heap after GC invocations=1 (full 0):
 PSYoungGen      total 29696K, used 3319K [0x00000000d5580000, 0x00000000d7680000, 0x0000000100000000)
  eden space 25600K, 0% used [0x00000000d5580000,0x00000000d5580000,0x00000000d6e80000)
  from space 4096K, 81% used [0x00000000d6e80000,0x00000000d71bde08,0x00000000d7280000)
  to   space 4096K, 0% used [0x00000000d7280000,0x00000000d7280000,0x00000000d7680000)
 ParOldGen       total 68608K, used 16K [0x0000000080000000, 0x0000000084300000, 0x00000000d5580000)
  object space 68608K, 0% used [0x0000000080000000,0x0000000080004000,0x0000000084300000)
 Metaspace       used 4456K, committed 4672K, reserved 1114112K
  class space    used 488K, committed 576K, reserved 1048576K
}
Event: 23.842 GC heap before
{Heap before GC invocations=2 (full 0):
 PSYoungGen      total 29696K, used 28919K [0x00000000d5580000, 0x00000000d7680000, 0x0000000100000000)
  eden space 25600K, 100% used [0x00000000d5580000,0x00000000d6e80000,0x00000000d6e80000)
  from space 4096K, 81% used [0x00000000d6e80000,0x00000000d71bde08,0x00000000d7280000)
  to   space 4096K, 0% used [0x00000000d7280000,0x00000000d7280000,0x00000000d7680000)
 ParOldGen       total 68608K, used 16K [0x0000000080000000, 0x0000000084300000, 0x00000000d5580000)
  object space 68608K, 0% used [0x0000000080000000,0x0000000080004000,0x0000000084300000)
 Metaspace       used 8321K, committed 8640K, reserved 1114112K
  class space    used 887K, committed 1024K, reserved 1048576K
}
Event: 23.848 GC heap after
{Heap after GC invocations=2 (full 0):
 PSYoungGen      total 29696K, used 4093K [0x00000000d5580000, 0x00000000d7680000, 0x0000000100000000)
  eden space 25600K, 0% used [0x00000000d5580000,0x00000000d5580000,0x00000000d6e80000)
  from space 4096K, 99% used [0x00000000d7280000,0x00000000d767f4d0,0x00000000d7680000)
  to   space 4096K, 0% used [0x00000000d6e80000,0x00000000d6e80000,0x00000000d7280000)
 ParOldGen       total 68608K, used 58K [0x0000000080000000, 0x0000000084300000, 0x00000000d5580000)
  object space 68608K, 0% used [0x0000000080000000,0x000000008000e938,0x0000000084300000)
 Metaspace       used 8321K, committed 8640K, reserved 1114112K
  class space    used 887K, committed 1024K, reserved 1048576K
}

Dll operation events (8 events):
Event: 0.089 Loaded shared library c:\Users\Udisha\.vscode\extensions\redhat.java-1.47.2025101408-win32-x64\jre\21.0.8-win32-x86_64\bin\java.dll
Event: 1.541 Loaded shared library c:\Users\Udisha\.vscode\extensions\redhat.java-1.47.2025101408-win32-x64\jre\21.0.8-win32-x86_64\bin\zip.dll
Event: 1.673 Loaded shared library C:\Users\Udisha\.vscode\extensions\redhat.java-1.47.2025101408-win32-x64\jre\21.0.8-win32-x86_64\bin\instrument.dll
Event: 1.682 Loaded shared library C:\Users\Udisha\.vscode\extensions\redhat.java-1.47.2025101408-win32-x64\jre\21.0.8-win32-x86_64\bin\net.dll
Event: 1.686 Loaded shared library C:\Users\Udisha\.vscode\extensions\redhat.java-1.47.2025101408-win32-x64\jre\21.0.8-win32-x86_64\bin\nio.dll
Event: 1.691 Loaded shared library C:\Users\Udisha\.vscode\extensions\redhat.java-1.47.2025101408-win32-x64\jre\21.0.8-win32-x86_64\bin\zip.dll
Event: 1.721 Loaded shared library C:\Users\Udisha\.vscode\extensions\redhat.java-1.47.2025101408-win32-x64\jre\21.0.8-win32-x86_64\bin\jimage.dll
Event: 3.784 Loaded shared library c:\Users\Udisha\.vscode\extensions\redhat.java-1.47.2025101408-win32-x64\jre\21.0.8-win32-x86_64\bin\verify.dll

Deoptimization events (20 events):
Event: 8.458 Thread 0x000002bf82e2ece0 DEOPT PACKING pc=0x000002bf8daffd48 sp=0x000000f15b5fe190
Event: 8.458 Thread 0x000002bf82e2ece0 DEOPT UNPACKING pc=0x000002bf8d5a6da2 sp=0x000000f15b5fe120 mode 2
Event: 13.175 Thread 0x000002bf82e2ece0 DEOPT PACKING pc=0x000002bf861d3b43 sp=0x000000f15b5fe790
Event: 13.175 Thread 0x000002bf82e2ece0 DEOPT UNPACKING pc=0x000002bf8d5a78e2 sp=0x000000f15b5fdc30 mode 0
Event: 18.098 Thread 0x000002bfe124c150 Uncommon trap: trap_request=0xffffff45 fr.pc=0x000002bf8db35078 relative=0x0000000000000198
Event: 18.098 Thread 0x000002bfe124c150 Uncommon trap: reason=unstable_if action=reinterpret pc=0x000002bf8db35078 method=java.lang.invoke.VarHandle.checkAccessModeThenIsDirect(Ljava/lang/invoke/VarHandle$AccessDescriptor;)Z @ 4 c2
Event: 18.098 Thread 0x000002bfe124c150 DEOPT PACKING pc=0x000002bf8db35078 sp=0x000000f15c3ff090
Event: 18.098 Thread 0x000002bfe124c150 DEOPT UNPACKING pc=0x000002bf8d5a6da2 sp=0x000000f15c3fefe8 mode 2
Event: 23.832 Thread 0x000002bf82e2ece0 Uncommon trap: trap_request=0xffffff45 fr.pc=0x000002bf8db660b4 relative=0x0000000000000094
Event: 23.832 Thread 0x000002bf82e2ece0 Uncommon trap: reason=unstable_if action=reinterpret pc=0x000002bf8db660b4 method=java.io.BufferedInputStream.getBufIfOpen(Z)[B @ 13 c2
Event: 23.832 Thread 0x000002bf82e2ece0 DEOPT PACKING pc=0x000002bf8db660b4 sp=0x000000f15b5fe630
Event: 23.832 Thread 0x000002bf82e2ece0 DEOPT UNPACKING pc=0x000002bf8d5a6da2 sp=0x000000f15b5fe5b0 mode 2
Event: 23.834 Thread 0x000002bf82e2ece0 Uncommon trap: trap_request=0xffffff45 fr.pc=0x000002bf8db23e44 relative=0x00000000000002a4
Event: 23.834 Thread 0x000002bf82e2ece0 Uncommon trap: reason=unstable_if action=reinterpret pc=0x000002bf8db23e44 method=java.util.HashMap$HashIterator.<init>(Ljava/util/HashMap;)V @ 45 c2
Event: 23.834 Thread 0x000002bf82e2ece0 DEOPT PACKING pc=0x000002bf8db23e44 sp=0x000000f15b5fe760
Event: 23.834 Thread 0x000002bf82e2ece0 DEOPT UNPACKING pc=0x000002bf8d5a6da2 sp=0x000000f15b5fe6f8 mode 2
Event: 24.941 Thread 0x000002bf82e2ece0 Uncommon trap: trap_request=0xffffff45 fr.pc=0x000002bf8db9b0e8 relative=0x0000000000000908
Event: 24.941 Thread 0x000002bf82e2ece0 Uncommon trap: reason=unstable_if action=reinterpret pc=0x000002bf8db9b0e8 method=java.util.HashMap.putVal(ILjava/lang/Object;Ljava/lang/Object;ZZ)Ljava/lang/Object; @ 81 c2
Event: 24.941 Thread 0x000002bf82e2ece0 DEOPT PACKING pc=0x000002bf8db9b0e8 sp=0x000000f15b5fe690
Event: 24.941 Thread 0x000002bf82e2ece0 DEOPT UNPACKING pc=0x000002bf8d5a6da2 sp=0x000000f15b5fe5a0 mode 2

Classes loaded (20 events):
Event: 8.459 Loading class java/net/ContentHandler
Event: 8.460 Loading class java/net/ContentHandler done
Event: 8.462 Loading class java/net/UrlDeserializedState
Event: 8.462 Loading class java/net/UrlDeserializedState done
Event: 8.462 Loading class java/lang/reflect/InaccessibleObjectException
Event: 8.462 Loading class java/lang/reflect/InaccessibleObjectException done
Event: 8.467 Loading class java/lang/StackWalker$Option
Event: 8.467 Loading class java/lang/StackWalker$Option done
Event: 8.491 Loading class javax/xml/parsers/ParserConfigurationException
Event: 8.492 Loading class javax/xml/parsers/ParserConfigurationException done
Event: 8.495 Loading class java/security/KeyStoreException
Event: 8.495 Loading class java/security/KeyStoreException done
Event: 8.501 Loading class java/lang/Thread$Builder$OfPlatform
Event: 8.501 Loading class java/lang/Thread$Builder
Event: 8.501 Loading class java/lang/Thread$Builder done
Event: 8.501 Loading class java/lang/Thread$Builder$OfPlatform done
Event: 8.501 Loading class java/lang/Thread$Builder$OfVirtual
Event: 8.501 Loading class java/lang/Thread$Builder$OfVirtual done
Event: 23.840 Loading class java/util/MissingResourceException
Event: 23.840 Loading class java/util/MissingResourceException done

Classes unloaded (0 events):
No events

Classes redefined (0 events):
No events

Internal exceptions (20 events):
Event: 6.763 Thread 0x000002bf82e2ece0 Exception <a 'java/lang/NoSuchMethodError'{0x00000000d6ac73b0}: 'java.lang.ClassLoader java.lang.ClassLoader.getPlatformClassLoader(java.lang.Class)'> (0x00000000d6ac73b0) 
thrown [s\src\hotspot\share\interpreter\linkResolver.cpp, line 773]
Event: 6.852 Thread 0x000002bf82e2ece0 Exception <a 'java/lang/ClassNotFoundException'{0x00000000d55e2030}: sun/net/www/protocol/c/Handler> (0x00000000d55e2030) 
thrown [s\src\hotspot\share\classfile\systemDictionary.cpp, line 312]
Event: 6.852 Thread 0x000002bf82e2ece0 Exception <a 'java/lang/ClassNotFoundException'{0x00000000d55e33a8}: sun/net/www/protocol/c/Handler> (0x00000000d55e33a8) 
thrown [s\src\hotspot\share\classfile\systemDictionary.cpp, line 312]
Event: 6.852 Thread 0x000002bf82e2ece0 Exception <a 'java/lang/ClassNotFoundException'{0x00000000d55e4560}: sun/net/www/protocol/c/Handler> (0x00000000d55e4560) 
thrown [s\src\hotspot\share\classfile\systemDictionary.cpp, line 312]
Event: 6.862 Thread 0x000002bf82e2ece0 Exception <a 'java/io/FileNotFoundException'{0x00000000d56ca620}> (0x00000000d56ca620) 
thrown [s\src\hotspot\share\prims\jni.cpp, line 520]
Event: 6.906 Thread 0x000002bf82e2ece0 Implicit null exception at 0x000002bf8db46029 to 0x000002bf8db468c4
Event: 6.907 Thread 0x000002bf82e2ece0 Implicit null exception at 0x000002bf8db5929a to 0x000002bf8db594a0
Event: 6.907 Thread 0x000002bf82e2ece0 Exception <a 'java/lang/NoSuchMethodError'{0x00000000d57f88b0}: 'void java.lang.invoke.DirectMethodHandle$Holder.invokeStatic(java.lang.Object, java.lang.Object, java.lang.Object, java.lang.Object)'> (0x00000000d57f88b0) 
thrown [s\src\hotspot\share\interpreter\linkResolver.cpp, line 773]
Event: 6.909 Thread 0x000002bf82e2ece0 Implicit null exception at 0x000002bf8db4cb9a to 0x000002bf8db4cda4
Event: 6.909 Thread 0x000002bf82e2ece0 Implicit null exception at 0x000002bf8db4b3bd to 0x000002bf8db4b441
Event: 7.016 Thread 0x000002bf82e2ece0 Exception <a 'java/lang/NoSuchMethodError'{0x00000000d5bf7528}: 'int java.lang.invoke.DirectMethodHandle$Holder.invokeVirtual(java.lang.Object, java.lang.Object)'> (0x00000000d5bf7528) 
thrown [s\src\hotspot\share\interpreter\linkResolver.cpp, line 773]
Event: 8.160 Thread 0x000002bf82e2ece0 Exception <a 'java/lang/IncompatibleClassChangeError'{0x00000000d65e7bd8}: Found class java.lang.Object, but interface was expected> (0x00000000d65e7bd8) 
thrown [s\src\hotspot\share\interpreter\linkResolver.cpp, line 840]
Event: 8.162 Thread 0x000002bf82e2ece0 Exception <a 'java/lang/NoSuchMethodError'{0x00000000d65f06d8}: 'void java.lang.invoke.DirectMethodHandle$Holder.invokeInterface(java.lang.Object, java.lang.Object, java.lang.Object)'> (0x00000000d65f06d8) 
thrown [s\src\hotspot\share\interpreter\linkResolver.cpp, line 773]
Event: 8.245 Thread 0x000002bf82e2ece0 Exception <a 'java/lang/NoSuchMethodError'{0x00000000d6862960}: 'int java.lang.invoke.DirectMethodHandle$Holder.invokeStaticInit(java.lang.Object, java.lang.Object, java.lang.Object, java.lang.Object)'> (0x00000000d6862960) 
thrown [s\src\hotspot\share\interpreter\linkResolver.cpp, line 773]
Event: 8.249 Thread 0x000002bf82e2ece0 Exception <a 'java/lang/NoSuchMethodError'{0x00000000d686cff0}: 'void java.lang.invoke.DirectMethodHandle$Holder.invokeStaticInit(java.lang.Object, java.lang.Object)'> (0x00000000d686cff0) 
thrown [s\src\hotspot\share\interpreter\linkResolver.cpp, line 773]
Event: 8.252 Thread 0x000002bf82e2ece0 Exception <a 'java/lang/NoSuchMethodError'{0x00000000d6872530}: 'int java.lang.invoke.DirectMethodHandle$Holder.invokeStaticInit(java.lang.Object, java.lang.Object)'> (0x00000000d6872530) 
thrown [s\src\hotspot\share\interpreter\linkResolver.cpp, line 773]
Event: 8.406 Thread 0x000002bf82e2ece0 Exception <a 'java/lang/NoSuchMethodError'{0x00000000d6a5c038}: 'java.lang.Object java.lang.invoke.DirectMethodHandle$Holder.newInvokeSpecial(java.lang.Object, int, java.lang.Object)'> (0x00000000d6a5c038) 
thrown [s\src\hotspot\share\interpreter\linkResolver.cpp, line 773]
Event: 8.470 Thread 0x000002bf82e2ece0 Exception <a 'java/lang/ClassNotFoundException'{0x00000000d6bd9e48}: sun/net/www/protocol/plurl/Handler> (0x00000000d6bd9e48) 
thrown [s\src\hotspot\share\classfile\systemDictionary.cpp, line 312]
Event: 8.470 Thread 0x000002bf82e2ece0 Exception <a 'java/lang/ClassNotFoundException'{0x00000000d6bdacc8}: sun/net/www/protocol/plurl/Handler> (0x00000000d6bdacc8) 
thrown [s\src\hotspot\share\classfile\systemDictionary.cpp, line 312]
Event: 8.477 Thread 0x000002bf82e2ece0 Exception <a 'java/lang/NoSuchMethodError'{0x00000000d6c1b3c0}: 'void java.lang.invoke.DirectMethodHandle$Holder.invokeSpecial(java.lang.Object, java.lang.Object, java.lang.Object)'> (0x00000000d6c1b3c0) 
thrown [s\src\hotspot\share\interpreter\linkResolver.cpp, line 773]

ZGC Phase Switch (0 events):
No events

VM Operations (20 events):
Event: 6.310 Executing VM operation: HandshakeAllThreads (Deoptimize)
Event: 6.310 Executing VM operation: HandshakeAllThreads (Deoptimize) done
Event: 6.829 Executing VM operation: ParallelGCFailedAllocation (Allocation Failure)
Event: 6.837 Executing VM operation: ParallelGCFailedAllocation (Allocation Failure) done
Event: 7.849 Executing VM operation: Cleanup
Event: 7.864 Executing VM operation: Cleanup done
Event: 8.284 Executing VM operation: HandshakeAllThreads (Deoptimize)
Event: 8.284 Executing VM operation: HandshakeAllThreads (Deoptimize) done
Event: 8.464 Executing VM operation: HandshakeAllThreads (Deoptimize)
Event: 8.464 Executing VM operation: HandshakeAllThreads (Deoptimize) done
Event: 9.466 Executing VM operation: Cleanup
Event: 9.466 Executing VM operation: Cleanup done
Event: 18.556 Executing VM operation: Cleanup
Event: 18.556 Executing VM operation: Cleanup done
Event: 23.842 Executing VM operation: ParallelGCFailedAllocation (Allocation Failure)
Event: 23.848 Executing VM operation: ParallelGCFailedAllocation (Allocation Failure) done
Event: 24.856 Executing VM operation: Cleanup
Event: 24.856 Executing VM operation: Cleanup done
Event: 25.859 Executing VM operation: Cleanup
Event: 25.859 Executing VM operation: Cleanup done

Memory protections (0 events):
No events

Nmethod flushes (0 events):
No events

Events (20 events):
Event: 6.540 Thread 0x000002bfdca78450 Thread exited: 0x000002bfdca78450
Event: 6.622 Thread 0x000002bfdc5e29d0 Thread exited: 0x000002bfdc5e29d0
Event: 6.797 Thread 0x000002bfdc220500 Thread added: 0x000002bfdc732100
Event: 7.234 Thread 0x000002bfdc732100 Thread exited: 0x000002bfdc732100
Event: 8.059 Thread 0x000002bf82e2ece0 Thread added: 0x000002bfe124c150
Event: 8.089 Thread 0x000002bfe124c150 Thread added: 0x000002bfe124bac0
Event: 8.100 Thread 0x000002bf82e2ece0 Thread added: 0x000002bfe124ce70
Event: 8.104 Thread 0x000002bf82e2ece0 Thread added: 0x000002bfe124c7e0
Event: 8.108 Thread 0x000002bf82e2ece0 Thread added: 0x000002bfe124d500
Event: 8.125 Thread 0x000002bf82e2ece0 Thread added: 0x000002bfe124a080
Event: 8.270 Thread 0x000002bf82e2ece0 Thread added: 0x000002bfe124a710
Event: 18.098 Thread 0x000002bfe124bac0 Thread exited: 0x000002bfe124bac0
Event: 18.098 Thread 0x000002bfe124c150 Thread exited: 0x000002bfe124c150
Event: 18.114 Thread 0x000002bfe124ce70 Thread exited: 0x000002bfe124ce70
Event: 18.115 Thread 0x000002bfe124c7e0 Thread exited: 0x000002bfe124c7e0
Event: 18.130 Thread 0x000002bfe124d500 Thread exited: 0x000002bfe124d500
Event: 18.163 Thread 0x000002bfe124a080 Thread exited: 0x000002bfe124a080
Event: 23.838 Thread 0x000002bf82e2ece0 Thread added: 0x000002bfe124ada0
Event: 23.841 Thread 0x000002bf82e2ece0 Thread added: 0x000002bfe124a080
Event: 23.890 Thread 0x000002bfdc220500 Thread added: 0x000002bfdc681080


Dynamic libraries:
0x00007ff6b8b70000 - 0x00007ff6b8b7e000 	c:\Users\Udisha\.vscode\extensions\redhat.java-1.47.2025101408-win32-x64\jre\21.0.8-win32-x86_64\bin\java.exe
0x00007ffb2fd00000 - 0x00007ffb2ff68000 	C:\WINDOWS\SYSTEM32\ntdll.dll
0x00007ffb2e920000 - 0x00007ffb2e9e9000 	C:\WINDOWS\System32\KERNEL32.DLL
0x00007ffb2d290000 - 0x00007ffb2d682000 	C:\WINDOWS\System32\KERNELBASE.dll
0x00007ffb2cf20000 - 0x00007ffb2d06b000 	C:\WINDOWS\System32\ucrtbase.dll
0x00007ffb17b40000 - 0x00007ffb17b58000 	c:\Users\Udisha\.vscode\extensions\redhat.java-1.47.2025101408-win32-x64\jre\21.0.8-win32-x86_64\bin\jli.dll
0x00007ffb107b0000 - 0x00007ffb107ce000 	c:\Users\Udisha\.vscode\extensions\redhat.java-1.47.2025101408-win32-x64\jre\21.0.8-win32-x86_64\bin\VCRUNTIME140.dll
0x00007ffb2dad0000 - 0x00007ffb2dc95000 	C:\WINDOWS\System32\USER32.dll
0x00007ffb2d130000 - 0x00007ffb2d157000 	C:\WINDOWS\System32\win32u.dll
0x00007ffb16570000 - 0x00007ffb16803000 	C:\WINDOWS\WinSxS\amd64_microsoft.windows.common-controls_6595b64144ccf1df_6.0.26100.6899_none_3e0efeeae32e88c1\COMCTL32.dll
0x00007ffb2edd0000 - 0x00007ffb2edfb000 	C:\WINDOWS\System32\GDI32.dll
0x00007ffb2d160000 - 0x00007ffb2d28d000 	C:\WINDOWS\System32\gdi32full.dll
0x00007ffb2d690000 - 0x00007ffb2d733000 	C:\WINDOWS\System32\msvcp_win.dll
0x00007ffb2ec90000 - 0x00007ffb2ed39000 	C:\WINDOWS\System32\msvcrt.dll
0x00007ffb2e4f0000 - 0x00007ffb2e51f000 	C:\WINDOWS\System32\IMM32.DLL
0x00007ffb15850000 - 0x00007ffb1585c000 	c:\Users\Udisha\.vscode\extensions\redhat.java-1.47.2025101408-win32-x64\jre\21.0.8-win32-x86_64\bin\vcruntime140_1.dll
0x00007ffac1230000 - 0x00007ffac12bd000 	c:\Users\Udisha\.vscode\extensions\redhat.java-1.47.2025101408-win32-x64\jre\21.0.8-win32-x86_64\bin\msvcp140.dll
0x00007ffac0380000 - 0x00007ffac1117000 	c:\Users\Udisha\.vscode\extensions\redhat.java-1.47.2025101408-win32-x64\jre\21.0.8-win32-x86_64\bin\server\jvm.dll
0x00007ffb2e530000 - 0x00007ffb2e5e4000 	C:\WINDOWS\System32\ADVAPI32.dll
0x00007ffb2ee60000 - 0x00007ffb2ef06000 	C:\WINDOWS\System32\sechost.dll
0x00007ffb2f150000 - 0x00007ffb2f268000 	C:\WINDOWS\System32\RPCRT4.dll
0x00007ffb2f790000 - 0x00007ffb2f804000 	C:\WINDOWS\System32\WS2_32.dll
0x00007ffb2ccf0000 - 0x00007ffb2cd4e000 	C:\WINDOWS\SYSTEM32\POWRPROF.dll
0x00007ffb24340000 - 0x00007ffb24375000 	C:\WINDOWS\SYSTEM32\WINMM.dll
0x00007ffb1c9b0000 - 0x00007ffb1c9bb000 	C:\WINDOWS\SYSTEM32\VERSION.dll
0x00007ffb2ccd0000 - 0x00007ffb2cce4000 	C:\WINDOWS\SYSTEM32\UMPDC.dll
0x00007ffb2bc60000 - 0x00007ffb2bc7b000 	C:\WINDOWS\SYSTEM32\kernel.appcore.dll
0x00007ffb15820000 - 0x00007ffb1582a000 	c:\Users\Udisha\.vscode\extensions\redhat.java-1.47.2025101408-win32-x64\jre\21.0.8-win32-x86_64\bin\jimage.dll
0x00007ffb26280000 - 0x00007ffb264c2000 	C:\WINDOWS\SYSTEM32\DBGHELP.DLL
0x00007ffb2f390000 - 0x00007ffb2f70b000 	C:\WINDOWS\System32\combase.dll
0x00007ffb2ef10000 - 0x00007ffb2efe7000 	C:\WINDOWS\System32\OLEAUT32.dll
0x00007ffb14570000 - 0x00007ffb145ac000 	C:\WINDOWS\SYSTEM32\dbgcore.DLL
0x00007ffb2da30000 - 0x00007ffb2dac8000 	C:\WINDOWS\System32\bcryptPrimitives.dll
0x00007ffb11030000 - 0x00007ffb1103f000 	c:\Users\Udisha\.vscode\extensions\redhat.java-1.47.2025101408-win32-x64\jre\21.0.8-win32-x86_64\bin\instrument.dll
0x00007ffaf86b0000 - 0x00007ffaf86cf000 	c:\Users\Udisha\.vscode\extensions\redhat.java-1.47.2025101408-win32-x64\jre\21.0.8-win32-x86_64\bin\java.dll
0x00007ffb2dca0000 - 0x00007ffb2e3ed000 	C:\WINDOWS\System32\SHELL32.dll
0x00007ffb2d8c0000 - 0x00007ffb2da2b000 	C:\WINDOWS\System32\wintypes.dll
0x00007ffb2aab0000 - 0x00007ffb2b30d000 	C:\WINDOWS\SYSTEM32\windows.storage.dll
0x00007ffb2e9f0000 - 0x00007ffb2eae2000 	C:\WINDOWS\System32\SHCORE.dll
0x00007ffb2f2f0000 - 0x00007ffb2f352000 	C:\WINDOWS\System32\shlwapi.dll
0x00007ffb2cdb0000 - 0x00007ffb2cdd9000 	C:\WINDOWS\SYSTEM32\profapi.dll
0x00007ffaf8690000 - 0x00007ffaf86a8000 	c:\Users\Udisha\.vscode\extensions\redhat.java-1.47.2025101408-win32-x64\jre\21.0.8-win32-x86_64\bin\zip.dll
0x00007ffb15610000 - 0x00007ffb15620000 	C:\Users\Udisha\.vscode\extensions\redhat.java-1.47.2025101408-win32-x64\jre\21.0.8-win32-x86_64\bin\net.dll
0x00007ffb260d0000 - 0x00007ffb261ef000 	C:\WINDOWS\SYSTEM32\WINHTTP.dll
0x00007ffb2c1d0000 - 0x00007ffb2c23b000 	C:\WINDOWS\system32\mswsock.dll
0x00007ffaf8670000 - 0x00007ffaf8686000 	C:\Users\Udisha\.vscode\extensions\redhat.java-1.47.2025101408-win32-x64\jre\21.0.8-win32-x86_64\bin\nio.dll
0x00007ffb0cba0000 - 0x00007ffb0cbb0000 	c:\Users\Udisha\.vscode\extensions\redhat.java-1.47.2025101408-win32-x64\jre\21.0.8-win32-x86_64\bin\verify.dll

JVMTI agents:
c:\Users\Udisha\.vscode\extensions\redhat.java-1.47.2025101408-win32-x64\lombok\lombok-1.18.39-4050.jar path:c:\Users\Udisha\.vscode\extensions\redhat.java-1.47.2025101408-win32-x64\jre\21.0.8-win32-x86_64\bin\instrument.dll, loaded, initialized, instrumentlib options:none

dbghelp: loaded successfully - version: 4.0.5 - missing functions: none
symbol engine: initialized successfully - sym options: 0x614 - pdb path: .;c:\Users\Udisha\.vscode\extensions\redhat.java-1.47.2025101408-win32-x64\jre\21.0.8-win32-x86_64\bin;C:\WINDOWS\SYSTEM32;C:\WINDOWS\WinSxS\amd64_microsoft.windows.common-controls_6595b64144ccf1df_6.0.26100.6899_none_3e0efeeae32e88c1;c:\Users\Udisha\.vscode\extensions\redhat.java-1.47.2025101408-win32-x64\jre\21.0.8-win32-x86_64\bin\server

VM Arguments:
jvm_args: --add-modules=ALL-SYSTEM --add-opens=java.base/java.util=ALL-UNNAMED --add-opens=java.base/java.lang=ALL-UNNAMED --add-opens=java.base/sun.nio.fs=ALL-UNNAMED -Declipse.application=org.eclipse.jdt.ls.core.id1 -Dosgi.bundles.defaultStartLevel=4 -Declipse.product=org.eclipse.jdt.ls.core.product -Djava.import.generatesMetadataFilesAtProjectRoot=false -DDetectVMInstallationsJob.disabled=true -Dfile.encoding=utf8 -XX:+UseParallelGC -XX:GCTimeRatio=4 -XX:AdaptiveSizePolicyWeight=90 -Dsun.zip.disableMemoryMapping=true -Xmx2G -Xms100m -Xlog:disable -javaagent:c:\Users\Udisha\.vscode\extensions\redhat.java-1.47.2025101408-win32-x64\lombok\lombok-1.18.39-4050.jar 
java_command: c:\Users\Udisha\.vscode\extensions\redhat.java-1.47.2025101408-win32-x64\server\plugins\org.eclipse.equinox.launcher_1.7.0.v20250519-0528.jar -configuration c:\Users\Udisha\AppData\Roaming\Code\User\globalStorage\redhat.java\1.47.2025101408\config_ss_win -data c:\Users\Udisha\AppData\Roaming\Code\User\workspaceStorage\22bec058931d4f045a43522a32a769cb\redhat.java\ss_ws --pipe=\\.\pipe\lsp-c7d4810ad7ed56ae114c3b5288b9ab0b-sock
java_class_path (initial): c:\Users\Udisha\.vscode\extensions\redhat.java-1.47.2025101408-win32-x64\server\plugins\org.eclipse.equinox.launcher_1.7.0.v20250519-0528.jar
Launcher Type: SUN_STANDARD

[Global flags]
    uintx AdaptiveSizePolicyWeight                 = 90                                        {product} {command line}
     intx CICompilerCount                          = 4                                         {product} {ergonomic}
    uintx GCTimeRatio                              = 4                                         {product} {command line}
   size_t InitialHeapSize                          = 104857600                                 {product} {command line}
   size_t MaxHeapSize                              = 2147483648                                {product} {command line}
   size_t MaxNewSize                               = 715653120                                 {product} {ergonomic}
   size_t MinHeapDeltaBytes                        = 524288                                    {product} {ergonomic}
   size_t MinHeapSize                              = 104857600                                 {product} {command line}
   size_t NewSize                                  = 34603008                                  {product} {ergonomic}
    uintx NonNMethodCodeHeapSize                   = 5839372                                {pd product} {ergonomic}
    uintx NonProfiledCodeHeapSize                  = 122909434                              {pd product} {ergonomic}
   size_t OldSize                                  = 70254592                                  {product} {ergonomic}
    uintx ProfiledCodeHeapSize                     = 122909434                              {pd product} {ergonomic}
    uintx ReservedCodeCacheSize                    = 251658240                              {pd product} {ergonomic}
     bool SegmentedCodeCache                       = true                                      {product} {ergonomic}
   size_t SoftMaxHeapSize                          = 2147483648                             {manageable} {ergonomic}
     bool UseCompressedOops                        = true                           {product lp64_product} {ergonomic}
     bool UseLargePagesIndividualAllocation        = false                                  {pd product} {ergonomic}
     bool UseParallelGC                            = true                                      {product} {command line}

Logging:
Log output configuration:
 #0: stdout all=off uptime,level,tags foldmultilines=false
 #1: stderr all=off uptime,level,tags foldmultilines=false

Environment Variables:
PATH=C:\Program Files\Common Files\Oracle\Java\javapath;C:\Program Files (x86)\Common Files\Intel\Shared Files\cpp\bin\Intel64;C:\WINDOWS\system32;C:\WINDOWS;C:\WINDOWS\System32\Wbem;C:\WINDOWS\System32\WindowsPowerShell\v1.0\;C:\WINDOWS\System32\OpenSSH\;C:\Program Files\dotnet\;C:\Users\Udisha\AppData\Local\Programs\Python\Python310\Scripts\;C:\Users\Udisha\AppData\Local\Programs\Python\Python310\;C:\Program Files\Microsoft SQL Server\150\Tools\Binn\;C:\Program Files\Microsoft SQL Server\Client SDK\ODBC\170\Tools\Binn\;C:\Program Files\Git\cmd;C:\Program Files\nodejs\;C:\Users\Udisha\mongosh-2.3.2-win32-x64\bin;C:\Program Files\Cloudflare\Cloudflare WARP\;C:\Users\Udisha\miniconda3;C:\Users\Udisha\miniconda3\Scripts;C:\Users\Udisha\miniconda3\Library\bin;D:\miktex\miktex\bin\x64;C:\Users\Udisha\AppData\Roaming\npm;C:\Program Files\Java\jdk-21\bin;%LOCALAPPDATA%\Android\Sdk\platform-tools;D:\Downloads2\apache-maven-3.9.9-bin\apache-maven-3.9.9\bin;C:\Program Files\Docker\Docker\resources\bin;C:\Users\Udisha\AppData\Local\Programs\Python\Python310\Scripts\;C:\Users\Udisha\AppData\Local\Programs\Python\Python310\;C:\Users\Udisha\AppData\Local\Programs\Python\Python313\Scripts\;C:\Users\Udisha\AppData\Local\Programs\Python\Python313\;C:\Users\Udisha\miniconda3\condabin;C:\app\Udisha\product\21c\dbhomeXE\bin;C:\Program Files\Common Files\Oracle\Java\javapath;C:\Program Files (x86)\Common Files\Intel\Shared Files\cpp\bin\Intel64;C:\WINDOWS\system32;C:\WINDOWS;C:\WINDOWS\System32\Wbem;C:\WINDOWS\System32\WindowsPowerShell\v1.0\;C:\WINDOWS\System32\OpenSSH\;C:\Program Files\dotnet\;C:\Users\Udisha\AppData\Local\Programs\Python\Python312;C:\Users\Udisha\AppData\Local\Programs\Python\Python312\Scripts\;C:\Program Files\Microsoft SQL Server\150\Tools\Binn\;C:\Program Files\Microsoft SQL Server\Client SDK\ODBC\170\Tools\Binn\;C:\Program Files\Git\cmd;C:\Program Files\nodejs\;C:\Users\Udisha\mongosh-2.3.2-win32-x64\bin;C:\Program Files\Cloudflare\Cloudflare WARP\;C:\Users\Udisha\miniconda3;C:\Users\Udisha\miniconda3\Scripts;C:\Users\Udisha\miniconda3\Library\bin;D:\miktex\miktex\bin\x64;C:\Users\Udisha\AppData\Roaming\npm;C:\Program Files\Java\jdk-21\bin;C:\Users\Udisha\AppData\Local\Android\Sdk\platform-tools;d:\Trae\bin;C:\Users\Udisha\miniconda;C:\Users\Udisha\AppData\Local\Programs\Microsoft VS Code\bin;C:\Users\Udisha\.dotnet\tools;D:\cursor\resources\app\bin;C:\Users\Udisha\AppData\Local\Microsoft\WindowsApps;
USERNAME=Udisha
OS=Windows_NT
PROCESSOR_IDENTIFIER=Intel64 Family 6 Model 140 Stepping 1, GenuineIntel
TMP=C:\Users\Udisha\AppData\Local\Temp
TEMP=C:\Users\Udisha\AppData\Local\Temp




Periodic native trim disabled

---------------  S Y S T E M  ---------------

OS:
 Windows 11 , 64 bit Build 26100 (10.0.26100.6725)
OS uptime: 0 days 0:04 hours
Hyper-V role detected

CPU: total 8 (initial active 8) (4 cores per cpu, 2 threads per core) family 6 model 140 stepping 1 microcode 0x9a, cx8, cmov, fxsr, ht, mmx, 3dnowpref, sse, sse2, sse3, ssse3, sse4.1, sse4.2, popcnt, lzcnt, tsc, tscinvbit, avx, avx2, aes, erms, clmul, bmi1, bmi2, adx, avx512f, avx512dq, avx512cd, avx512bw, avx512vl, sha, fma, vzeroupper, avx512_vpopcntdq, avx512_vpclmulqdq, avx512_vaes, avx512_vnni, clflush, clflushopt, clwb, avx512_vbmi2, avx512_vbmi, hv, rdtscp, rdpid, fsrm, gfni, avx512_bitalg, f16c, cet_ibt, cet_ss, avx512_ifma
Processor Information for the first 8 processors :
  Max Mhz: 2419, Current Mhz: 2419, Mhz Limit: 2419

Memory: 4k page, system-wide physical 7991M (734M free)
TotalPageFile size 11779M (AvailPageFile size 9M)
current process WorkingSet (physical memory assigned to process): 94M, peak: 94M
current process commit charge ("private bytes"): 241M, peak: 242M

vm_info: OpenJDK 64-Bit Server VM (21.0.8+9-LTS) for windows-amd64 JRE (21.0.8+9-LTS), built on 2025-07-15T00:00:00Z by "admin" with MS VC++ 17.7 (VS2022)

END.
